2019-01-03 06:56:37.017 INFO [main] StartupInfoLogger.java #logStarting():50 --- Starting MmallApp on DESKTOP-J5BAIP9 with PID 14576 (C:\Users\zzd16\Desktop\mmall_20181121\target\classes started by Zhengde.ZHOU in C:\Users\zzd16\Desktop\mmall_20181121)
2019-01-03 06:56:37.029 INFO [main] SpringApplication.java #logStartupProfileInfo():656 --- The following profiles are active: local
2019-01-03 06:56:37.087 INFO [main] AbstractApplicationContext.java #prepareRefresh():589 --- Refreshing org.springframework.boot.web.servlet.context.AnnotationConfigServletWebServerApplicationContext@6ff65192: startup date [Thu Jan 03 06:56:37 CST 2019]; root of context hierarchy
2019-01-03 06:56:38.768 INFO [main] PostProcessorRegistrationDelegate$BeanPostProcessorChecker.java #postProcessAfterInitialization():328 --- Bean 'org.springframework.transaction.annotation.ProxyTransactionManagementConfiguration' of type [org.springframework.transaction.annotation.ProxyTransactionManagementConfiguration$$EnhancerBySpringCGLIB$$4c30298c] is not eligible for getting processed by all BeanPostProcessors (for example: not eligible for auto-proxying)
2019-01-03 06:56:39.196 INFO [main] TomcatWebServer.java #initialize():91 --- Tomcat initialized with port(s): 8080 (http)
2019-01-03 06:56:39.211 INFO [main] DirectJDKLog.java #log():180 --- Initializing ProtocolHandler ["http-nio-8080"]
2019-01-03 06:56:39.223 INFO [main] DirectJDKLog.java #log():180 --- Starting service [Tomcat]
2019-01-03 06:56:39.223 INFO [main] DirectJDKLog.java #log():180 --- Starting Servlet Engine: Apache Tomcat/8.5.28
2019-01-03 06:56:39.229 INFO [localhost-startStop-1] DirectJDKLog.java #log():180 --- The APR based Apache Tomcat Native library which allows optimal performance in production environments was not found on the java.library.path: [C:\Software\Java\jdk1.8.0_151\bin;C:\WINDOWS\Sun\Java\bin;C:\WINDOWS\system32;C:\WINDOWS;C:\Program Files\Docker\Docker\Resources\bin;C:\Program Files (x86)\Common Files\Oracle\Java\javapath;C:\Program Files (x86)\Intel\iCLS Client\;C:\ProgramData\Oracle\Java\javapath;C:\Program Files\Intel\iCLS Client\;C:\Windows\system32;C:\Windows;C:\Windows\System32\Wbem;C:\Windows\System32\WindowsPowerShell\v1.0\;C:\Program Files (x86)\NVIDIA Corporation\PhysX\Common;C:\Software\Git\cmd;C:\Program Files\MySQL\MySQL Utilities 1.6\;"C:\Software\Java\jdk1.8.0_151\bin;";C:\Software\unzip\apache-maven-3.3.9\bin;C:\WINDOWS\system32;C:\WINDOWS;C:\WINDOWS\System32\Wbem;C:\WINDOWS\System32\WindowsPowerShell\v1.0\;C:\Program Files (x86)\Intel\Intel(R) Management Engine Components\DAL;C:\Program Files\Intel\Intel(R) Management Engine Components\DAL;C:\Program Files (x86)\Intel\Intel(R) Management Engine Components\IPT;C:\Program Files\Intel\Intel(R) Management Engine Components\IPT;C:\WINDOWS\System32\OpenSSH\;C:\Program Files\Intel\WiFi\bin\;C:\Program Files\Common Files\Intel\WirelessCommon\;C:\Software\nodejs\;C:\Software\nodejs\;C:\Software\PuTTY\;C:\Users\zzd16\AppData\Local\Microsoft\WindowsApps;C:\Users\zzd16\AppData\Roaming\npm;C:\Users\zzd16\AppData\Local\GitHubDesktop\bin;.]
2019-01-03 06:56:39.405 INFO [localhost-startStop-1] DirectJDKLog.java #log():180 --- Initializing Spring embedded WebApplicationContext
2019-01-03 06:56:39.405 INFO [localhost-startStop-1] ServletWebServerApplicationContext.java #prepareWebApplicationContext():285 --- Root WebApplicationContext: initialization completed in 2322 ms
2019-01-03 06:56:39.612 INFO [localhost-startStop-1] ServletRegistrationBean.java #addRegistration():185 --- Servlet dispatcherServlet mapped to [/]
2019-01-03 06:56:39.619 INFO [localhost-startStop-1] AbstractFilterRegistrationBean.java #configure():243 --- Mapping filter: 'characterEncodingFilter' to: [/*]
2019-01-03 06:56:39.619 INFO [localhost-startStop-1] AbstractFilterRegistrationBean.java #configure():243 --- Mapping filter: 'hiddenHttpMethodFilter' to: [/*]
2019-01-03 06:56:39.619 INFO [localhost-startStop-1] AbstractFilterRegistrationBean.java #configure():243 --- Mapping filter: 'httpPutFormContentFilter' to: [/*]
2019-01-03 06:56:39.620 INFO [localhost-startStop-1] AbstractFilterRegistrationBean.java #configure():243 --- Mapping filter: 'requestContextFilter' to: [/*]
2019-01-03 06:56:39.827 INFO [main] HikariDataSource.java #getConnection():110 --- HikariPool-1 - Starting...
2019-01-03 06:56:40.166 INFO [main] HikariDataSource.java #getConnection():123 --- HikariPool-1 - Start completed.
2019-01-03 06:56:40.262 INFO [main] LocalContainerEntityManagerFactoryBean.java #createNativeEntityManagerFactory():361 --- Building JPA container EntityManagerFactory for persistence unit 'default'
2019-01-03 06:56:40.285 INFO [main] LogHelper.java #logPersistenceUnitInformation():31 --- HHH000204: Processing PersistenceUnitInfo [
	name: default
	...]
2019-01-03 06:56:40.444 INFO [main] Version.java #logVersion():45 --- HHH000412: Hibernate Core {5.2.14.Final}
2019-01-03 06:56:40.447 INFO [main] Environment.java #<clinit>():213 --- HHH000206: hibernate.properties not found
2019-01-03 06:56:40.551 INFO [main] JavaReflectionManager.java #<clinit>():66 --- HCANN000001: Hibernate Commons Annotations {5.0.1.Final}
2019-01-03 06:56:40.803 INFO [main] Dialect.java #<init>():157 --- HHH000400: Using dialect: org.hibernate.dialect.MySQL5Dialect
2019-01-03 06:56:41.517 INFO [main] AbstractEntityManagerFactoryBean.java #buildNativeEntityManagerFactory():394 --- Initialized JPA EntityManagerFactory for persistence unit 'default'
2019-01-03 06:56:42.068 INFO [main] QueryTranslatorFactoryInitiator.java #initiateService():47 --- HHH000397: Using ASTQueryTranslatorFactory
2019-01-03 06:56:42.745 INFO [main] RequestMappingHandlerAdapter.java #initControllerAdviceCache():567 --- Looking for @ControllerAdvice: org.springframework.boot.web.servlet.context.AnnotationConfigServletWebServerApplicationContext@6ff65192: startup date [Thu Jan 03 06:56:37 CST 2019]; root of context hierarchy
2019-01-03 06:56:42.802 WARN [main] JpaBaseConfiguration$JpaWebConfiguration$JpaWebMvcConfiguration.java #openEntityManagerInViewInterceptor():235 --- spring.jpa.open-in-view is enabled by default. Therefore, database queries may be performed during view rendering. Explicitly configure spring.jpa.open-in-view to disable this warning
2019-01-03 06:56:42.859 INFO [main] AbstractHandlerMethodMapping$MappingRegistry.java #register():548 --- Mapped "{[/category/update],methods=[GET]}" onto public jack.project.mmall.common.ServerResponse<jack.project.mmall.entity.Category> jack.project.mmall.controller.backend.CategoryAdminController.updateCategoryName(javax.servlet.http.HttpSession,java.lang.String,java.lang.String)
2019-01-03 06:56:42.860 INFO [main] AbstractHandlerMethodMapping$MappingRegistry.java #register():548 --- Mapped "{[/category/add],methods=[GET]}" onto public jack.project.mmall.common.ServerResponse<jack.project.mmall.entity.Category> jack.project.mmall.controller.backend.CategoryAdminController.addCategory(java.lang.String,int,javax.servlet.http.HttpSession)
2019-01-03 06:56:42.864 INFO [main] AbstractHandlerMethodMapping$MappingRegistry.java #register():548 --- Mapped "{[/user/register],methods=[POST],consumes=[application/json],produces=[application/json]}" onto public jack.project.mmall.common.ServerResponse<java.lang.Integer> jack.project.mmall.controller.portal.UserController.register(jack.project.mmall.entity.User)
2019-01-03 06:56:42.865 INFO [main] AbstractHandlerMethodMapping$MappingRegistry.java #register():548 --- Mapped "{[/user/getUserInfo],methods=[GET],consumes=[application/json],produces=[application/json]}" onto public jack.project.mmall.common.ServerResponse<jack.project.mmall.entity.User> jack.project.mmall.controller.portal.UserController.getUserInfo(javax.servlet.http.HttpSession)
2019-01-03 06:56:42.865 INFO [main] AbstractHandlerMethodMapping$MappingRegistry.java #register():548 --- Mapped "{[/user/forgetPassword/reset],methods=[POST],consumes=[application/json],produces=[application/json]}" onto public jack.project.mmall.common.ServerResponse<java.lang.String> jack.project.mmall.controller.portal.UserController.resetPasswordForget(java.util.Map<java.lang.String, java.lang.String>)
2019-01-03 06:56:42.866 INFO [main] AbstractHandlerMethodMapping$MappingRegistry.java #register():548 --- Mapped "{[/user/logout],methods=[GET],consumes=[application/json],produces=[application/json]}" onto public jack.project.mmall.common.ServerResponse<java.lang.String> jack.project.mmall.controller.portal.UserController.logout(javax.servlet.http.HttpServletRequest)
2019-01-03 06:56:42.866 INFO [main] AbstractHandlerMethodMapping$MappingRegistry.java #register():548 --- Mapped "{[/user/getUserDetails],methods=[GET],consumes=[application/json],produces=[application/json]}" onto public jack.project.mmall.common.ServerResponse<jack.project.mmall.entity.User> jack.project.mmall.controller.portal.UserController.getUserDetails(javax.servlet.http.HttpSession)
2019-01-03 06:56:42.866 INFO [main] AbstractHandlerMethodMapping$MappingRegistry.java #register():548 --- Mapped "{[/user/resetPassword],methods=[POST],consumes=[application/json],produces=[application/json]}" onto public jack.project.mmall.common.ServerResponse<java.lang.String> jack.project.mmall.controller.portal.UserController.resetPassword(javax.servlet.http.HttpSession,java.util.Map<java.lang.String, java.lang.String>)
2019-01-03 06:56:42.866 INFO [main] AbstractHandlerMethodMapping$MappingRegistry.java #register():548 --- Mapped "{[/user/forgetPassword/answer],methods=[POST],consumes=[application/json],produces=[application/json]}" onto public jack.project.mmall.common.ServerResponse<java.lang.String> jack.project.mmall.controller.portal.UserController.checkAnswer(java.util.Map<java.lang.String, java.lang.String>)
2019-01-03 06:56:42.866 INFO [main] AbstractHandlerMethodMapping$MappingRegistry.java #register():548 --- Mapped "{[/user/isValid],methods=[POST],consumes=[application/json],produces=[application/json]}" onto public jack.project.mmall.common.ServerResponse<java.lang.Boolean> jack.project.mmall.controller.portal.UserController.checkValid(java.util.Map<java.lang.String, java.lang.String>)
2019-01-03 06:56:42.867 INFO [main] AbstractHandlerMethodMapping$MappingRegistry.java #register():548 --- Mapped "{[/user/updateUser],methods=[POST],consumes=[application/json],produces=[application/json]}" onto public jack.project.mmall.common.ServerResponse<jack.project.mmall.entity.User> jack.project.mmall.controller.portal.UserController.updateUser(javax.servlet.http.HttpSession,jack.project.mmall.entity.User)
2019-01-03 06:56:42.867 INFO [main] AbstractHandlerMethodMapping$MappingRegistry.java #register():548 --- Mapped "{[/user/forgetPassword/question],methods=[POST],consumes=[application/json],produces=[application/json]}" onto public jack.project.mmall.common.ServerResponse<java.lang.String> jack.project.mmall.controller.portal.UserController.getQuestion(java.util.Map<java.lang.String, java.lang.String>)
2019-01-03 06:56:42.877 INFO [main] AbstractHandlerMethodMapping$MappingRegistry.java #register():548 --- Mapped "{[/user/login],methods=[POST],consumes=[application/json],produces=[application/json]}" onto public jack.project.mmall.common.ServerResponse<jack.project.mmall.entity.User> jack.project.mmall.controller.portal.UserController.login(java.util.Map<java.lang.String, java.lang.String>,javax.servlet.http.HttpSession)
2019-01-03 06:56:42.883 INFO [main] AbstractHandlerMethodMapping$MappingRegistry.java #register():548 --- Mapped "{[/error]}" onto public org.springframework.http.ResponseEntity<java.util.Map<java.lang.String, java.lang.Object>> org.springframework.boot.autoconfigure.web.servlet.error.BasicErrorController.error(javax.servlet.http.HttpServletRequest)
2019-01-03 06:56:42.884 INFO [main] AbstractHandlerMethodMapping$MappingRegistry.java #register():548 --- Mapped "{[/error],produces=[text/html]}" onto public org.springframework.web.servlet.ModelAndView org.springframework.boot.autoconfigure.web.servlet.error.BasicErrorController.errorHtml(javax.servlet.http.HttpServletRequest,javax.servlet.http.HttpServletResponse)
2019-01-03 06:56:42.944 INFO [main] AbstractUrlHandlerMapping.java #registerHandler():373 --- Mapped URL path [/webjars/**] onto handler of type [class org.springframework.web.servlet.resource.ResourceHttpRequestHandler]
2019-01-03 06:56:42.954 INFO [main] AbstractUrlHandlerMapping.java #registerHandler():373 --- Mapped URL path [/**] onto handler of type [class org.springframework.web.servlet.resource.ResourceHttpRequestHandler]
2019-01-03 06:56:43.028 INFO [main] AbstractUrlHandlerMapping.java #registerHandler():373 --- Mapped URL path [/**/favicon.ico] onto handler of type [class org.springframework.web.servlet.resource.ResourceHttpRequestHandler]
2019-01-03 06:56:43.436 INFO [main] MBeanExporter.java #afterSingletonsInstantiated():434 --- Registering beans for JMX exposure on startup
2019-01-03 06:56:43.447 INFO [main] MBeanExporter.java #autodetect():896 --- Bean with name 'dataSource' has been autodetected for JMX exposure
2019-01-03 06:56:43.453 INFO [main] MBeanExporter.java #registerBeanInstance():669 --- Located MBean 'dataSource': registering with JMX server as MBean [com.zaxxer.hikari:name=dataSource,type=HikariDataSource]
2019-01-03 06:56:43.461 INFO [main] DirectJDKLog.java #log():180 --- Starting ProtocolHandler ["http-nio-8080"]
2019-01-03 06:56:43.478 INFO [main] DirectJDKLog.java #log():180 --- Using a shared selector for servlet write/read
2019-01-03 06:56:43.504 INFO [main] TomcatWebServer.java #start():205 --- Tomcat started on port(s): 8080 (http) with context path ''
2019-01-03 06:56:43.507 INFO [main] StartupInfoLogger.java #logStarted():59 --- Started MmallApp in 7.058 seconds (JVM running for 10.507)
2019-01-03 07:02:25.486 INFO [http-nio-8080-exec-1] DirectJDKLog.java #log():180 --- Initializing Spring FrameworkServlet 'dispatcherServlet'
2019-01-03 07:02:25.487 INFO [http-nio-8080-exec-1] FrameworkServlet.java #initServletBean():494 --- FrameworkServlet 'dispatcherServlet': initialization started
2019-01-03 07:02:25.546 INFO [http-nio-8080-exec-1] FrameworkServlet.java #initServletBean():513 --- FrameworkServlet 'dispatcherServlet': initialization completed in 59 ms
2019-01-03 07:02:25.650 ERROR [http-nio-8080-exec-1] DirectJDKLog.java #log():182 --- Servlet.service() for servlet [dispatcherServlet] in context with path [] threw exception [Request processing failed; nested exception is java.lang.IllegalStateException: Optional int parameter 'parentId' is present but cannot be translated into a null value due to being declared as a primitive type. Consider declaring it as object wrapper for the corresponding primitive type.] with root cause
java.lang.IllegalStateException: Optional int parameter 'parentId' is present but cannot be translated into a null value due to being declared as a primitive type. Consider declaring it as object wrapper for the corresponding primitive type.
	at org.springframework.web.method.annotation.AbstractNamedValueMethodArgumentResolver.handleNullValue(AbstractNamedValueMethodArgumentResolver.java:244) ~[spring-web-5.0.4.RELEASE.jar:5.0.4.RELEASE]
	at org.springframework.web.method.annotation.AbstractNamedValueMethodArgumentResolver.resolveArgument(AbstractNamedValueMethodArgumentResolver.java:114) ~[spring-web-5.0.4.RELEASE.jar:5.0.4.RELEASE]
	at org.springframework.web.method.support.HandlerMethodArgumentResolverComposite.resolveArgument(HandlerMethodArgumentResolverComposite.java:124) ~[spring-web-5.0.4.RELEASE.jar:5.0.4.RELEASE]
	at org.springframework.web.method.support.InvocableHandlerMethod.getMethodArgumentValues(InvocableHandlerMethod.java:161) ~[spring-web-5.0.4.RELEASE.jar:5.0.4.RELEASE]
	at org.springframework.web.method.support.InvocableHandlerMethod.invokeForRequest(InvocableHandlerMethod.java:131) ~[spring-web-5.0.4.RELEASE.jar:5.0.4.RELEASE]
	at org.springframework.web.servlet.mvc.method.annotation.ServletInvocableHandlerMethod.invokeAndHandle(ServletInvocableHandlerMethod.java:102) ~[spring-webmvc-5.0.4.RELEASE.jar:5.0.4.RELEASE]
	at org.springframework.web.servlet.mvc.method.annotation.RequestMappingHandlerAdapter.invokeHandlerMethod(RequestMappingHandlerAdapter.java:870) ~[spring-webmvc-5.0.4.RELEASE.jar:5.0.4.RELEASE]
	at org.springframework.web.servlet.mvc.method.annotation.RequestMappingHandlerAdapter.handleInternal(RequestMappingHandlerAdapter.java:776) ~[spring-webmvc-5.0.4.RELEASE.jar:5.0.4.RELEASE]
	at org.springframework.web.servlet.mvc.method.AbstractHandlerMethodAdapter.handle(AbstractHandlerMethodAdapter.java:87) ~[spring-webmvc-5.0.4.RELEASE.jar:5.0.4.RELEASE]
	at org.springframework.web.servlet.DispatcherServlet.doDispatch(DispatcherServlet.java:991) ~[spring-webmvc-5.0.4.RELEASE.jar:5.0.4.RELEASE]
	at org.springframework.web.servlet.DispatcherServlet.doService(DispatcherServlet.java:925) ~[spring-webmvc-5.0.4.RELEASE.jar:5.0.4.RELEASE]
	at org.springframework.web.servlet.FrameworkServlet.processRequest(FrameworkServlet.java:978) ~[spring-webmvc-5.0.4.RELEASE.jar:5.0.4.RELEASE]
	at org.springframework.web.servlet.FrameworkServlet.doGet(FrameworkServlet.java:870) ~[spring-webmvc-5.0.4.RELEASE.jar:5.0.4.RELEASE]
	at javax.servlet.http.HttpServlet.service(HttpServlet.java:635) ~[tomcat-embed-core-8.5.28.jar:8.5.28]
	at org.springframework.web.servlet.FrameworkServlet.service(FrameworkServlet.java:855) ~[spring-webmvc-5.0.4.RELEASE.jar:5.0.4.RELEASE]
	at javax.servlet.http.HttpServlet.service(HttpServlet.java:742) ~[tomcat-embed-core-8.5.28.jar:8.5.28]
	at org.apache.catalina.core.ApplicationFilterChain.internalDoFilter(ApplicationFilterChain.java:231) ~[tomcat-embed-core-8.5.28.jar:8.5.28]
	at org.apache.catalina.core.ApplicationFilterChain.doFilter(ApplicationFilterChain.java:166) ~[tomcat-embed-core-8.5.28.jar:8.5.28]
	at org.apache.tomcat.websocket.server.WsFilter.doFilter(WsFilter.java:52) ~[tomcat-embed-websocket-8.5.28.jar:8.5.28]
	at org.apache.catalina.core.ApplicationFilterChain.internalDoFilter(ApplicationFilterChain.java:193) ~[tomcat-embed-core-8.5.28.jar:8.5.28]
	at org.apache.catalina.core.ApplicationFilterChain.doFilter(ApplicationFilterChain.java:166) ~[tomcat-embed-core-8.5.28.jar:8.5.28]
	at org.springframework.web.filter.RequestContextFilter.doFilterInternal(RequestContextFilter.java:99) ~[spring-web-5.0.4.RELEASE.jar:5.0.4.RELEASE]
	at org.springframework.web.filter.OncePerRequestFilter.doFilter(OncePerRequestFilter.java:107) ~[spring-web-5.0.4.RELEASE.jar:5.0.4.RELEASE]
	at org.apache.catalina.core.ApplicationFilterChain.internalDoFilter(ApplicationFilterChain.java:193) ~[tomcat-embed-core-8.5.28.jar:8.5.28]
	at org.apache.catalina.core.ApplicationFilterChain.doFilter(ApplicationFilterChain.java:166) ~[tomcat-embed-core-8.5.28.jar:8.5.28]
	at org.springframework.web.filter.HttpPutFormContentFilter.doFilterInternal(HttpPutFormContentFilter.java:109) ~[spring-web-5.0.4.RELEASE.jar:5.0.4.RELEASE]
	at org.springframework.web.filter.OncePerRequestFilter.doFilter(OncePerRequestFilter.java:107) ~[spring-web-5.0.4.RELEASE.jar:5.0.4.RELEASE]
	at org.apache.catalina.core.ApplicationFilterChain.internalDoFilter(ApplicationFilterChain.java:193) ~[tomcat-embed-core-8.5.28.jar:8.5.28]
	at org.apache.catalina.core.ApplicationFilterChain.doFilter(ApplicationFilterChain.java:166) ~[tomcat-embed-core-8.5.28.jar:8.5.28]
	at org.springframework.web.filter.HiddenHttpMethodFilter.doFilterInternal(HiddenHttpMethodFilter.java:81) ~[spring-web-5.0.4.RELEASE.jar:5.0.4.RELEASE]
	at org.springframework.web.filter.OncePerRequestFilter.doFilter(OncePerRequestFilter.java:107) ~[spring-web-5.0.4.RELEASE.jar:5.0.4.RELEASE]
	at org.apache.catalina.core.ApplicationFilterChain.internalDoFilter(ApplicationFilterChain.java:193) ~[tomcat-embed-core-8.5.28.jar:8.5.28]
	at org.apache.catalina.core.ApplicationFilterChain.doFilter(ApplicationFilterChain.java:166) ~[tomcat-embed-core-8.5.28.jar:8.5.28]
	at org.springframework.web.filter.CharacterEncodingFilter.doFilterInternal(CharacterEncodingFilter.java:200) ~[spring-web-5.0.4.RELEASE.jar:5.0.4.RELEASE]
	at org.springframework.web.filter.OncePerRequestFilter.doFilter(OncePerRequestFilter.java:107) ~[spring-web-5.0.4.RELEASE.jar:5.0.4.RELEASE]
	at org.apache.catalina.core.ApplicationFilterChain.internalDoFilter(ApplicationFilterChain.java:193) ~[tomcat-embed-core-8.5.28.jar:8.5.28]
	at org.apache.catalina.core.ApplicationFilterChain.doFilter(ApplicationFilterChain.java:166) ~[tomcat-embed-core-8.5.28.jar:8.5.28]
	at org.apache.catalina.core.StandardWrapperValve.invoke(StandardWrapperValve.java:199) [tomcat-embed-core-8.5.28.jar:8.5.28]
	at org.apache.catalina.core.StandardContextValve.invoke(StandardContextValve.java:96) [tomcat-embed-core-8.5.28.jar:8.5.28]
	at org.apache.catalina.authenticator.AuthenticatorBase.invoke(AuthenticatorBase.java:496) [tomcat-embed-core-8.5.28.jar:8.5.28]
	at org.apache.catalina.core.StandardHostValve.invoke(StandardHostValve.java:140) [tomcat-embed-core-8.5.28.jar:8.5.28]
	at org.apache.catalina.valves.ErrorReportValve.invoke(ErrorReportValve.java:81) [tomcat-embed-core-8.5.28.jar:8.5.28]
	at org.apache.catalina.core.StandardEngineValve.invoke(StandardEngineValve.java:87) [tomcat-embed-core-8.5.28.jar:8.5.28]
	at org.apache.catalina.connector.CoyoteAdapter.service(CoyoteAdapter.java:342) [tomcat-embed-core-8.5.28.jar:8.5.28]
	at org.apache.coyote.http11.Http11Processor.service(Http11Processor.java:803) [tomcat-embed-core-8.5.28.jar:8.5.28]
	at org.apache.coyote.AbstractProcessorLight.process(AbstractProcessorLight.java:66) [tomcat-embed-core-8.5.28.jar:8.5.28]
	at org.apache.coyote.AbstractProtocol$ConnectionHandler.process(AbstractProtocol.java:790) [tomcat-embed-core-8.5.28.jar:8.5.28]
	at org.apache.tomcat.util.net.NioEndpoint$SocketProcessor.doRun(NioEndpoint.java:1459) [tomcat-embed-core-8.5.28.jar:8.5.28]
	at org.apache.tomcat.util.net.SocketProcessorBase.run(SocketProcessorBase.java:49) [tomcat-embed-core-8.5.28.jar:8.5.28]
	at java.util.concurrent.ThreadPoolExecutor.runWorker(ThreadPoolExecutor.java:1149) [?:1.8.0_151]
	at java.util.concurrent.ThreadPoolExecutor$Worker.run(ThreadPoolExecutor.java:624) [?:1.8.0_151]
	at org.apache.tomcat.util.threads.TaskThread$WrappingRunnable.run(TaskThread.java:61) [tomcat-embed-core-8.5.28.jar:8.5.28]
	at java.lang.Thread.run(Thread.java:748) [?:1.8.0_151]
2019-01-03 07:06:46.987 INFO [main] StartupInfoLogger.java #logStarting():50 --- Starting MmallApp on DESKTOP-J5BAIP9 with PID 9296 (C:\Users\zzd16\Desktop\mmall_20181121\target\classes started by Zhengde.ZHOU in C:\Users\zzd16\Desktop\mmall_20181121)
2019-01-03 07:06:47.010 INFO [main] SpringApplication.java #logStartupProfileInfo():656 --- The following profiles are active: local
2019-01-03 07:06:47.125 INFO [main] AbstractApplicationContext.java #prepareRefresh():589 --- Refreshing org.springframework.boot.web.servlet.context.AnnotationConfigServletWebServerApplicationContext@2f17e30d: startup date [Thu Jan 03 07:06:47 CST 2019]; root of context hierarchy
2019-01-03 07:06:48.797 INFO [main] PostProcessorRegistrationDelegate$BeanPostProcessorChecker.java #postProcessAfterInitialization():328 --- Bean 'org.springframework.transaction.annotation.ProxyTransactionManagementConfiguration' of type [org.springframework.transaction.annotation.ProxyTransactionManagementConfiguration$$EnhancerBySpringCGLIB$$a03595f3] is not eligible for getting processed by all BeanPostProcessors (for example: not eligible for auto-proxying)
2019-01-03 07:06:49.185 INFO [main] TomcatWebServer.java #initialize():91 --- Tomcat initialized with port(s): 8080 (http)
2019-01-03 07:06:49.197 INFO [main] DirectJDKLog.java #log():180 --- Initializing ProtocolHandler ["http-nio-8080"]
2019-01-03 07:06:49.208 INFO [main] DirectJDKLog.java #log():180 --- Starting service [Tomcat]
2019-01-03 07:06:49.209 INFO [main] DirectJDKLog.java #log():180 --- Starting Servlet Engine: Apache Tomcat/8.5.28
2019-01-03 07:06:49.215 INFO [localhost-startStop-1] DirectJDKLog.java #log():180 --- The APR based Apache Tomcat Native library which allows optimal performance in production environments was not found on the java.library.path: [C:\Software\Java\jdk1.8.0_151\bin;C:\WINDOWS\Sun\Java\bin;C:\WINDOWS\system32;C:\WINDOWS;C:\Program Files\Docker\Docker\Resources\bin;C:\Program Files (x86)\Common Files\Oracle\Java\javapath;C:\Program Files (x86)\Intel\iCLS Client\;C:\ProgramData\Oracle\Java\javapath;C:\Program Files\Intel\iCLS Client\;C:\Windows\system32;C:\Windows;C:\Windows\System32\Wbem;C:\Windows\System32\WindowsPowerShell\v1.0\;C:\Program Files (x86)\NVIDIA Corporation\PhysX\Common;C:\Software\Git\cmd;C:\Program Files\MySQL\MySQL Utilities 1.6\;"C:\Software\Java\jdk1.8.0_151\bin;";C:\Software\unzip\apache-maven-3.3.9\bin;C:\WINDOWS\system32;C:\WINDOWS;C:\WINDOWS\System32\Wbem;C:\WINDOWS\System32\WindowsPowerShell\v1.0\;C:\Program Files (x86)\Intel\Intel(R) Management Engine Components\DAL;C:\Program Files\Intel\Intel(R) Management Engine Components\DAL;C:\Program Files (x86)\Intel\Intel(R) Management Engine Components\IPT;C:\Program Files\Intel\Intel(R) Management Engine Components\IPT;C:\WINDOWS\System32\OpenSSH\;C:\Program Files\Intel\WiFi\bin\;C:\Program Files\Common Files\Intel\WirelessCommon\;C:\Software\nodejs\;C:\Software\nodejs\;C:\Software\PuTTY\;C:\Users\zzd16\AppData\Local\Microsoft\WindowsApps;C:\Users\zzd16\AppData\Roaming\npm;C:\Users\zzd16\AppData\Local\GitHubDesktop\bin;.]
2019-01-03 07:06:49.443 INFO [localhost-startStop-1] DirectJDKLog.java #log():180 --- Initializing Spring embedded WebApplicationContext
2019-01-03 07:06:49.443 INFO [localhost-startStop-1] ServletWebServerApplicationContext.java #prepareWebApplicationContext():285 --- Root WebApplicationContext: initialization completed in 2325 ms
2019-01-03 07:06:49.625 INFO [localhost-startStop-1] ServletRegistrationBean.java #addRegistration():185 --- Servlet dispatcherServlet mapped to [/]
2019-01-03 07:06:49.634 INFO [localhost-startStop-1] AbstractFilterRegistrationBean.java #configure():243 --- Mapping filter: 'characterEncodingFilter' to: [/*]
2019-01-03 07:06:49.634 INFO [localhost-startStop-1] AbstractFilterRegistrationBean.java #configure():243 --- Mapping filter: 'hiddenHttpMethodFilter' to: [/*]
2019-01-03 07:06:49.634 INFO [localhost-startStop-1] AbstractFilterRegistrationBean.java #configure():243 --- Mapping filter: 'httpPutFormContentFilter' to: [/*]
2019-01-03 07:06:49.635 INFO [localhost-startStop-1] AbstractFilterRegistrationBean.java #configure():243 --- Mapping filter: 'requestContextFilter' to: [/*]
2019-01-03 07:06:49.848 INFO [main] HikariDataSource.java #getConnection():110 --- HikariPool-1 - Starting...
2019-01-03 07:06:50.095 INFO [main] HikariDataSource.java #getConnection():123 --- HikariPool-1 - Start completed.
2019-01-03 07:06:50.167 INFO [main] LocalContainerEntityManagerFactoryBean.java #createNativeEntityManagerFactory():361 --- Building JPA container EntityManagerFactory for persistence unit 'default'
2019-01-03 07:06:50.180 INFO [main] LogHelper.java #logPersistenceUnitInformation():31 --- HHH000204: Processing PersistenceUnitInfo [
	name: default
	...]
2019-01-03 07:06:50.288 INFO [main] Version.java #logVersion():45 --- HHH000412: Hibernate Core {5.2.14.Final}
2019-01-03 07:06:50.291 INFO [main] Environment.java #<clinit>():213 --- HHH000206: hibernate.properties not found
2019-01-03 07:06:50.371 INFO [main] JavaReflectionManager.java #<clinit>():66 --- HCANN000001: Hibernate Commons Annotations {5.0.1.Final}
2019-01-03 07:06:50.604 INFO [main] Dialect.java #<init>():157 --- HHH000400: Using dialect: org.hibernate.dialect.MySQL5Dialect
2019-01-03 07:06:51.862 INFO [main] AbstractEntityManagerFactoryBean.java #buildNativeEntityManagerFactory():394 --- Initialized JPA EntityManagerFactory for persistence unit 'default'
2019-01-03 07:06:52.316 INFO [main] QueryTranslatorFactoryInitiator.java #initiateService():47 --- HHH000397: Using ASTQueryTranslatorFactory
2019-01-03 07:06:53.009 INFO [main] RequestMappingHandlerAdapter.java #initControllerAdviceCache():567 --- Looking for @ControllerAdvice: org.springframework.boot.web.servlet.context.AnnotationConfigServletWebServerApplicationContext@2f17e30d: startup date [Thu Jan 03 07:06:47 CST 2019]; root of context hierarchy
2019-01-03 07:06:53.096 WARN [main] JpaBaseConfiguration$JpaWebConfiguration$JpaWebMvcConfiguration.java #openEntityManagerInViewInterceptor():235 --- spring.jpa.open-in-view is enabled by default. Therefore, database queries may be performed during view rendering. Explicitly configure spring.jpa.open-in-view to disable this warning
2019-01-03 07:06:53.178 INFO [main] AbstractHandlerMethodMapping$MappingRegistry.java #register():548 --- Mapped "{[/category/add],methods=[GET]}" onto public jack.project.mmall.common.ServerResponse<jack.project.mmall.entity.Category> jack.project.mmall.controller.backend.CategoryAdminController.addCategory(java.lang.String,java.lang.Integer,javax.servlet.http.HttpSession)
2019-01-03 07:06:53.180 INFO [main] AbstractHandlerMethodMapping$MappingRegistry.java #register():548 --- Mapped "{[/category/update],methods=[GET]}" onto public jack.project.mmall.common.ServerResponse<jack.project.mmall.entity.Category> jack.project.mmall.controller.backend.CategoryAdminController.updateCategoryName(javax.servlet.http.HttpSession,java.lang.String,java.lang.String)
2019-01-03 07:06:53.188 INFO [main] AbstractHandlerMethodMapping$MappingRegistry.java #register():548 --- Mapped "{[/user/register],methods=[POST],consumes=[application/json],produces=[application/json]}" onto public jack.project.mmall.common.ServerResponse<java.lang.Integer> jack.project.mmall.controller.portal.UserController.register(jack.project.mmall.entity.User)
2019-01-03 07:06:53.189 INFO [main] AbstractHandlerMethodMapping$MappingRegistry.java #register():548 --- Mapped "{[/user/getUserInfo],methods=[GET],consumes=[application/json],produces=[application/json]}" onto public jack.project.mmall.common.ServerResponse<jack.project.mmall.entity.User> jack.project.mmall.controller.portal.UserController.getUserInfo(javax.servlet.http.HttpSession)
2019-01-03 07:06:53.190 INFO [main] AbstractHandlerMethodMapping$MappingRegistry.java #register():548 --- Mapped "{[/user/forgetPassword/answer],methods=[POST],consumes=[application/json],produces=[application/json]}" onto public jack.project.mmall.common.ServerResponse<java.lang.String> jack.project.mmall.controller.portal.UserController.checkAnswer(java.util.Map<java.lang.String, java.lang.String>)
2019-01-03 07:06:53.191 INFO [main] AbstractHandlerMethodMapping$MappingRegistry.java #register():548 --- Mapped "{[/user/forgetPassword/question],methods=[POST],consumes=[application/json],produces=[application/json]}" onto public jack.project.mmall.common.ServerResponse<java.lang.String> jack.project.mmall.controller.portal.UserController.getQuestion(java.util.Map<java.lang.String, java.lang.String>)
2019-01-03 07:06:53.192 INFO [main] AbstractHandlerMethodMapping$MappingRegistry.java #register():548 --- Mapped "{[/user/updateUser],methods=[POST],consumes=[application/json],produces=[application/json]}" onto public jack.project.mmall.common.ServerResponse<jack.project.mmall.entity.User> jack.project.mmall.controller.portal.UserController.updateUser(javax.servlet.http.HttpSession,jack.project.mmall.entity.User)
2019-01-03 07:06:53.192 INFO [main] AbstractHandlerMethodMapping$MappingRegistry.java #register():548 --- Mapped "{[/user/login],methods=[POST],consumes=[application/json],produces=[application/json]}" onto public jack.project.mmall.common.ServerResponse<jack.project.mmall.entity.User> jack.project.mmall.controller.portal.UserController.login(java.util.Map<java.lang.String, java.lang.String>,javax.servlet.http.HttpSession)
2019-01-03 07:06:53.193 INFO [main] AbstractHandlerMethodMapping$MappingRegistry.java #register():548 --- Mapped "{[/user/isValid],methods=[POST],consumes=[application/json],produces=[application/json]}" onto public jack.project.mmall.common.ServerResponse<java.lang.Boolean> jack.project.mmall.controller.portal.UserController.checkValid(java.util.Map<java.lang.String, java.lang.String>)
2019-01-03 07:06:53.193 INFO [main] AbstractHandlerMethodMapping$MappingRegistry.java #register():548 --- Mapped "{[/user/resetPassword],methods=[POST],consumes=[application/json],produces=[application/json]}" onto public jack.project.mmall.common.ServerResponse<java.lang.String> jack.project.mmall.controller.portal.UserController.resetPassword(javax.servlet.http.HttpSession,java.util.Map<java.lang.String, java.lang.String>)
2019-01-03 07:06:53.194 INFO [main] AbstractHandlerMethodMapping$MappingRegistry.java #register():548 --- Mapped "{[/user/logout],methods=[GET],consumes=[application/json],produces=[application/json]}" onto public jack.project.mmall.common.ServerResponse<java.lang.String> jack.project.mmall.controller.portal.UserController.logout(javax.servlet.http.HttpServletRequest)
2019-01-03 07:06:53.195 INFO [main] AbstractHandlerMethodMapping$MappingRegistry.java #register():548 --- Mapped "{[/user/getUserDetails],methods=[GET],consumes=[application/json],produces=[application/json]}" onto public jack.project.mmall.common.ServerResponse<jack.project.mmall.entity.User> jack.project.mmall.controller.portal.UserController.getUserDetails(javax.servlet.http.HttpSession)
2019-01-03 07:06:53.195 INFO [main] AbstractHandlerMethodMapping$MappingRegistry.java #register():548 --- Mapped "{[/user/forgetPassword/reset],methods=[POST],consumes=[application/json],produces=[application/json]}" onto public jack.project.mmall.common.ServerResponse<java.lang.String> jack.project.mmall.controller.portal.UserController.resetPasswordForget(java.util.Map<java.lang.String, java.lang.String>)
2019-01-03 07:06:53.202 INFO [main] AbstractHandlerMethodMapping$MappingRegistry.java #register():548 --- Mapped "{[/error]}" onto public org.springframework.http.ResponseEntity<java.util.Map<java.lang.String, java.lang.Object>> org.springframework.boot.autoconfigure.web.servlet.error.BasicErrorController.error(javax.servlet.http.HttpServletRequest)
2019-01-03 07:06:53.202 INFO [main] AbstractHandlerMethodMapping$MappingRegistry.java #register():548 --- Mapped "{[/error],produces=[text/html]}" onto public org.springframework.web.servlet.ModelAndView org.springframework.boot.autoconfigure.web.servlet.error.BasicErrorController.errorHtml(javax.servlet.http.HttpServletRequest,javax.servlet.http.HttpServletResponse)
2019-01-03 07:06:53.345 INFO [main] AbstractUrlHandlerMapping.java #registerHandler():373 --- Mapped URL path [/webjars/**] onto handler of type [class org.springframework.web.servlet.resource.ResourceHttpRequestHandler]
2019-01-03 07:06:53.353 INFO [main] AbstractUrlHandlerMapping.java #registerHandler():373 --- Mapped URL path [/**] onto handler of type [class org.springframework.web.servlet.resource.ResourceHttpRequestHandler]
2019-01-03 07:06:53.435 INFO [main] AbstractUrlHandlerMapping.java #registerHandler():373 --- Mapped URL path [/**/favicon.ico] onto handler of type [class org.springframework.web.servlet.resource.ResourceHttpRequestHandler]
2019-01-03 07:06:53.928 INFO [main] MBeanExporter.java #afterSingletonsInstantiated():434 --- Registering beans for JMX exposure on startup
2019-01-03 07:06:53.928 INFO [main] MBeanExporter.java #autodetect():896 --- Bean with name 'dataSource' has been autodetected for JMX exposure
2019-01-03 07:06:53.948 INFO [main] MBeanExporter.java #registerBeanInstance():669 --- Located MBean 'dataSource': registering with JMX server as MBean [com.zaxxer.hikari:name=dataSource,type=HikariDataSource]
2019-01-03 07:06:53.958 INFO [main] DirectJDKLog.java #log():180 --- Starting ProtocolHandler ["http-nio-8080"]
2019-01-03 07:06:53.971 INFO [main] DirectJDKLog.java #log():180 --- Using a shared selector for servlet write/read
2019-01-03 07:06:53.992 INFO [main] TomcatWebServer.java #start():205 --- Tomcat started on port(s): 8080 (http) with context path ''
2019-01-03 07:06:53.995 INFO [main] StartupInfoLogger.java #logStarted():59 --- Started MmallApp in 7.759 seconds (JVM running for 9.928)
2019-01-03 07:07:18.473 INFO [http-nio-8080-exec-1] DirectJDKLog.java #log():180 --- Initializing Spring FrameworkServlet 'dispatcherServlet'
2019-01-03 07:07:18.473 INFO [http-nio-8080-exec-1] FrameworkServlet.java #initServletBean():494 --- FrameworkServlet 'dispatcherServlet': initialization started
2019-01-03 07:07:18.505 INFO [http-nio-8080-exec-1] FrameworkServlet.java #initServletBean():513 --- FrameworkServlet 'dispatcherServlet': initialization completed in 32 ms
2019-01-03 07:09:01.123 INFO [main] StartupInfoLogger.java #logStarting():50 --- Starting MmallApp on DESKTOP-J5BAIP9 with PID 7860 (C:\Users\zzd16\Desktop\mmall_20181121\target\classes started by Zhengde.ZHOU in C:\Users\zzd16\Desktop\mmall_20181121)
2019-01-03 07:09:01.135 INFO [main] SpringApplication.java #logStartupProfileInfo():656 --- The following profiles are active: local
2019-01-03 07:09:01.206 INFO [main] AbstractApplicationContext.java #prepareRefresh():589 --- Refreshing org.springframework.boot.web.servlet.context.AnnotationConfigServletWebServerApplicationContext@61f05988: startup date [Thu Jan 03 07:09:01 CST 2019]; root of context hierarchy
2019-01-03 07:09:02.556 INFO [main] PostProcessorRegistrationDelegate$BeanPostProcessorChecker.java #postProcessAfterInitialization():328 --- Bean 'org.springframework.transaction.annotation.ProxyTransactionManagementConfiguration' of type [org.springframework.transaction.annotation.ProxyTransactionManagementConfiguration$$EnhancerBySpringCGLIB$$c6a35c46] is not eligible for getting processed by all BeanPostProcessors (for example: not eligible for auto-proxying)
2019-01-03 07:09:02.931 INFO [main] TomcatWebServer.java #initialize():91 --- Tomcat initialized with port(s): 8080 (http)
2019-01-03 07:09:02.944 INFO [main] DirectJDKLog.java #log():180 --- Initializing ProtocolHandler ["http-nio-8080"]
2019-01-03 07:09:02.955 INFO [main] DirectJDKLog.java #log():180 --- Starting service [Tomcat]
2019-01-03 07:09:02.956 INFO [main] DirectJDKLog.java #log():180 --- Starting Servlet Engine: Apache Tomcat/8.5.28
2019-01-03 07:09:02.961 INFO [localhost-startStop-1] DirectJDKLog.java #log():180 --- The APR based Apache Tomcat Native library which allows optimal performance in production environments was not found on the java.library.path: [C:\Software\Java\jdk1.8.0_151\bin;C:\WINDOWS\Sun\Java\bin;C:\WINDOWS\system32;C:\WINDOWS;C:\Program Files\Docker\Docker\Resources\bin;C:\Program Files (x86)\Common Files\Oracle\Java\javapath;C:\Program Files (x86)\Intel\iCLS Client\;C:\ProgramData\Oracle\Java\javapath;C:\Program Files\Intel\iCLS Client\;C:\Windows\system32;C:\Windows;C:\Windows\System32\Wbem;C:\Windows\System32\WindowsPowerShell\v1.0\;C:\Program Files (x86)\NVIDIA Corporation\PhysX\Common;C:\Software\Git\cmd;C:\Program Files\MySQL\MySQL Utilities 1.6\;"C:\Software\Java\jdk1.8.0_151\bin;";C:\Software\unzip\apache-maven-3.3.9\bin;C:\WINDOWS\system32;C:\WINDOWS;C:\WINDOWS\System32\Wbem;C:\WINDOWS\System32\WindowsPowerShell\v1.0\;C:\Program Files (x86)\Intel\Intel(R) Management Engine Components\DAL;C:\Program Files\Intel\Intel(R) Management Engine Components\DAL;C:\Program Files (x86)\Intel\Intel(R) Management Engine Components\IPT;C:\Program Files\Intel\Intel(R) Management Engine Components\IPT;C:\WINDOWS\System32\OpenSSH\;C:\Program Files\Intel\WiFi\bin\;C:\Program Files\Common Files\Intel\WirelessCommon\;C:\Software\nodejs\;C:\Software\nodejs\;C:\Software\PuTTY\;C:\Users\zzd16\AppData\Local\Microsoft\WindowsApps;C:\Users\zzd16\AppData\Roaming\npm;C:\Users\zzd16\AppData\Local\GitHubDesktop\bin;.]
2019-01-03 07:09:03.145 INFO [localhost-startStop-1] DirectJDKLog.java #log():180 --- Initializing Spring embedded WebApplicationContext
2019-01-03 07:09:03.146 INFO [localhost-startStop-1] ServletWebServerApplicationContext.java #prepareWebApplicationContext():285 --- Root WebApplicationContext: initialization completed in 1944 ms
2019-01-03 07:09:03.341 INFO [localhost-startStop-1] ServletRegistrationBean.java #addRegistration():185 --- Servlet dispatcherServlet mapped to [/]
2019-01-03 07:09:03.347 INFO [localhost-startStop-1] AbstractFilterRegistrationBean.java #configure():243 --- Mapping filter: 'characterEncodingFilter' to: [/*]
2019-01-03 07:09:03.347 INFO [localhost-startStop-1] AbstractFilterRegistrationBean.java #configure():243 --- Mapping filter: 'hiddenHttpMethodFilter' to: [/*]
2019-01-03 07:09:03.347 INFO [localhost-startStop-1] AbstractFilterRegistrationBean.java #configure():243 --- Mapping filter: 'httpPutFormContentFilter' to: [/*]
2019-01-03 07:09:03.348 INFO [localhost-startStop-1] AbstractFilterRegistrationBean.java #configure():243 --- Mapping filter: 'requestContextFilter' to: [/*]
2019-01-03 07:09:03.558 INFO [main] HikariDataSource.java #getConnection():110 --- HikariPool-1 - Starting...
2019-01-03 07:09:03.781 INFO [main] HikariDataSource.java #getConnection():123 --- HikariPool-1 - Start completed.
2019-01-03 07:09:03.854 INFO [main] LocalContainerEntityManagerFactoryBean.java #createNativeEntityManagerFactory():361 --- Building JPA container EntityManagerFactory for persistence unit 'default'
2019-01-03 07:09:03.868 INFO [main] LogHelper.java #logPersistenceUnitInformation():31 --- HHH000204: Processing PersistenceUnitInfo [
	name: default
	...]
2019-01-03 07:09:03.968 INFO [main] Version.java #logVersion():45 --- HHH000412: Hibernate Core {5.2.14.Final}
2019-01-03 07:09:03.970 INFO [main] Environment.java #<clinit>():213 --- HHH000206: hibernate.properties not found
2019-01-03 07:09:04.024 INFO [main] JavaReflectionManager.java #<clinit>():66 --- HCANN000001: Hibernate Commons Annotations {5.0.1.Final}
2019-01-03 07:09:04.301 INFO [main] Dialect.java #<init>():157 --- HHH000400: Using dialect: org.hibernate.dialect.MySQL5Dialect
2019-01-03 07:09:04.950 INFO [main] AbstractEntityManagerFactoryBean.java #buildNativeEntityManagerFactory():394 --- Initialized JPA EntityManagerFactory for persistence unit 'default'
2019-01-03 07:09:05.410 INFO [main] QueryTranslatorFactoryInitiator.java #initiateService():47 --- HHH000397: Using ASTQueryTranslatorFactory
2019-01-03 07:09:06.105 INFO [main] RequestMappingHandlerAdapter.java #initControllerAdviceCache():567 --- Looking for @ControllerAdvice: org.springframework.boot.web.servlet.context.AnnotationConfigServletWebServerApplicationContext@61f05988: startup date [Thu Jan 03 07:09:01 CST 2019]; root of context hierarchy
2019-01-03 07:09:06.184 WARN [main] JpaBaseConfiguration$JpaWebConfiguration$JpaWebMvcConfiguration.java #openEntityManagerInViewInterceptor():235 --- spring.jpa.open-in-view is enabled by default. Therefore, database queries may be performed during view rendering. Explicitly configure spring.jpa.open-in-view to disable this warning
2019-01-03 07:09:06.246 INFO [main] AbstractHandlerMethodMapping$MappingRegistry.java #register():548 --- Mapped "{[/category/add],methods=[GET]}" onto public jack.project.mmall.common.ServerResponse<jack.project.mmall.entity.Category> jack.project.mmall.controller.backend.CategoryAdminController.addCategory(java.lang.String,java.lang.Integer,javax.servlet.http.HttpSession)
2019-01-03 07:09:06.248 INFO [main] AbstractHandlerMethodMapping$MappingRegistry.java #register():548 --- Mapped "{[/category/update],methods=[GET]}" onto public jack.project.mmall.common.ServerResponse<jack.project.mmall.entity.Category> jack.project.mmall.controller.backend.CategoryAdminController.updateCategoryName(javax.servlet.http.HttpSession,java.lang.String,java.lang.String)
2019-01-03 07:09:06.254 INFO [main] AbstractHandlerMethodMapping$MappingRegistry.java #register():548 --- Mapped "{[/user/register],methods=[POST],consumes=[application/json],produces=[application/json]}" onto public jack.project.mmall.common.ServerResponse<java.lang.Integer> jack.project.mmall.controller.portal.UserController.register(jack.project.mmall.entity.User)
2019-01-03 07:09:06.254 INFO [main] AbstractHandlerMethodMapping$MappingRegistry.java #register():548 --- Mapped "{[/user/getUserInfo],methods=[GET],consumes=[application/json],produces=[application/json]}" onto public jack.project.mmall.common.ServerResponse<jack.project.mmall.entity.User> jack.project.mmall.controller.portal.UserController.getUserInfo(javax.servlet.http.HttpSession)
2019-01-03 07:09:06.254 INFO [main] AbstractHandlerMethodMapping$MappingRegistry.java #register():548 --- Mapped "{[/user/login],methods=[POST],consumes=[application/json],produces=[application/json]}" onto public jack.project.mmall.common.ServerResponse<jack.project.mmall.entity.User> jack.project.mmall.controller.portal.UserController.login(java.util.Map<java.lang.String, java.lang.String>,javax.servlet.http.HttpSession)
2019-01-03 07:09:06.255 INFO [main] AbstractHandlerMethodMapping$MappingRegistry.java #register():548 --- Mapped "{[/user/forgetPassword/question],methods=[POST],consumes=[application/json],produces=[application/json]}" onto public jack.project.mmall.common.ServerResponse<java.lang.String> jack.project.mmall.controller.portal.UserController.getQuestion(java.util.Map<java.lang.String, java.lang.String>)
2019-01-03 07:09:06.255 INFO [main] AbstractHandlerMethodMapping$MappingRegistry.java #register():548 --- Mapped "{[/user/resetPassword],methods=[POST],consumes=[application/json],produces=[application/json]}" onto public jack.project.mmall.common.ServerResponse<java.lang.String> jack.project.mmall.controller.portal.UserController.resetPassword(javax.servlet.http.HttpSession,java.util.Map<java.lang.String, java.lang.String>)
2019-01-03 07:09:06.256 INFO [main] AbstractHandlerMethodMapping$MappingRegistry.java #register():548 --- Mapped "{[/user/updateUser],methods=[POST],consumes=[application/json],produces=[application/json]}" onto public jack.project.mmall.common.ServerResponse<jack.project.mmall.entity.User> jack.project.mmall.controller.portal.UserController.updateUser(javax.servlet.http.HttpSession,jack.project.mmall.entity.User)
2019-01-03 07:09:06.257 INFO [main] AbstractHandlerMethodMapping$MappingRegistry.java #register():548 --- Mapped "{[/user/isValid],methods=[POST],consumes=[application/json],produces=[application/json]}" onto public jack.project.mmall.common.ServerResponse<java.lang.Boolean> jack.project.mmall.controller.portal.UserController.checkValid(java.util.Map<java.lang.String, java.lang.String>)
2019-01-03 07:09:06.257 INFO [main] AbstractHandlerMethodMapping$MappingRegistry.java #register():548 --- Mapped "{[/user/logout],methods=[GET],consumes=[application/json],produces=[application/json]}" onto public jack.project.mmall.common.ServerResponse<java.lang.String> jack.project.mmall.controller.portal.UserController.logout(javax.servlet.http.HttpServletRequest)
2019-01-03 07:09:06.258 INFO [main] AbstractHandlerMethodMapping$MappingRegistry.java #register():548 --- Mapped "{[/user/forgetPassword/answer],methods=[POST],consumes=[application/json],produces=[application/json]}" onto public jack.project.mmall.common.ServerResponse<java.lang.String> jack.project.mmall.controller.portal.UserController.checkAnswer(java.util.Map<java.lang.String, java.lang.String>)
2019-01-03 07:09:06.274 INFO [main] AbstractHandlerMethodMapping$MappingRegistry.java #register():548 --- Mapped "{[/user/getUserDetails],methods=[GET],consumes=[application/json],produces=[application/json]}" onto public jack.project.mmall.common.ServerResponse<jack.project.mmall.entity.User> jack.project.mmall.controller.portal.UserController.getUserDetails(javax.servlet.http.HttpSession)
2019-01-03 07:09:06.274 INFO [main] AbstractHandlerMethodMapping$MappingRegistry.java #register():548 --- Mapped "{[/user/forgetPassword/reset],methods=[POST],consumes=[application/json],produces=[application/json]}" onto public jack.project.mmall.common.ServerResponse<java.lang.String> jack.project.mmall.controller.portal.UserController.resetPasswordForget(java.util.Map<java.lang.String, java.lang.String>)
2019-01-03 07:09:06.283 INFO [main] AbstractHandlerMethodMapping$MappingRegistry.java #register():548 --- Mapped "{[/error]}" onto public org.springframework.http.ResponseEntity<java.util.Map<java.lang.String, java.lang.Object>> org.springframework.boot.autoconfigure.web.servlet.error.BasicErrorController.error(javax.servlet.http.HttpServletRequest)
2019-01-03 07:09:06.285 INFO [main] AbstractHandlerMethodMapping$MappingRegistry.java #register():548 --- Mapped "{[/error],produces=[text/html]}" onto public org.springframework.web.servlet.ModelAndView org.springframework.boot.autoconfigure.web.servlet.error.BasicErrorController.errorHtml(javax.servlet.http.HttpServletRequest,javax.servlet.http.HttpServletResponse)
2019-01-03 07:09:06.407 INFO [main] AbstractUrlHandlerMapping.java #registerHandler():373 --- Mapped URL path [/webjars/**] onto handler of type [class org.springframework.web.servlet.resource.ResourceHttpRequestHandler]
2019-01-03 07:09:06.407 INFO [main] AbstractUrlHandlerMapping.java #registerHandler():373 --- Mapped URL path [/**] onto handler of type [class org.springframework.web.servlet.resource.ResourceHttpRequestHandler]
2019-01-03 07:09:06.494 INFO [main] AbstractUrlHandlerMapping.java #registerHandler():373 --- Mapped URL path [/**/favicon.ico] onto handler of type [class org.springframework.web.servlet.resource.ResourceHttpRequestHandler]
2019-01-03 07:09:07.050 INFO [main] MBeanExporter.java #afterSingletonsInstantiated():434 --- Registering beans for JMX exposure on startup
2019-01-03 07:09:07.050 INFO [main] MBeanExporter.java #autodetect():896 --- Bean with name 'dataSource' has been autodetected for JMX exposure
2019-01-03 07:09:07.059 INFO [main] MBeanExporter.java #registerBeanInstance():669 --- Located MBean 'dataSource': registering with JMX server as MBean [com.zaxxer.hikari:name=dataSource,type=HikariDataSource]
2019-01-03 07:09:07.068 INFO [main] DirectJDKLog.java #log():180 --- Starting ProtocolHandler ["http-nio-8080"]
2019-01-03 07:09:07.080 INFO [main] DirectJDKLog.java #log():180 --- Using a shared selector for servlet write/read
2019-01-03 07:09:07.099 INFO [main] TomcatWebServer.java #start():205 --- Tomcat started on port(s): 8080 (http) with context path ''
2019-01-03 07:09:07.102 INFO [main] StartupInfoLogger.java #logStarted():59 --- Started MmallApp in 6.786 seconds (JVM running for 10.623)
2019-01-03 07:09:22.930 INFO [http-nio-8080-exec-1] DirectJDKLog.java #log():180 --- Initializing Spring FrameworkServlet 'dispatcherServlet'
2019-01-03 07:09:22.930 INFO [http-nio-8080-exec-1] FrameworkServlet.java #initServletBean():494 --- FrameworkServlet 'dispatcherServlet': initialization started
2019-01-03 07:09:22.958 INFO [http-nio-8080-exec-1] FrameworkServlet.java #initServletBean():513 --- FrameworkServlet 'dispatcherServlet': initialization completed in 28 ms
2019-01-03 07:10:01.667 WARN [HikariPool-1 housekeeper] HikariPool$HouseKeeper.java #run():756 --- HikariPool-1 - Thread starvation or clock leap detected (housekeeper delta=57s607ms36s).
2019-01-03 07:12:53.811 WARN [HikariPool-1 housekeeper] HikariPool$HouseKeeper.java #run():756 --- HikariPool-1 - Thread starvation or clock leap detected (housekeeper delta=1m7s606ms804s300ns).
2019-01-03 07:14:28.943 INFO [main] StartupInfoLogger.java #logStarting():50 --- Starting MmallApp on DESKTOP-J5BAIP9 with PID 5024 (C:\Users\zzd16\Desktop\mmall_20181121\target\classes started by Zhengde.ZHOU in C:\Users\zzd16\Desktop\mmall_20181121)
2019-01-03 07:14:28.956 INFO [main] SpringApplication.java #logStartupProfileInfo():656 --- The following profiles are active: local
2019-01-03 07:14:29.011 INFO [main] AbstractApplicationContext.java #prepareRefresh():589 --- Refreshing org.springframework.boot.web.servlet.context.AnnotationConfigServletWebServerApplicationContext@25a6944c: startup date [Thu Jan 03 07:14:29 CST 2019]; root of context hierarchy
2019-01-03 07:14:30.271 INFO [main] PostProcessorRegistrationDelegate$BeanPostProcessorChecker.java #postProcessAfterInitialization():328 --- Bean 'org.springframework.transaction.annotation.ProxyTransactionManagementConfiguration' of type [org.springframework.transaction.annotation.ProxyTransactionManagementConfiguration$$EnhancerBySpringCGLIB$$95e19d83] is not eligible for getting processed by all BeanPostProcessors (for example: not eligible for auto-proxying)
2019-01-03 07:14:30.828 INFO [main] TomcatWebServer.java #initialize():91 --- Tomcat initialized with port(s): 8080 (http)
2019-01-03 07:14:30.849 INFO [main] DirectJDKLog.java #log():180 --- Initializing ProtocolHandler ["http-nio-8080"]
2019-01-03 07:14:30.868 INFO [main] DirectJDKLog.java #log():180 --- Starting service [Tomcat]
2019-01-03 07:14:30.868 INFO [main] DirectJDKLog.java #log():180 --- Starting Servlet Engine: Apache Tomcat/8.5.28
2019-01-03 07:14:30.877 INFO [localhost-startStop-1] DirectJDKLog.java #log():180 --- The APR based Apache Tomcat Native library which allows optimal performance in production environments was not found on the java.library.path: [C:\Software\Java\jdk1.8.0_151\bin;C:\WINDOWS\Sun\Java\bin;C:\WINDOWS\system32;C:\WINDOWS;C:\Program Files\Docker\Docker\Resources\bin;C:\Program Files (x86)\Common Files\Oracle\Java\javapath;C:\Program Files (x86)\Intel\iCLS Client\;C:\ProgramData\Oracle\Java\javapath;C:\Program Files\Intel\iCLS Client\;C:\Windows\system32;C:\Windows;C:\Windows\System32\Wbem;C:\Windows\System32\WindowsPowerShell\v1.0\;C:\Program Files (x86)\NVIDIA Corporation\PhysX\Common;C:\Software\Git\cmd;C:\Program Files\MySQL\MySQL Utilities 1.6\;"C:\Software\Java\jdk1.8.0_151\bin;";C:\Software\unzip\apache-maven-3.3.9\bin;C:\WINDOWS\system32;C:\WINDOWS;C:\WINDOWS\System32\Wbem;C:\WINDOWS\System32\WindowsPowerShell\v1.0\;C:\Program Files (x86)\Intel\Intel(R) Management Engine Components\DAL;C:\Program Files\Intel\Intel(R) Management Engine Components\DAL;C:\Program Files (x86)\Intel\Intel(R) Management Engine Components\IPT;C:\Program Files\Intel\Intel(R) Management Engine Components\IPT;C:\WINDOWS\System32\OpenSSH\;C:\Program Files\Intel\WiFi\bin\;C:\Program Files\Common Files\Intel\WirelessCommon\;C:\Software\nodejs\;C:\Software\nodejs\;C:\Software\PuTTY\;C:\Users\zzd16\AppData\Local\Microsoft\WindowsApps;C:\Users\zzd16\AppData\Roaming\npm;C:\Users\zzd16\AppData\Local\GitHubDesktop\bin;.]
2019-01-03 07:14:31.148 INFO [localhost-startStop-1] DirectJDKLog.java #log():180 --- Initializing Spring embedded WebApplicationContext
2019-01-03 07:14:31.148 INFO [localhost-startStop-1] ServletWebServerApplicationContext.java #prepareWebApplicationContext():285 --- Root WebApplicationContext: initialization completed in 2140 ms
2019-01-03 07:14:31.421 INFO [localhost-startStop-1] ServletRegistrationBean.java #addRegistration():185 --- Servlet dispatcherServlet mapped to [/]
2019-01-03 07:14:31.434 INFO [localhost-startStop-1] AbstractFilterRegistrationBean.java #configure():243 --- Mapping filter: 'characterEncodingFilter' to: [/*]
2019-01-03 07:14:31.435 INFO [localhost-startStop-1] AbstractFilterRegistrationBean.java #configure():243 --- Mapping filter: 'hiddenHttpMethodFilter' to: [/*]
2019-01-03 07:14:31.435 INFO [localhost-startStop-1] AbstractFilterRegistrationBean.java #configure():243 --- Mapping filter: 'httpPutFormContentFilter' to: [/*]
2019-01-03 07:14:31.435 INFO [localhost-startStop-1] AbstractFilterRegistrationBean.java #configure():243 --- Mapping filter: 'requestContextFilter' to: [/*]
2019-01-03 07:14:31.624 INFO [main] HikariDataSource.java #getConnection():110 --- HikariPool-1 - Starting...
2019-01-03 07:14:31.883 INFO [main] HikariDataSource.java #getConnection():123 --- HikariPool-1 - Start completed.
2019-01-03 07:14:31.947 INFO [main] LocalContainerEntityManagerFactoryBean.java #createNativeEntityManagerFactory():361 --- Building JPA container EntityManagerFactory for persistence unit 'default'
2019-01-03 07:14:31.959 INFO [main] LogHelper.java #logPersistenceUnitInformation():31 --- HHH000204: Processing PersistenceUnitInfo [
	name: default
	...]
2019-01-03 07:14:32.058 INFO [main] Version.java #logVersion():45 --- HHH000412: Hibernate Core {5.2.14.Final}
2019-01-03 07:14:32.061 INFO [main] Environment.java #<clinit>():213 --- HHH000206: hibernate.properties not found
2019-01-03 07:14:32.112 INFO [main] JavaReflectionManager.java #<clinit>():66 --- HCANN000001: Hibernate Commons Annotations {5.0.1.Final}
2019-01-03 07:14:32.299 INFO [main] Dialect.java #<init>():157 --- HHH000400: Using dialect: org.hibernate.dialect.MySQL5Dialect
2019-01-03 07:14:32.933 INFO [main] AbstractEntityManagerFactoryBean.java #buildNativeEntityManagerFactory():394 --- Initialized JPA EntityManagerFactory for persistence unit 'default'
2019-01-03 07:14:33.389 INFO [main] QueryTranslatorFactoryInitiator.java #initiateService():47 --- HHH000397: Using ASTQueryTranslatorFactory
2019-01-03 07:14:34.101 INFO [main] RequestMappingHandlerAdapter.java #initControllerAdviceCache():567 --- Looking for @ControllerAdvice: org.springframework.boot.web.servlet.context.AnnotationConfigServletWebServerApplicationContext@25a6944c: startup date [Thu Jan 03 07:14:29 CST 2019]; root of context hierarchy
2019-01-03 07:14:34.150 WARN [main] JpaBaseConfiguration$JpaWebConfiguration$JpaWebMvcConfiguration.java #openEntityManagerInViewInterceptor():235 --- spring.jpa.open-in-view is enabled by default. Therefore, database queries may be performed during view rendering. Explicitly configure spring.jpa.open-in-view to disable this warning
2019-01-03 07:14:34.197 INFO [main] AbstractHandlerMethodMapping$MappingRegistry.java #register():548 --- Mapped "{[/category/add],methods=[GET]}" onto public jack.project.mmall.common.ServerResponse<jack.project.mmall.entity.Category> jack.project.mmall.controller.backend.CategoryAdminController.addCategory(java.lang.String,java.lang.Integer,javax.servlet.http.HttpSession)
2019-01-03 07:14:34.198 INFO [main] AbstractHandlerMethodMapping$MappingRegistry.java #register():548 --- Mapped "{[/category/update],methods=[GET]}" onto public jack.project.mmall.common.ServerResponse<jack.project.mmall.entity.Category> jack.project.mmall.controller.backend.CategoryAdminController.updateCategoryName(javax.servlet.http.HttpSession,java.lang.String,java.lang.String)
2019-01-03 07:14:34.204 INFO [main] AbstractHandlerMethodMapping$MappingRegistry.java #register():548 --- Mapped "{[/user/register],methods=[POST],consumes=[application/json],produces=[application/json]}" onto public jack.project.mmall.common.ServerResponse<java.lang.Integer> jack.project.mmall.controller.portal.UserController.register(jack.project.mmall.entity.User)
2019-01-03 07:14:34.204 INFO [main] AbstractHandlerMethodMapping$MappingRegistry.java #register():548 --- Mapped "{[/user/getUserInfo],methods=[GET],consumes=[application/json],produces=[application/json]}" onto public jack.project.mmall.common.ServerResponse<jack.project.mmall.entity.User> jack.project.mmall.controller.portal.UserController.getUserInfo(javax.servlet.http.HttpSession)
2019-01-03 07:14:34.205 INFO [main] AbstractHandlerMethodMapping$MappingRegistry.java #register():548 --- Mapped "{[/user/forgetPassword/reset],methods=[POST],consumes=[application/json],produces=[application/json]}" onto public jack.project.mmall.common.ServerResponse<java.lang.String> jack.project.mmall.controller.portal.UserController.resetPasswordForget(java.util.Map<java.lang.String, java.lang.String>)
2019-01-03 07:14:34.205 INFO [main] AbstractHandlerMethodMapping$MappingRegistry.java #register():548 --- Mapped "{[/user/login],methods=[POST],consumes=[application/json],produces=[application/json]}" onto public jack.project.mmall.common.ServerResponse<jack.project.mmall.entity.User> jack.project.mmall.controller.portal.UserController.login(java.util.Map<java.lang.String, java.lang.String>,javax.servlet.http.HttpSession)
2019-01-03 07:14:34.206 INFO [main] AbstractHandlerMethodMapping$MappingRegistry.java #register():548 --- Mapped "{[/user/forgetPassword/answer],methods=[POST],consumes=[application/json],produces=[application/json]}" onto public jack.project.mmall.common.ServerResponse<java.lang.String> jack.project.mmall.controller.portal.UserController.checkAnswer(java.util.Map<java.lang.String, java.lang.String>)
2019-01-03 07:14:34.206 INFO [main] AbstractHandlerMethodMapping$MappingRegistry.java #register():548 --- Mapped "{[/user/updateUser],methods=[POST],consumes=[application/json],produces=[application/json]}" onto public jack.project.mmall.common.ServerResponse<jack.project.mmall.entity.User> jack.project.mmall.controller.portal.UserController.updateUser(javax.servlet.http.HttpSession,jack.project.mmall.entity.User)
2019-01-03 07:14:34.207 INFO [main] AbstractHandlerMethodMapping$MappingRegistry.java #register():548 --- Mapped "{[/user/resetPassword],methods=[POST],consumes=[application/json],produces=[application/json]}" onto public jack.project.mmall.common.ServerResponse<java.lang.String> jack.project.mmall.controller.portal.UserController.resetPassword(javax.servlet.http.HttpSession,java.util.Map<java.lang.String, java.lang.String>)
2019-01-03 07:14:34.207 INFO [main] AbstractHandlerMethodMapping$MappingRegistry.java #register():548 --- Mapped "{[/user/forgetPassword/question],methods=[POST],consumes=[application/json],produces=[application/json]}" onto public jack.project.mmall.common.ServerResponse<java.lang.String> jack.project.mmall.controller.portal.UserController.getQuestion(java.util.Map<java.lang.String, java.lang.String>)
2019-01-03 07:14:34.207 INFO [main] AbstractHandlerMethodMapping$MappingRegistry.java #register():548 --- Mapped "{[/user/logout],methods=[GET],consumes=[application/json],produces=[application/json]}" onto public jack.project.mmall.common.ServerResponse<java.lang.String> jack.project.mmall.controller.portal.UserController.logout(javax.servlet.http.HttpServletRequest)
2019-01-03 07:14:34.209 INFO [main] AbstractHandlerMethodMapping$MappingRegistry.java #register():548 --- Mapped "{[/user/isValid],methods=[POST],consumes=[application/json],produces=[application/json]}" onto public jack.project.mmall.common.ServerResponse<java.lang.Boolean> jack.project.mmall.controller.portal.UserController.checkValid(java.util.Map<java.lang.String, java.lang.String>)
2019-01-03 07:14:34.210 INFO [main] AbstractHandlerMethodMapping$MappingRegistry.java #register():548 --- Mapped "{[/user/getUserDetails],methods=[GET],consumes=[application/json],produces=[application/json]}" onto public jack.project.mmall.common.ServerResponse<jack.project.mmall.entity.User> jack.project.mmall.controller.portal.UserController.getUserDetails(javax.servlet.http.HttpSession)
2019-01-03 07:14:34.213 INFO [main] AbstractHandlerMethodMapping$MappingRegistry.java #register():548 --- Mapped "{[/error]}" onto public org.springframework.http.ResponseEntity<java.util.Map<java.lang.String, java.lang.Object>> org.springframework.boot.autoconfigure.web.servlet.error.BasicErrorController.error(javax.servlet.http.HttpServletRequest)
2019-01-03 07:14:34.214 INFO [main] AbstractHandlerMethodMapping$MappingRegistry.java #register():548 --- Mapped "{[/error],produces=[text/html]}" onto public org.springframework.web.servlet.ModelAndView org.springframework.boot.autoconfigure.web.servlet.error.BasicErrorController.errorHtml(javax.servlet.http.HttpServletRequest,javax.servlet.http.HttpServletResponse)
2019-01-03 07:14:34.269 INFO [main] AbstractUrlHandlerMapping.java #registerHandler():373 --- Mapped URL path [/webjars/**] onto handler of type [class org.springframework.web.servlet.resource.ResourceHttpRequestHandler]
2019-01-03 07:14:34.272 INFO [main] AbstractUrlHandlerMapping.java #registerHandler():373 --- Mapped URL path [/**] onto handler of type [class org.springframework.web.servlet.resource.ResourceHttpRequestHandler]
2019-01-03 07:14:34.313 INFO [main] AbstractUrlHandlerMapping.java #registerHandler():373 --- Mapped URL path [/**/favicon.ico] onto handler of type [class org.springframework.web.servlet.resource.ResourceHttpRequestHandler]
2019-01-03 07:14:34.819 INFO [main] MBeanExporter.java #afterSingletonsInstantiated():434 --- Registering beans for JMX exposure on startup
2019-01-03 07:14:34.823 INFO [main] MBeanExporter.java #autodetect():896 --- Bean with name 'dataSource' has been autodetected for JMX exposure
2019-01-03 07:14:34.828 INFO [main] MBeanExporter.java #registerBeanInstance():669 --- Located MBean 'dataSource': registering with JMX server as MBean [com.zaxxer.hikari:name=dataSource,type=HikariDataSource]
2019-01-03 07:14:34.838 INFO [main] DirectJDKLog.java #log():180 --- Starting ProtocolHandler ["http-nio-8080"]
2019-01-03 07:14:34.850 INFO [main] DirectJDKLog.java #log():180 --- Using a shared selector for servlet write/read
2019-01-03 07:14:34.866 INFO [main] TomcatWebServer.java #start():205 --- Tomcat started on port(s): 8080 (http) with context path ''
2019-01-03 07:14:34.869 INFO [main] StartupInfoLogger.java #logStarted():59 --- Started MmallApp in 6.368 seconds (JVM running for 8.677)
2019-01-03 07:14:38.795 INFO [http-nio-8080-exec-3] DirectJDKLog.java #log():180 --- Initializing Spring FrameworkServlet 'dispatcherServlet'
2019-01-03 07:14:38.795 INFO [http-nio-8080-exec-3] FrameworkServlet.java #initServletBean():494 --- FrameworkServlet 'dispatcherServlet': initialization started
2019-01-03 07:14:38.823 INFO [http-nio-8080-exec-3] FrameworkServlet.java #initServletBean():513 --- FrameworkServlet 'dispatcherServlet': initialization completed in 27 ms
2019-01-03 07:23:00.563 INFO [main] StartupInfoLogger.java #logStarting():50 --- Starting MmallApp on DESKTOP-J5BAIP9 with PID 1996 (C:\Users\zzd16\Desktop\mmall_20181121\target\classes started by Zhengde.ZHOU in C:\Users\zzd16\Desktop\mmall_20181121)
2019-01-03 07:23:00.573 INFO [main] SpringApplication.java #logStartupProfileInfo():656 --- The following profiles are active: local
2019-01-03 07:23:00.617 INFO [main] AbstractApplicationContext.java #prepareRefresh():589 --- Refreshing org.springframework.boot.web.servlet.context.AnnotationConfigServletWebServerApplicationContext@158a3b2e: startup date [Thu Jan 03 07:23:00 CST 2019]; root of context hierarchy
2019-01-03 07:23:01.887 INFO [main] PostProcessorRegistrationDelegate$BeanPostProcessorChecker.java #postProcessAfterInitialization():328 --- Bean 'org.springframework.transaction.annotation.ProxyTransactionManagementConfiguration' of type [org.springframework.transaction.annotation.ProxyTransactionManagementConfiguration$$EnhancerBySpringCGLIB$$42366deb] is not eligible for getting processed by all BeanPostProcessors (for example: not eligible for auto-proxying)
2019-01-03 07:23:02.244 INFO [main] TomcatWebServer.java #initialize():91 --- Tomcat initialized with port(s): 8080 (http)
2019-01-03 07:23:02.256 INFO [main] DirectJDKLog.java #log():180 --- Initializing ProtocolHandler ["http-nio-8080"]
2019-01-03 07:23:02.269 INFO [main] DirectJDKLog.java #log():180 --- Starting service [Tomcat]
2019-01-03 07:23:02.269 INFO [main] DirectJDKLog.java #log():180 --- Starting Servlet Engine: Apache Tomcat/8.5.28
2019-01-03 07:23:02.275 INFO [localhost-startStop-1] DirectJDKLog.java #log():180 --- The APR based Apache Tomcat Native library which allows optimal performance in production environments was not found on the java.library.path: [C:\Software\Java\jdk1.8.0_151\bin;C:\WINDOWS\Sun\Java\bin;C:\WINDOWS\system32;C:\WINDOWS;C:\Program Files\Docker\Docker\Resources\bin;C:\Program Files (x86)\Common Files\Oracle\Java\javapath;C:\Program Files (x86)\Intel\iCLS Client\;C:\ProgramData\Oracle\Java\javapath;C:\Program Files\Intel\iCLS Client\;C:\Windows\system32;C:\Windows;C:\Windows\System32\Wbem;C:\Windows\System32\WindowsPowerShell\v1.0\;C:\Program Files (x86)\NVIDIA Corporation\PhysX\Common;C:\Software\Git\cmd;C:\Program Files\MySQL\MySQL Utilities 1.6\;"C:\Software\Java\jdk1.8.0_151\bin;";C:\Software\unzip\apache-maven-3.3.9\bin;C:\WINDOWS\system32;C:\WINDOWS;C:\WINDOWS\System32\Wbem;C:\WINDOWS\System32\WindowsPowerShell\v1.0\;C:\Program Files (x86)\Intel\Intel(R) Management Engine Components\DAL;C:\Program Files\Intel\Intel(R) Management Engine Components\DAL;C:\Program Files (x86)\Intel\Intel(R) Management Engine Components\IPT;C:\Program Files\Intel\Intel(R) Management Engine Components\IPT;C:\WINDOWS\System32\OpenSSH\;C:\Program Files\Intel\WiFi\bin\;C:\Program Files\Common Files\Intel\WirelessCommon\;C:\Software\nodejs\;C:\Software\nodejs\;C:\Software\PuTTY\;C:\Users\zzd16\AppData\Local\Microsoft\WindowsApps;C:\Users\zzd16\AppData\Roaming\npm;C:\Users\zzd16\AppData\Local\GitHubDesktop\bin;.]
2019-01-03 07:23:02.443 INFO [localhost-startStop-1] DirectJDKLog.java #log():180 --- Initializing Spring embedded WebApplicationContext
2019-01-03 07:23:02.443 INFO [localhost-startStop-1] ServletWebServerApplicationContext.java #prepareWebApplicationContext():285 --- Root WebApplicationContext: initialization completed in 1829 ms
2019-01-03 07:23:02.619 INFO [localhost-startStop-1] ServletRegistrationBean.java #addRegistration():185 --- Servlet dispatcherServlet mapped to [/]
2019-01-03 07:23:02.626 INFO [localhost-startStop-1] AbstractFilterRegistrationBean.java #configure():243 --- Mapping filter: 'characterEncodingFilter' to: [/*]
2019-01-03 07:23:02.626 INFO [localhost-startStop-1] AbstractFilterRegistrationBean.java #configure():243 --- Mapping filter: 'hiddenHttpMethodFilter' to: [/*]
2019-01-03 07:23:02.626 INFO [localhost-startStop-1] AbstractFilterRegistrationBean.java #configure():243 --- Mapping filter: 'httpPutFormContentFilter' to: [/*]
2019-01-03 07:23:02.627 INFO [localhost-startStop-1] AbstractFilterRegistrationBean.java #configure():243 --- Mapping filter: 'requestContextFilter' to: [/*]
2019-01-03 07:23:02.781 INFO [main] HikariDataSource.java #getConnection():110 --- HikariPool-1 - Starting...
2019-01-03 07:23:03.027 INFO [main] HikariDataSource.java #getConnection():123 --- HikariPool-1 - Start completed.
2019-01-03 07:23:03.096 INFO [main] LocalContainerEntityManagerFactoryBean.java #createNativeEntityManagerFactory():361 --- Building JPA container EntityManagerFactory for persistence unit 'default'
2019-01-03 07:23:03.109 INFO [main] LogHelper.java #logPersistenceUnitInformation():31 --- HHH000204: Processing PersistenceUnitInfo [
	name: default
	...]
2019-01-03 07:23:03.211 INFO [main] Version.java #logVersion():45 --- HHH000412: Hibernate Core {5.2.14.Final}
2019-01-03 07:23:03.214 INFO [main] Environment.java #<clinit>():213 --- HHH000206: hibernate.properties not found
2019-01-03 07:23:03.262 INFO [main] JavaReflectionManager.java #<clinit>():66 --- HCANN000001: Hibernate Commons Annotations {5.0.1.Final}
2019-01-03 07:23:03.423 INFO [main] Dialect.java #<init>():157 --- HHH000400: Using dialect: org.hibernate.dialect.MySQL5Dialect
2019-01-03 07:23:04.033 INFO [main] AbstractEntityManagerFactoryBean.java #buildNativeEntityManagerFactory():394 --- Initialized JPA EntityManagerFactory for persistence unit 'default'
2019-01-03 07:23:04.454 INFO [main] QueryTranslatorFactoryInitiator.java #initiateService():47 --- HHH000397: Using ASTQueryTranslatorFactory
2019-01-03 07:23:05.118 INFO [main] RequestMappingHandlerAdapter.java #initControllerAdviceCache():567 --- Looking for @ControllerAdvice: org.springframework.boot.web.servlet.context.AnnotationConfigServletWebServerApplicationContext@158a3b2e: startup date [Thu Jan 03 07:23:00 CST 2019]; root of context hierarchy
2019-01-03 07:23:05.179 WARN [main] JpaBaseConfiguration$JpaWebConfiguration$JpaWebMvcConfiguration.java #openEntityManagerInViewInterceptor():235 --- spring.jpa.open-in-view is enabled by default. Therefore, database queries may be performed during view rendering. Explicitly configure spring.jpa.open-in-view to disable this warning
2019-01-03 07:23:05.230 INFO [main] AbstractHandlerMethodMapping$MappingRegistry.java #register():548 --- Mapped "{[/category/update],methods=[GET]}" onto public jack.project.mmall.common.ServerResponse<jack.project.mmall.entity.Category> jack.project.mmall.controller.backend.CategoryAdminController.updateCategoryName(javax.servlet.http.HttpSession,java.lang.String,java.lang.String)
2019-01-03 07:23:05.232 INFO [main] AbstractHandlerMethodMapping$MappingRegistry.java #register():548 --- Mapped "{[/category/add],methods=[GET]}" onto public jack.project.mmall.common.ServerResponse<jack.project.mmall.entity.Category> jack.project.mmall.controller.backend.CategoryAdminController.addCategory(java.lang.String,java.lang.Integer,javax.servlet.http.HttpSession)
2019-01-03 07:23:05.236 INFO [main] AbstractHandlerMethodMapping$MappingRegistry.java #register():548 --- Mapped "{[/user/register],methods=[POST],consumes=[application/json],produces=[application/json]}" onto public jack.project.mmall.common.ServerResponse<java.lang.Integer> jack.project.mmall.controller.portal.UserController.register(jack.project.mmall.entity.User)
2019-01-03 07:23:05.237 INFO [main] AbstractHandlerMethodMapping$MappingRegistry.java #register():548 --- Mapped "{[/user/getUserInfo],methods=[GET],consumes=[application/json],produces=[application/json]}" onto public jack.project.mmall.common.ServerResponse<jack.project.mmall.entity.User> jack.project.mmall.controller.portal.UserController.getUserInfo(javax.servlet.http.HttpSession)
2019-01-03 07:23:05.237 INFO [main] AbstractHandlerMethodMapping$MappingRegistry.java #register():548 --- Mapped "{[/user/forgetPassword/answer],methods=[POST],consumes=[application/json],produces=[application/json]}" onto public jack.project.mmall.common.ServerResponse<java.lang.String> jack.project.mmall.controller.portal.UserController.checkAnswer(java.util.Map<java.lang.String, java.lang.String>)
2019-01-03 07:23:05.238 INFO [main] AbstractHandlerMethodMapping$MappingRegistry.java #register():548 --- Mapped "{[/user/forgetPassword/question],methods=[POST],consumes=[application/json],produces=[application/json]}" onto public jack.project.mmall.common.ServerResponse<java.lang.String> jack.project.mmall.controller.portal.UserController.getQuestion(java.util.Map<java.lang.String, java.lang.String>)
2019-01-03 07:23:05.238 INFO [main] AbstractHandlerMethodMapping$MappingRegistry.java #register():548 --- Mapped "{[/user/updateUser],methods=[POST],consumes=[application/json],produces=[application/json]}" onto public jack.project.mmall.common.ServerResponse<jack.project.mmall.entity.User> jack.project.mmall.controller.portal.UserController.updateUser(javax.servlet.http.HttpSession,jack.project.mmall.entity.User)
2019-01-03 07:23:05.238 INFO [main] AbstractHandlerMethodMapping$MappingRegistry.java #register():548 --- Mapped "{[/user/isValid],methods=[POST],consumes=[application/json],produces=[application/json]}" onto public jack.project.mmall.common.ServerResponse<java.lang.Boolean> jack.project.mmall.controller.portal.UserController.checkValid(java.util.Map<java.lang.String, java.lang.String>)
2019-01-03 07:23:05.240 INFO [main] AbstractHandlerMethodMapping$MappingRegistry.java #register():548 --- Mapped "{[/user/resetPassword],methods=[POST],consumes=[application/json],produces=[application/json]}" onto public jack.project.mmall.common.ServerResponse<java.lang.String> jack.project.mmall.controller.portal.UserController.resetPassword(javax.servlet.http.HttpSession,java.util.Map<java.lang.String, java.lang.String>)
2019-01-03 07:23:05.240 INFO [main] AbstractHandlerMethodMapping$MappingRegistry.java #register():548 --- Mapped "{[/user/logout],methods=[GET],consumes=[application/json],produces=[application/json]}" onto public jack.project.mmall.common.ServerResponse<java.lang.String> jack.project.mmall.controller.portal.UserController.logout(javax.servlet.http.HttpServletRequest)
2019-01-03 07:23:05.240 INFO [main] AbstractHandlerMethodMapping$MappingRegistry.java #register():548 --- Mapped "{[/user/getUserDetails],methods=[GET],consumes=[application/json],produces=[application/json]}" onto public jack.project.mmall.common.ServerResponse<jack.project.mmall.entity.User> jack.project.mmall.controller.portal.UserController.getUserDetails(javax.servlet.http.HttpSession)
2019-01-03 07:23:05.241 INFO [main] AbstractHandlerMethodMapping$MappingRegistry.java #register():548 --- Mapped "{[/user/login],methods=[POST],consumes=[application/json],produces=[application/json]}" onto public jack.project.mmall.common.ServerResponse<jack.project.mmall.entity.User> jack.project.mmall.controller.portal.UserController.login(java.util.Map<java.lang.String, java.lang.String>,javax.servlet.http.HttpSession)
2019-01-03 07:23:05.242 INFO [main] AbstractHandlerMethodMapping$MappingRegistry.java #register():548 --- Mapped "{[/user/forgetPassword/reset],methods=[POST],consumes=[application/json],produces=[application/json]}" onto public jack.project.mmall.common.ServerResponse<java.lang.String> jack.project.mmall.controller.portal.UserController.resetPasswordForget(java.util.Map<java.lang.String, java.lang.String>)
2019-01-03 07:23:05.255 INFO [main] AbstractHandlerMethodMapping$MappingRegistry.java #register():548 --- Mapped "{[/error]}" onto public org.springframework.http.ResponseEntity<java.util.Map<java.lang.String, java.lang.Object>> org.springframework.boot.autoconfigure.web.servlet.error.BasicErrorController.error(javax.servlet.http.HttpServletRequest)
2019-01-03 07:23:05.256 INFO [main] AbstractHandlerMethodMapping$MappingRegistry.java #register():548 --- Mapped "{[/error],produces=[text/html]}" onto public org.springframework.web.servlet.ModelAndView org.springframework.boot.autoconfigure.web.servlet.error.BasicErrorController.errorHtml(javax.servlet.http.HttpServletRequest,javax.servlet.http.HttpServletResponse)
2019-01-03 07:23:05.342 INFO [main] AbstractUrlHandlerMapping.java #registerHandler():373 --- Mapped URL path [/webjars/**] onto handler of type [class org.springframework.web.servlet.resource.ResourceHttpRequestHandler]
2019-01-03 07:23:05.345 INFO [main] AbstractUrlHandlerMapping.java #registerHandler():373 --- Mapped URL path [/**] onto handler of type [class org.springframework.web.servlet.resource.ResourceHttpRequestHandler]
2019-01-03 07:23:05.456 INFO [main] AbstractUrlHandlerMapping.java #registerHandler():373 --- Mapped URL path [/**/favicon.ico] onto handler of type [class org.springframework.web.servlet.resource.ResourceHttpRequestHandler]
2019-01-03 07:23:06.213 INFO [main] MBeanExporter.java #afterSingletonsInstantiated():434 --- Registering beans for JMX exposure on startup
2019-01-03 07:23:06.223 INFO [main] MBeanExporter.java #autodetect():896 --- Bean with name 'dataSource' has been autodetected for JMX exposure
2019-01-03 07:23:06.235 INFO [main] MBeanExporter.java #registerBeanInstance():669 --- Located MBean 'dataSource': registering with JMX server as MBean [com.zaxxer.hikari:name=dataSource,type=HikariDataSource]
2019-01-03 07:23:06.253 INFO [main] DirectJDKLog.java #log():180 --- Starting ProtocolHandler ["http-nio-8080"]
2019-01-03 07:23:06.278 INFO [main] DirectJDKLog.java #log():180 --- Using a shared selector for servlet write/read
2019-01-03 07:23:06.351 INFO [main] TomcatWebServer.java #start():205 --- Tomcat started on port(s): 8080 (http) with context path ''
2019-01-03 07:23:06.358 INFO [main] StartupInfoLogger.java #logStarted():59 --- Started MmallApp in 6.395 seconds (JVM running for 8.73)
2019-01-03 07:23:17.844 INFO [http-nio-8080-exec-3] DirectJDKLog.java #log():180 --- Initializing Spring FrameworkServlet 'dispatcherServlet'
2019-01-03 07:23:17.844 INFO [http-nio-8080-exec-3] FrameworkServlet.java #initServletBean():494 --- FrameworkServlet 'dispatcherServlet': initialization started
2019-01-03 07:23:17.873 INFO [http-nio-8080-exec-3] FrameworkServlet.java #initServletBean():513 --- FrameworkServlet 'dispatcherServlet': initialization completed in 29 ms
