2018-12-25 08:09:32.243 INFO [main] StartupInfoLogger.java #logStarting():50 --- Starting MmallApp on DESKTOP-J5BAIP9 with PID 10544 (C:\Users\zzd16\Desktop\mmall_20181121\target\classes started by Zhengde.ZHOU in C:\Users\zzd16\Desktop\mmall_20181121)
2018-12-25 08:09:32.259 INFO [main] SpringApplication.java #logStartupProfileInfo():656 --- The following profiles are active: local
2018-12-25 08:09:32.349 INFO [main] AbstractApplicationContext.java #prepareRefresh():589 --- Refreshing org.springframework.boot.web.servlet.context.AnnotationConfigServletWebServerApplicationContext@a776e: startup date [Tue Dec 25 08:09:32 CST 2018]; root of context hierarchy
2018-12-25 08:09:34.902 INFO [main] PostProcessorRegistrationDelegate$BeanPostProcessorChecker.java #postProcessAfterInitialization():328 --- Bean 'org.springframework.transaction.annotation.ProxyTransactionManagementConfiguration' of type [org.springframework.transaction.annotation.ProxyTransactionManagementConfiguration$$EnhancerBySpringCGLIB$$a0c36a56] is not eligible for getting processed by all BeanPostProcessors (for example: not eligible for auto-proxying)
2018-12-25 08:09:35.601 INFO [main] TomcatWebServer.java #initialize():91 --- Tomcat initialized with port(s): 8080 (http)
2018-12-25 08:09:35.642 INFO [main] DirectJDKLog.java #log():180 --- Initializing ProtocolHandler ["http-nio-8080"]
2018-12-25 08:09:35.675 INFO [main] DirectJDKLog.java #log():180 --- Starting service [Tomcat]
2018-12-25 08:09:35.675 INFO [main] DirectJDKLog.java #log():180 --- Starting Servlet Engine: Apache Tomcat/8.5.28
2018-12-25 08:09:35.690 INFO [localhost-startStop-1] DirectJDKLog.java #log():180 --- The APR based Apache Tomcat Native library which allows optimal performance in production environments was not found on the java.library.path: [C:\Software\Java\jdk1.8.0_151\bin;C:\WINDOWS\Sun\Java\bin;C:\WINDOWS\system32;C:\WINDOWS;C:\Program Files\Docker\Docker\Resources\bin;C:\Program Files (x86)\Common Files\Oracle\Java\javapath;C:\Program Files (x86)\Intel\iCLS Client\;C:\ProgramData\Oracle\Java\javapath;C:\Program Files\Intel\iCLS Client\;C:\Windows\system32;C:\Windows;C:\Windows\System32\Wbem;C:\Windows\System32\WindowsPowerShell\v1.0\;C:\Program Files (x86)\NVIDIA Corporation\PhysX\Common;C:\Software\Git\cmd;C:\Program Files\MySQL\MySQL Utilities 1.6\;"C:\Software\Java\jdk1.8.0_151\bin;";C:\Software\unzip\apache-maven-3.3.9\bin;C:\WINDOWS\system32;C:\WINDOWS;C:\WINDOWS\System32\Wbem;C:\WINDOWS\System32\WindowsPowerShell\v1.0\;C:\Program Files (x86)\Intel\Intel(R) Management Engine Components\DAL;C:\Program Files\Intel\Intel(R) Management Engine Components\DAL;C:\Program Files (x86)\Intel\Intel(R) Management Engine Components\IPT;C:\Program Files\Intel\Intel(R) Management Engine Components\IPT;C:\WINDOWS\System32\OpenSSH\;C:\Program Files\Intel\WiFi\bin\;C:\Program Files\Common Files\Intel\WirelessCommon\;C:\Software\nodejs\;C:\Software\nodejs\;C:\Software\PuTTY\;C:\Users\zzd16\AppData\Local\Microsoft\WindowsApps;C:\Users\zzd16\AppData\Roaming\npm;C:\Users\zzd16\AppData\Local\GitHubDesktop\bin;.]
2018-12-25 08:09:36.053 INFO [localhost-startStop-1] DirectJDKLog.java #log():180 --- Initializing Spring embedded WebApplicationContext
2018-12-25 08:09:36.054 INFO [localhost-startStop-1] ServletWebServerApplicationContext.java #prepareWebApplicationContext():285 --- Root WebApplicationContext: initialization completed in 3723 ms
2018-12-25 08:09:36.320 INFO [localhost-startStop-1] ServletRegistrationBean.java #addRegistration():185 --- Servlet dispatcherServlet mapped to [/]
2018-12-25 08:09:36.333 INFO [localhost-startStop-1] AbstractFilterRegistrationBean.java #configure():243 --- Mapping filter: 'characterEncodingFilter' to: [/*]
2018-12-25 08:09:36.334 INFO [localhost-startStop-1] AbstractFilterRegistrationBean.java #configure():243 --- Mapping filter: 'hiddenHttpMethodFilter' to: [/*]
2018-12-25 08:09:36.334 INFO [localhost-startStop-1] AbstractFilterRegistrationBean.java #configure():243 --- Mapping filter: 'httpPutFormContentFilter' to: [/*]
2018-12-25 08:09:36.335 INFO [localhost-startStop-1] AbstractFilterRegistrationBean.java #configure():243 --- Mapping filter: 'requestContextFilter' to: [/*]
2018-12-25 08:09:36.649 INFO [main] HikariDataSource.java #getConnection():110 --- HikariPool-1 - Starting...
2018-12-25 08:09:36.973 INFO [main] HikariDataSource.java #getConnection():123 --- HikariPool-1 - Start completed.
2018-12-25 08:09:37.056 INFO [main] LocalContainerEntityManagerFactoryBean.java #createNativeEntityManagerFactory():361 --- Building JPA container EntityManagerFactory for persistence unit 'default'
2018-12-25 08:09:37.075 INFO [main] LogHelper.java #logPersistenceUnitInformation():31 --- HHH000204: Processing PersistenceUnitInfo [
	name: default
	...]
2018-12-25 08:09:37.213 INFO [main] Version.java #logVersion():45 --- HHH000412: Hibernate Core {5.2.14.Final}
2018-12-25 08:09:37.216 INFO [main] Environment.java #<clinit>():213 --- HHH000206: hibernate.properties not found
2018-12-25 08:09:37.329 INFO [main] JavaReflectionManager.java #<clinit>():66 --- HCANN000001: Hibernate Commons Annotations {5.0.1.Final}
2018-12-25 08:09:37.664 INFO [main] Dialect.java #<init>():157 --- HHH000400: Using dialect: org.hibernate.dialect.MySQL5Dialect
2018-12-25 08:09:38.523 INFO [main] AbstractEntityManagerFactoryBean.java #buildNativeEntityManagerFactory():394 --- Initialized JPA EntityManagerFactory for persistence unit 'default'
2018-12-25 08:09:39.001 INFO [main] QueryTranslatorFactoryInitiator.java #initiateService():47 --- HHH000397: Using ASTQueryTranslatorFactory
2018-12-25 08:09:39.637 INFO [main] RequestMappingHandlerAdapter.java #initControllerAdviceCache():567 --- Looking for @ControllerAdvice: org.springframework.boot.web.servlet.context.AnnotationConfigServletWebServerApplicationContext@a776e: startup date [Tue Dec 25 08:09:32 CST 2018]; root of context hierarchy
2018-12-25 08:09:39.695 WARN [main] JpaBaseConfiguration$JpaWebConfiguration$JpaWebMvcConfiguration.java #openEntityManagerInViewInterceptor():235 --- spring.jpa.open-in-view is enabled by default. Therefore, database queries may be performed during view rendering. Explicitly configure spring.jpa.open-in-view to disable this warning
2018-12-25 08:09:39.750 INFO [main] AbstractHandlerMethodMapping$MappingRegistry.java #register():548 --- Mapped "{[/user/register],methods=[POST],consumes=[application/json],produces=[application/json]}" onto public jack.project.mmall.common.ServerResponse<java.lang.Integer> jack.project.mmall.controller.portal.UserController.register(jack.project.mmall.entity.User)
2018-12-25 08:09:39.752 INFO [main] AbstractHandlerMethodMapping$MappingRegistry.java #register():548 --- Mapped "{[/user/getUserInfo],methods=[GET],consumes=[application/json],produces=[application/json]}" onto public jack.project.mmall.common.ServerResponse<jack.project.mmall.entity.User> jack.project.mmall.controller.portal.UserController.getUserInfo(javax.servlet.http.HttpSession)
2018-12-25 08:09:39.752 INFO [main] AbstractHandlerMethodMapping$MappingRegistry.java #register():548 --- Mapped "{[/user/forgetPassword/reset],methods=[POST],consumes=[application/json],produces=[application/json]}" onto public jack.project.mmall.common.ServerResponse<java.lang.String> jack.project.mmall.controller.portal.UserController.resetPasswordForget(java.util.Map<java.lang.String, java.lang.String>)
2018-12-25 08:09:39.752 INFO [main] AbstractHandlerMethodMapping$MappingRegistry.java #register():548 --- Mapped "{[/user/login],methods=[POST],consumes=[application/json],produces=[application/json]}" onto public jack.project.mmall.common.ServerResponse<jack.project.mmall.entity.User> jack.project.mmall.controller.portal.UserController.login(java.util.Map<java.lang.String, java.lang.String>,javax.servlet.http.HttpSession)
2018-12-25 08:09:39.753 INFO [main] AbstractHandlerMethodMapping$MappingRegistry.java #register():548 --- Mapped "{[/user/forgetPassword/question],methods=[POST],consumes=[application/json],produces=[application/json]}" onto public jack.project.mmall.common.ServerResponse<java.lang.String> jack.project.mmall.controller.portal.UserController.getQuestion(java.util.Map<java.lang.String, java.lang.String>)
2018-12-25 08:09:39.753 INFO [main] AbstractHandlerMethodMapping$MappingRegistry.java #register():548 --- Mapped "{[/user/forgetPassword/answer],methods=[POST],consumes=[application/json],produces=[application/json]}" onto public jack.project.mmall.common.ServerResponse<java.lang.String> jack.project.mmall.controller.portal.UserController.checkAnswer(java.util.Map<java.lang.String, java.lang.String>)
2018-12-25 08:09:39.753 INFO [main] AbstractHandlerMethodMapping$MappingRegistry.java #register():548 --- Mapped "{[/user/getUserDetails],methods=[GET],consumes=[application/json],produces=[application/json]}" onto public jack.project.mmall.common.ServerResponse<jack.project.mmall.entity.User> jack.project.mmall.controller.portal.UserController.getUserDetails(javax.servlet.http.HttpSession)
2018-12-25 08:09:39.754 INFO [main] AbstractHandlerMethodMapping$MappingRegistry.java #register():548 --- Mapped "{[/user/resetPassword],methods=[POST],consumes=[application/json],produces=[application/json]}" onto public jack.project.mmall.common.ServerResponse<java.lang.String> jack.project.mmall.controller.portal.UserController.resetPassword(javax.servlet.http.HttpSession,java.util.Map<java.lang.String, java.lang.String>)
2018-12-25 08:09:39.754 INFO [main] AbstractHandlerMethodMapping$MappingRegistry.java #register():548 --- Mapped "{[/user/updateUser],methods=[POST],consumes=[application/json],produces=[application/json]}" onto public jack.project.mmall.common.ServerResponse<jack.project.mmall.entity.User> jack.project.mmall.controller.portal.UserController.updateUser(javax.servlet.http.HttpSession,jack.project.mmall.entity.User)
2018-12-25 08:09:39.754 INFO [main] AbstractHandlerMethodMapping$MappingRegistry.java #register():548 --- Mapped "{[/user/logout],methods=[GET],consumes=[application/json],produces=[application/json]}" onto public jack.project.mmall.common.ServerResponse<java.lang.String> jack.project.mmall.controller.portal.UserController.logout(javax.servlet.http.HttpSession)
2018-12-25 08:09:39.755 INFO [main] AbstractHandlerMethodMapping$MappingRegistry.java #register():548 --- Mapped "{[/user/isValid],methods=[POST],consumes=[application/json],produces=[application/json]}" onto public jack.project.mmall.common.ServerResponse<java.lang.Boolean> jack.project.mmall.controller.portal.UserController.checkValid(java.util.Map<java.lang.String, java.lang.String>)
2018-12-25 08:09:39.774 INFO [main] AbstractHandlerMethodMapping$MappingRegistry.java #register():548 --- Mapped "{[/error]}" onto public org.springframework.http.ResponseEntity<java.util.Map<java.lang.String, java.lang.Object>> org.springframework.boot.autoconfigure.web.servlet.error.BasicErrorController.error(javax.servlet.http.HttpServletRequest)
2018-12-25 08:09:39.776 INFO [main] AbstractHandlerMethodMapping$MappingRegistry.java #register():548 --- Mapped "{[/error],produces=[text/html]}" onto public org.springframework.web.servlet.ModelAndView org.springframework.boot.autoconfigure.web.servlet.error.BasicErrorController.errorHtml(javax.servlet.http.HttpServletRequest,javax.servlet.http.HttpServletResponse)
2018-12-25 08:09:39.891 INFO [main] AbstractUrlHandlerMapping.java #registerHandler():373 --- Mapped URL path [/webjars/**] onto handler of type [class org.springframework.web.servlet.resource.ResourceHttpRequestHandler]
2018-12-25 08:09:39.897 INFO [main] AbstractUrlHandlerMapping.java #registerHandler():373 --- Mapped URL path [/**] onto handler of type [class org.springframework.web.servlet.resource.ResourceHttpRequestHandler]
2018-12-25 08:09:39.975 INFO [main] AbstractUrlHandlerMapping.java #registerHandler():373 --- Mapped URL path [/**/favicon.ico] onto handler of type [class org.springframework.web.servlet.resource.ResourceHttpRequestHandler]
2018-12-25 08:09:40.420 INFO [main] MBeanExporter.java #afterSingletonsInstantiated():434 --- Registering beans for JMX exposure on startup
2018-12-25 08:09:40.420 INFO [main] MBeanExporter.java #autodetect():896 --- Bean with name 'dataSource' has been autodetected for JMX exposure
2018-12-25 08:09:40.428 INFO [main] MBeanExporter.java #registerBeanInstance():669 --- Located MBean 'dataSource': registering with JMX server as MBean [com.zaxxer.hikari:name=dataSource,type=HikariDataSource]
2018-12-25 08:09:40.438 INFO [main] DirectJDKLog.java #log():180 --- Starting ProtocolHandler ["http-nio-8080"]
2018-12-25 08:09:40.451 INFO [main] DirectJDKLog.java #log():180 --- Using a shared selector for servlet write/read
2018-12-25 08:09:40.471 INFO [main] TomcatWebServer.java #start():205 --- Tomcat started on port(s): 8080 (http) with context path ''
2018-12-25 08:09:40.475 INFO [main] StartupInfoLogger.java #logStarted():59 --- Started MmallApp in 9.131 seconds (JVM running for 14.846)
2018-12-25 08:09:53.570 INFO [http-nio-8080-exec-3] DirectJDKLog.java #log():180 --- Initializing Spring FrameworkServlet 'dispatcherServlet'
2018-12-25 08:09:53.570 INFO [http-nio-8080-exec-3] FrameworkServlet.java #initServletBean():494 --- FrameworkServlet 'dispatcherServlet': initialization started
2018-12-25 08:09:53.598 INFO [http-nio-8080-exec-3] FrameworkServlet.java #initServletBean():513 --- FrameworkServlet 'dispatcherServlet': initialization completed in 27 ms
2018-12-25 08:26:14.726 ERROR [http-nio-8080-exec-6] ExceptionMapperStandardImpl.java #mapManagedFlushFailure():39 --- HHH000346: Error during managed flush [Validation failed for classes [jack.project.mmall.entity.User] during update time for groups [javax.validation.groups.Default, ]
List of constraint violations:[
	ConstraintViolationImpl{interpolatedMessage='不能为null', propertyPath=password, rootBeanClass=class jack.project.mmall.entity.User, messageTemplate='{javax.validation.constraints.NotNull.message}'}
]]
2018-12-25 08:26:14.771 ERROR [http-nio-8080-exec-6] DirectJDKLog.java #log():182 --- Servlet.service() for servlet [dispatcherServlet] in context with path [] threw exception [Request processing failed; nested exception is org.springframework.transaction.TransactionSystemException: Could not commit JPA transaction; nested exception is javax.persistence.RollbackException: Error while committing the transaction] with root cause
javax.validation.ConstraintViolationException: Validation failed for classes [jack.project.mmall.entity.User] during update time for groups [javax.validation.groups.Default, ]
List of constraint violations:[
	ConstraintViolationImpl{interpolatedMessage='不能为null', propertyPath=password, rootBeanClass=class jack.project.mmall.entity.User, messageTemplate='{javax.validation.constraints.NotNull.message}'}
]
	at org.hibernate.cfg.beanvalidation.BeanValidationEventListener.validate(BeanValidationEventListener.java:140) ~[hibernate-core-5.2.14.Final.jar:5.2.14.Final]
	at org.hibernate.cfg.beanvalidation.BeanValidationEventListener.onPreUpdate(BeanValidationEventListener.java:88) ~[hibernate-core-5.2.14.Final.jar:5.2.14.Final]
	at org.hibernate.action.internal.EntityUpdateAction.preUpdate(EntityUpdateAction.java:244) ~[hibernate-core-5.2.14.Final.jar:5.2.14.Final]
	at org.hibernate.action.internal.EntityUpdateAction.execute(EntityUpdateAction.java:118) ~[hibernate-core-5.2.14.Final.jar:5.2.14.Final]
	at org.hibernate.engine.spi.ActionQueue.executeActions(ActionQueue.java:599) ~[hibernate-core-5.2.14.Final.jar:5.2.14.Final]
	at org.hibernate.engine.spi.ActionQueue.executeActions(ActionQueue.java:473) ~[hibernate-core-5.2.14.Final.jar:5.2.14.Final]
	at org.hibernate.event.internal.AbstractFlushingEventListener.performExecutions(AbstractFlushingEventListener.java:337) ~[hibernate-core-5.2.14.Final.jar:5.2.14.Final]
	at org.hibernate.event.internal.DefaultFlushEventListener.onFlush(DefaultFlushEventListener.java:39) ~[hibernate-core-5.2.14.Final.jar:5.2.14.Final]
	at org.hibernate.internal.SessionImpl.doFlush(SessionImpl.java:1436) ~[hibernate-core-5.2.14.Final.jar:5.2.14.Final]
	at org.hibernate.internal.SessionImpl.managedFlush(SessionImpl.java:493) ~[hibernate-core-5.2.14.Final.jar:5.2.14.Final]
	at org.hibernate.internal.SessionImpl.flushBeforeTransactionCompletion(SessionImpl.java:3206) ~[hibernate-core-5.2.14.Final.jar:5.2.14.Final]
	at org.hibernate.internal.SessionImpl.beforeTransactionCompletion(SessionImpl.java:2412) ~[hibernate-core-5.2.14.Final.jar:5.2.14.Final]
	at org.hibernate.engine.jdbc.internal.JdbcCoordinatorImpl.beforeTransactionCompletion(JdbcCoordinatorImpl.java:473) ~[hibernate-core-5.2.14.Final.jar:5.2.14.Final]
	at org.hibernate.resource.transaction.backend.jdbc.internal.JdbcResourceLocalTransactionCoordinatorImpl.beforeCompletionCallback(JdbcResourceLocalTransactionCoordinatorImpl.java:156) ~[hibernate-core-5.2.14.Final.jar:5.2.14.Final]
	at org.hibernate.resource.transaction.backend.jdbc.internal.JdbcResourceLocalTransactionCoordinatorImpl.access$100(JdbcResourceLocalTransactionCoordinatorImpl.java:38) ~[hibernate-core-5.2.14.Final.jar:5.2.14.Final]
	at org.hibernate.resource.transaction.backend.jdbc.internal.JdbcResourceLocalTransactionCoordinatorImpl$TransactionDriverControlImpl.commit(JdbcResourceLocalTransactionCoordinatorImpl.java:231) ~[hibernate-core-5.2.14.Final.jar:5.2.14.Final]
	at org.hibernate.engine.transaction.internal.TransactionImpl.commit(TransactionImpl.java:68) ~[hibernate-core-5.2.14.Final.jar:5.2.14.Final]
	at org.springframework.orm.jpa.JpaTransactionManager.doCommit(JpaTransactionManager.java:536) ~[spring-orm-5.0.4.RELEASE.jar:5.0.4.RELEASE]
	at org.springframework.transaction.support.AbstractPlatformTransactionManager.processCommit(AbstractPlatformTransactionManager.java:746) ~[spring-tx-5.0.4.RELEASE.jar:5.0.4.RELEASE]
	at org.springframework.transaction.support.AbstractPlatformTransactionManager.commit(AbstractPlatformTransactionManager.java:714) ~[spring-tx-5.0.4.RELEASE.jar:5.0.4.RELEASE]
	at org.springframework.transaction.interceptor.TransactionAspectSupport.commitTransactionAfterReturning(TransactionAspectSupport.java:532) ~[spring-tx-5.0.4.RELEASE.jar:5.0.4.RELEASE]
	at org.springframework.transaction.interceptor.TransactionAspectSupport.invokeWithinTransaction(TransactionAspectSupport.java:304) ~[spring-tx-5.0.4.RELEASE.jar:5.0.4.RELEASE]
	at org.springframework.transaction.interceptor.TransactionInterceptor.invoke(TransactionInterceptor.java:98) ~[spring-tx-5.0.4.RELEASE.jar:5.0.4.RELEASE]
	at org.springframework.aop.framework.ReflectiveMethodInvocation.proceed(ReflectiveMethodInvocation.java:185) ~[spring-aop-5.0.4.RELEASE.jar:5.0.4.RELEASE]
	at org.springframework.dao.support.PersistenceExceptionTranslationInterceptor.invoke(PersistenceExceptionTranslationInterceptor.java:139) ~[spring-tx-5.0.4.RELEASE.jar:5.0.4.RELEASE]
	at org.springframework.aop.framework.ReflectiveMethodInvocation.proceed(ReflectiveMethodInvocation.java:185) ~[spring-aop-5.0.4.RELEASE.jar:5.0.4.RELEASE]
	at org.springframework.data.jpa.repository.support.CrudMethodMetadataPostProcessor$CrudMethodMetadataPopulatingMethodInterceptor.invoke(CrudMethodMetadataPostProcessor.java:135) ~[spring-data-jpa-2.0.5.RELEASE.jar:2.0.5.RELEASE]
	at org.springframework.aop.framework.ReflectiveMethodInvocation.proceed(ReflectiveMethodInvocation.java:185) ~[spring-aop-5.0.4.RELEASE.jar:5.0.4.RELEASE]
	at org.springframework.aop.interceptor.ExposeInvocationInterceptor.invoke(ExposeInvocationInterceptor.java:92) ~[spring-aop-5.0.4.RELEASE.jar:5.0.4.RELEASE]
	at org.springframework.aop.framework.ReflectiveMethodInvocation.proceed(ReflectiveMethodInvocation.java:185) ~[spring-aop-5.0.4.RELEASE.jar:5.0.4.RELEASE]
	at org.springframework.data.repository.core.support.SurroundingTransactionDetectorMethodInterceptor.invoke(SurroundingTransactionDetectorMethodInterceptor.java:61) ~[spring-data-commons-2.0.5.RELEASE.jar:2.0.5.RELEASE]
	at org.springframework.aop.framework.ReflectiveMethodInvocation.proceed(ReflectiveMethodInvocation.java:185) ~[spring-aop-5.0.4.RELEASE.jar:5.0.4.RELEASE]
	at org.springframework.aop.framework.JdkDynamicAopProxy.invoke(JdkDynamicAopProxy.java:212) ~[spring-aop-5.0.4.RELEASE.jar:5.0.4.RELEASE]
	at com.sun.proxy.$Proxy108.save(Unknown Source) ~[?:?]
	at jack.project.mmall.service.impl.UserServiceImpl.updateUser(UserServiceImpl.java:180) ~[classes/:?]
	at jack.project.mmall.controller.portal.UserController.updateUser(UserController.java:119) ~[classes/:?]
	at sun.reflect.NativeMethodAccessorImpl.invoke0(Native Method) ~[?:1.8.0_151]
	at sun.reflect.NativeMethodAccessorImpl.invoke(NativeMethodAccessorImpl.java:62) ~[?:1.8.0_151]
	at sun.reflect.DelegatingMethodAccessorImpl.invoke(DelegatingMethodAccessorImpl.java:43) ~[?:1.8.0_151]
	at java.lang.reflect.Method.invoke(Method.java:498) ~[?:1.8.0_151]
	at org.springframework.web.method.support.InvocableHandlerMethod.doInvoke(InvocableHandlerMethod.java:209) ~[spring-web-5.0.4.RELEASE.jar:5.0.4.RELEASE]
	at org.springframework.web.method.support.InvocableHandlerMethod.invokeForRequest(InvocableHandlerMethod.java:136) ~[spring-web-5.0.4.RELEASE.jar:5.0.4.RELEASE]
	at org.springframework.web.servlet.mvc.method.annotation.ServletInvocableHandlerMethod.invokeAndHandle(ServletInvocableHandlerMethod.java:102) ~[spring-webmvc-5.0.4.RELEASE.jar:5.0.4.RELEASE]
	at org.springframework.web.servlet.mvc.method.annotation.RequestMappingHandlerAdapter.invokeHandlerMethod(RequestMappingHandlerAdapter.java:870) ~[spring-webmvc-5.0.4.RELEASE.jar:5.0.4.RELEASE]
	at org.springframework.web.servlet.mvc.method.annotation.RequestMappingHandlerAdapter.handleInternal(RequestMappingHandlerAdapter.java:776) ~[spring-webmvc-5.0.4.RELEASE.jar:5.0.4.RELEASE]
	at org.springframework.web.servlet.mvc.method.AbstractHandlerMethodAdapter.handle(AbstractHandlerMethodAdapter.java:87) ~[spring-webmvc-5.0.4.RELEASE.jar:5.0.4.RELEASE]
	at org.springframework.web.servlet.DispatcherServlet.doDispatch(DispatcherServlet.java:991) ~[spring-webmvc-5.0.4.RELEASE.jar:5.0.4.RELEASE]
	at org.springframework.web.servlet.DispatcherServlet.doService(DispatcherServlet.java:925) ~[spring-webmvc-5.0.4.RELEASE.jar:5.0.4.RELEASE]
	at org.springframework.web.servlet.FrameworkServlet.processRequest(FrameworkServlet.java:978) ~[spring-webmvc-5.0.4.RELEASE.jar:5.0.4.RELEASE]
	at org.springframework.web.servlet.FrameworkServlet.doPost(FrameworkServlet.java:881) ~[spring-webmvc-5.0.4.RELEASE.jar:5.0.4.RELEASE]
	at javax.servlet.http.HttpServlet.service(HttpServlet.java:661) ~[tomcat-embed-core-8.5.28.jar:8.5.28]
	at org.springframework.web.servlet.FrameworkServlet.service(FrameworkServlet.java:855) ~[spring-webmvc-5.0.4.RELEASE.jar:5.0.4.RELEASE]
	at javax.servlet.http.HttpServlet.service(HttpServlet.java:742) ~[tomcat-embed-core-8.5.28.jar:8.5.28]
	at org.apache.catalina.core.ApplicationFilterChain.internalDoFilter(ApplicationFilterChain.java:231) ~[tomcat-embed-core-8.5.28.jar:8.5.28]
	at org.apache.catalina.core.ApplicationFilterChain.doFilter(ApplicationFilterChain.java:166) ~[tomcat-embed-core-8.5.28.jar:8.5.28]
	at org.apache.tomcat.websocket.server.WsFilter.doFilter(WsFilter.java:52) ~[tomcat-embed-websocket-8.5.28.jar:8.5.28]
	at org.apache.catalina.core.ApplicationFilterChain.internalDoFilter(ApplicationFilterChain.java:193) ~[tomcat-embed-core-8.5.28.jar:8.5.28]
	at org.apache.catalina.core.ApplicationFilterChain.doFilter(ApplicationFilterChain.java:166) ~[tomcat-embed-core-8.5.28.jar:8.5.28]
	at org.springframework.web.filter.RequestContextFilter.doFilterInternal(RequestContextFilter.java:99) ~[spring-web-5.0.4.RELEASE.jar:5.0.4.RELEASE]
	at org.springframework.web.filter.OncePerRequestFilter.doFilter(OncePerRequestFilter.java:107) ~[spring-web-5.0.4.RELEASE.jar:5.0.4.RELEASE]
	at org.apache.catalina.core.ApplicationFilterChain.internalDoFilter(ApplicationFilterChain.java:193) ~[tomcat-embed-core-8.5.28.jar:8.5.28]
	at org.apache.catalina.core.ApplicationFilterChain.doFilter(ApplicationFilterChain.java:166) ~[tomcat-embed-core-8.5.28.jar:8.5.28]
	at org.springframework.web.filter.HttpPutFormContentFilter.doFilterInternal(HttpPutFormContentFilter.java:109) ~[spring-web-5.0.4.RELEASE.jar:5.0.4.RELEASE]
	at org.springframework.web.filter.OncePerRequestFilter.doFilter(OncePerRequestFilter.java:107) ~[spring-web-5.0.4.RELEASE.jar:5.0.4.RELEASE]
	at org.apache.catalina.core.ApplicationFilterChain.internalDoFilter(ApplicationFilterChain.java:193) ~[tomcat-embed-core-8.5.28.jar:8.5.28]
	at org.apache.catalina.core.ApplicationFilterChain.doFilter(ApplicationFilterChain.java:166) ~[tomcat-embed-core-8.5.28.jar:8.5.28]
	at org.springframework.web.filter.HiddenHttpMethodFilter.doFilterInternal(HiddenHttpMethodFilter.java:81) ~[spring-web-5.0.4.RELEASE.jar:5.0.4.RELEASE]
	at org.springframework.web.filter.OncePerRequestFilter.doFilter(OncePerRequestFilter.java:107) ~[spring-web-5.0.4.RELEASE.jar:5.0.4.RELEASE]
	at org.apache.catalina.core.ApplicationFilterChain.internalDoFilter(ApplicationFilterChain.java:193) ~[tomcat-embed-core-8.5.28.jar:8.5.28]
	at org.apache.catalina.core.ApplicationFilterChain.doFilter(ApplicationFilterChain.java:166) ~[tomcat-embed-core-8.5.28.jar:8.5.28]
	at org.springframework.web.filter.CharacterEncodingFilter.doFilterInternal(CharacterEncodingFilter.java:200) ~[spring-web-5.0.4.RELEASE.jar:5.0.4.RELEASE]
	at org.springframework.web.filter.OncePerRequestFilter.doFilter(OncePerRequestFilter.java:107) ~[spring-web-5.0.4.RELEASE.jar:5.0.4.RELEASE]
	at org.apache.catalina.core.ApplicationFilterChain.internalDoFilter(ApplicationFilterChain.java:193) ~[tomcat-embed-core-8.5.28.jar:8.5.28]
	at org.apache.catalina.core.ApplicationFilterChain.doFilter(ApplicationFilterChain.java:166) ~[tomcat-embed-core-8.5.28.jar:8.5.28]
	at org.apache.catalina.core.StandardWrapperValve.invoke(StandardWrapperValve.java:199) [tomcat-embed-core-8.5.28.jar:8.5.28]
	at org.apache.catalina.core.StandardContextValve.invoke(StandardContextValve.java:96) [tomcat-embed-core-8.5.28.jar:8.5.28]
	at org.apache.catalina.authenticator.AuthenticatorBase.invoke(AuthenticatorBase.java:496) [tomcat-embed-core-8.5.28.jar:8.5.28]
	at org.apache.catalina.core.StandardHostValve.invoke(StandardHostValve.java:140) [tomcat-embed-core-8.5.28.jar:8.5.28]
	at org.apache.catalina.valves.ErrorReportValve.invoke(ErrorReportValve.java:81) [tomcat-embed-core-8.5.28.jar:8.5.28]
	at org.apache.catalina.core.StandardEngineValve.invoke(StandardEngineValve.java:87) [tomcat-embed-core-8.5.28.jar:8.5.28]
	at org.apache.catalina.connector.CoyoteAdapter.service(CoyoteAdapter.java:342) [tomcat-embed-core-8.5.28.jar:8.5.28]
	at org.apache.coyote.http11.Http11Processor.service(Http11Processor.java:803) [tomcat-embed-core-8.5.28.jar:8.5.28]
	at org.apache.coyote.AbstractProcessorLight.process(AbstractProcessorLight.java:66) [tomcat-embed-core-8.5.28.jar:8.5.28]
	at org.apache.coyote.AbstractProtocol$ConnectionHandler.process(AbstractProtocol.java:790) [tomcat-embed-core-8.5.28.jar:8.5.28]
	at org.apache.tomcat.util.net.NioEndpoint$SocketProcessor.doRun(NioEndpoint.java:1459) [tomcat-embed-core-8.5.28.jar:8.5.28]
	at org.apache.tomcat.util.net.SocketProcessorBase.run(SocketProcessorBase.java:49) [tomcat-embed-core-8.5.28.jar:8.5.28]
	at java.util.concurrent.ThreadPoolExecutor.runWorker(ThreadPoolExecutor.java:1149) [?:1.8.0_151]
	at java.util.concurrent.ThreadPoolExecutor$Worker.run(ThreadPoolExecutor.java:624) [?:1.8.0_151]
	at org.apache.tomcat.util.threads.TaskThread$WrappingRunnable.run(TaskThread.java:61) [tomcat-embed-core-8.5.28.jar:8.5.28]
	at java.lang.Thread.run(Thread.java:748) [?:1.8.0_151]
2018-12-25 08:30:39.985 INFO [main] StartupInfoLogger.java #logStarting():50 --- Starting MmallApp on DESKTOP-J5BAIP9 with PID 420 (C:\Users\zzd16\Desktop\mmall_20181121\target\classes started by Zhengde.ZHOU in C:\Users\zzd16\Desktop\mmall_20181121)
2018-12-25 08:30:39.997 INFO [main] SpringApplication.java #logStartupProfileInfo():656 --- The following profiles are active: local
2018-12-25 08:30:40.056 INFO [main] AbstractApplicationContext.java #prepareRefresh():589 --- Refreshing org.springframework.boot.web.servlet.context.AnnotationConfigServletWebServerApplicationContext@50ecde95: startup date [Tue Dec 25 08:30:40 CST 2018]; root of context hierarchy
2018-12-25 08:30:41.589 INFO [main] PostProcessorRegistrationDelegate$BeanPostProcessorChecker.java #postProcessAfterInitialization():328 --- Bean 'org.springframework.transaction.annotation.ProxyTransactionManagementConfiguration' of type [org.springframework.transaction.annotation.ProxyTransactionManagementConfiguration$$EnhancerBySpringCGLIB$$f4cd8336] is not eligible for getting processed by all BeanPostProcessors (for example: not eligible for auto-proxying)
2018-12-25 08:30:42.136 INFO [main] TomcatWebServer.java #initialize():91 --- Tomcat initialized with port(s): 8080 (http)
2018-12-25 08:30:42.151 INFO [main] DirectJDKLog.java #log():180 --- Initializing ProtocolHandler ["http-nio-8080"]
2018-12-25 08:30:42.166 INFO [main] DirectJDKLog.java #log():180 --- Starting service [Tomcat]
2018-12-25 08:30:42.166 INFO [main] DirectJDKLog.java #log():180 --- Starting Servlet Engine: Apache Tomcat/8.5.28
2018-12-25 08:30:42.174 INFO [localhost-startStop-1] DirectJDKLog.java #log():180 --- The APR based Apache Tomcat Native library which allows optimal performance in production environments was not found on the java.library.path: [C:\Software\Java\jdk1.8.0_151\bin;C:\WINDOWS\Sun\Java\bin;C:\WINDOWS\system32;C:\WINDOWS;C:\Program Files\Docker\Docker\Resources\bin;C:\Program Files (x86)\Common Files\Oracle\Java\javapath;C:\Program Files (x86)\Intel\iCLS Client\;C:\ProgramData\Oracle\Java\javapath;C:\Program Files\Intel\iCLS Client\;C:\Windows\system32;C:\Windows;C:\Windows\System32\Wbem;C:\Windows\System32\WindowsPowerShell\v1.0\;C:\Program Files (x86)\NVIDIA Corporation\PhysX\Common;C:\Software\Git\cmd;C:\Program Files\MySQL\MySQL Utilities 1.6\;"C:\Software\Java\jdk1.8.0_151\bin;";C:\Software\unzip\apache-maven-3.3.9\bin;C:\WINDOWS\system32;C:\WINDOWS;C:\WINDOWS\System32\Wbem;C:\WINDOWS\System32\WindowsPowerShell\v1.0\;C:\Program Files (x86)\Intel\Intel(R) Management Engine Components\DAL;C:\Program Files\Intel\Intel(R) Management Engine Components\DAL;C:\Program Files (x86)\Intel\Intel(R) Management Engine Components\IPT;C:\Program Files\Intel\Intel(R) Management Engine Components\IPT;C:\WINDOWS\System32\OpenSSH\;C:\Program Files\Intel\WiFi\bin\;C:\Program Files\Common Files\Intel\WirelessCommon\;C:\Software\nodejs\;C:\Software\nodejs\;C:\Software\PuTTY\;C:\Users\zzd16\AppData\Local\Microsoft\WindowsApps;C:\Users\zzd16\AppData\Roaming\npm;C:\Users\zzd16\AppData\Local\GitHubDesktop\bin;.]
2018-12-25 08:30:42.343 INFO [localhost-startStop-1] DirectJDKLog.java #log():180 --- Initializing Spring embedded WebApplicationContext
2018-12-25 08:30:42.343 INFO [localhost-startStop-1] ServletWebServerApplicationContext.java #prepareWebApplicationContext():285 --- Root WebApplicationContext: initialization completed in 2291 ms
2018-12-25 08:30:42.581 INFO [localhost-startStop-1] ServletRegistrationBean.java #addRegistration():185 --- Servlet dispatcherServlet mapped to [/]
2018-12-25 08:30:42.590 INFO [localhost-startStop-1] AbstractFilterRegistrationBean.java #configure():243 --- Mapping filter: 'characterEncodingFilter' to: [/*]
2018-12-25 08:30:42.591 INFO [localhost-startStop-1] AbstractFilterRegistrationBean.java #configure():243 --- Mapping filter: 'hiddenHttpMethodFilter' to: [/*]
2018-12-25 08:30:42.592 INFO [localhost-startStop-1] AbstractFilterRegistrationBean.java #configure():243 --- Mapping filter: 'httpPutFormContentFilter' to: [/*]
2018-12-25 08:30:42.593 INFO [localhost-startStop-1] AbstractFilterRegistrationBean.java #configure():243 --- Mapping filter: 'requestContextFilter' to: [/*]
2018-12-25 08:30:42.876 INFO [main] HikariDataSource.java #getConnection():110 --- HikariPool-1 - Starting...
2018-12-25 08:30:43.110 INFO [main] HikariDataSource.java #getConnection():123 --- HikariPool-1 - Start completed.
2018-12-25 08:30:43.177 INFO [main] LocalContainerEntityManagerFactoryBean.java #createNativeEntityManagerFactory():361 --- Building JPA container EntityManagerFactory for persistence unit 'default'
2018-12-25 08:30:43.190 INFO [main] LogHelper.java #logPersistenceUnitInformation():31 --- HHH000204: Processing PersistenceUnitInfo [
	name: default
	...]
2018-12-25 08:30:43.287 INFO [main] Version.java #logVersion():45 --- HHH000412: Hibernate Core {5.2.14.Final}
2018-12-25 08:30:43.289 INFO [main] Environment.java #<clinit>():213 --- HHH000206: hibernate.properties not found
2018-12-25 08:30:43.337 INFO [main] JavaReflectionManager.java #<clinit>():66 --- HCANN000001: Hibernate Commons Annotations {5.0.1.Final}
2018-12-25 08:30:43.508 INFO [main] Dialect.java #<init>():157 --- HHH000400: Using dialect: org.hibernate.dialect.MySQL5Dialect
2018-12-25 08:30:44.137 INFO [main] AbstractEntityManagerFactoryBean.java #buildNativeEntityManagerFactory():394 --- Initialized JPA EntityManagerFactory for persistence unit 'default'
2018-12-25 08:30:44.664 INFO [main] QueryTranslatorFactoryInitiator.java #initiateService():47 --- HHH000397: Using ASTQueryTranslatorFactory
2018-12-25 08:30:45.263 INFO [main] RequestMappingHandlerAdapter.java #initControllerAdviceCache():567 --- Looking for @ControllerAdvice: org.springframework.boot.web.servlet.context.AnnotationConfigServletWebServerApplicationContext@50ecde95: startup date [Tue Dec 25 08:30:40 CST 2018]; root of context hierarchy
2018-12-25 08:30:45.311 WARN [main] JpaBaseConfiguration$JpaWebConfiguration$JpaWebMvcConfiguration.java #openEntityManagerInViewInterceptor():235 --- spring.jpa.open-in-view is enabled by default. Therefore, database queries may be performed during view rendering. Explicitly configure spring.jpa.open-in-view to disable this warning
2018-12-25 08:30:45.359 INFO [main] AbstractHandlerMethodMapping$MappingRegistry.java #register():548 --- Mapped "{[/user/register],methods=[POST],consumes=[application/json],produces=[application/json]}" onto public jack.project.mmall.common.ServerResponse<java.lang.Integer> jack.project.mmall.controller.portal.UserController.register(jack.project.mmall.entity.User)
2018-12-25 08:30:45.360 INFO [main] AbstractHandlerMethodMapping$MappingRegistry.java #register():548 --- Mapped "{[/user/getUserInfo],methods=[GET],consumes=[application/json],produces=[application/json]}" onto public jack.project.mmall.common.ServerResponse<jack.project.mmall.entity.User> jack.project.mmall.controller.portal.UserController.getUserInfo(javax.servlet.http.HttpSession)
2018-12-25 08:30:45.361 INFO [main] AbstractHandlerMethodMapping$MappingRegistry.java #register():548 --- Mapped "{[/user/forgetPassword/reset],methods=[POST],consumes=[application/json],produces=[application/json]}" onto public jack.project.mmall.common.ServerResponse<java.lang.String> jack.project.mmall.controller.portal.UserController.resetPasswordForget(java.util.Map<java.lang.String, java.lang.String>)
2018-12-25 08:30:45.361 INFO [main] AbstractHandlerMethodMapping$MappingRegistry.java #register():548 --- Mapped "{[/user/forgetPassword/answer],methods=[POST],consumes=[application/json],produces=[application/json]}" onto public jack.project.mmall.common.ServerResponse<java.lang.String> jack.project.mmall.controller.portal.UserController.checkAnswer(java.util.Map<java.lang.String, java.lang.String>)
2018-12-25 08:30:45.361 INFO [main] AbstractHandlerMethodMapping$MappingRegistry.java #register():548 --- Mapped "{[/user/resetPassword],methods=[POST],consumes=[application/json],produces=[application/json]}" onto public jack.project.mmall.common.ServerResponse<java.lang.String> jack.project.mmall.controller.portal.UserController.resetPassword(javax.servlet.http.HttpSession,java.util.Map<java.lang.String, java.lang.String>)
2018-12-25 08:30:45.362 INFO [main] AbstractHandlerMethodMapping$MappingRegistry.java #register():548 --- Mapped "{[/user/updateUser],methods=[POST],consumes=[application/json],produces=[application/json]}" onto public jack.project.mmall.common.ServerResponse<jack.project.mmall.entity.User> jack.project.mmall.controller.portal.UserController.updateUser(javax.servlet.http.HttpSession,jack.project.mmall.entity.User)
2018-12-25 08:30:45.362 INFO [main] AbstractHandlerMethodMapping$MappingRegistry.java #register():548 --- Mapped "{[/user/forgetPassword/question],methods=[POST],consumes=[application/json],produces=[application/json]}" onto public jack.project.mmall.common.ServerResponse<java.lang.String> jack.project.mmall.controller.portal.UserController.getQuestion(java.util.Map<java.lang.String, java.lang.String>)
2018-12-25 08:30:45.362 INFO [main] AbstractHandlerMethodMapping$MappingRegistry.java #register():548 --- Mapped "{[/user/isValid],methods=[POST],consumes=[application/json],produces=[application/json]}" onto public jack.project.mmall.common.ServerResponse<java.lang.Boolean> jack.project.mmall.controller.portal.UserController.checkValid(java.util.Map<java.lang.String, java.lang.String>)
2018-12-25 08:30:45.363 INFO [main] AbstractHandlerMethodMapping$MappingRegistry.java #register():548 --- Mapped "{[/user/getUserDetails],methods=[GET],consumes=[application/json],produces=[application/json]}" onto public jack.project.mmall.common.ServerResponse<jack.project.mmall.entity.User> jack.project.mmall.controller.portal.UserController.getUserDetails(javax.servlet.http.HttpSession)
2018-12-25 08:30:45.363 INFO [main] AbstractHandlerMethodMapping$MappingRegistry.java #register():548 --- Mapped "{[/user/logout],methods=[GET],consumes=[application/json],produces=[application/json]}" onto public jack.project.mmall.common.ServerResponse<java.lang.String> jack.project.mmall.controller.portal.UserController.logout(javax.servlet.http.HttpSession)
2018-12-25 08:30:45.364 INFO [main] AbstractHandlerMethodMapping$MappingRegistry.java #register():548 --- Mapped "{[/user/login],methods=[POST],consumes=[application/json],produces=[application/json]}" onto public jack.project.mmall.common.ServerResponse<jack.project.mmall.entity.User> jack.project.mmall.controller.portal.UserController.login(java.util.Map<java.lang.String, java.lang.String>,javax.servlet.http.HttpSession)
2018-12-25 08:30:45.388 INFO [main] AbstractHandlerMethodMapping$MappingRegistry.java #register():548 --- Mapped "{[/error]}" onto public org.springframework.http.ResponseEntity<java.util.Map<java.lang.String, java.lang.Object>> org.springframework.boot.autoconfigure.web.servlet.error.BasicErrorController.error(javax.servlet.http.HttpServletRequest)
2018-12-25 08:30:45.390 INFO [main] AbstractHandlerMethodMapping$MappingRegistry.java #register():548 --- Mapped "{[/error],produces=[text/html]}" onto public org.springframework.web.servlet.ModelAndView org.springframework.boot.autoconfigure.web.servlet.error.BasicErrorController.errorHtml(javax.servlet.http.HttpServletRequest,javax.servlet.http.HttpServletResponse)
2018-12-25 08:30:45.493 INFO [main] AbstractUrlHandlerMapping.java #registerHandler():373 --- Mapped URL path [/webjars/**] onto handler of type [class org.springframework.web.servlet.resource.ResourceHttpRequestHandler]
2018-12-25 08:30:45.493 INFO [main] AbstractUrlHandlerMapping.java #registerHandler():373 --- Mapped URL path [/**] onto handler of type [class org.springframework.web.servlet.resource.ResourceHttpRequestHandler]
2018-12-25 08:30:45.564 INFO [main] AbstractUrlHandlerMapping.java #registerHandler():373 --- Mapped URL path [/**/favicon.ico] onto handler of type [class org.springframework.web.servlet.resource.ResourceHttpRequestHandler]
2018-12-25 08:30:45.997 INFO [main] MBeanExporter.java #afterSingletonsInstantiated():434 --- Registering beans for JMX exposure on startup
2018-12-25 08:30:45.997 INFO [main] MBeanExporter.java #autodetect():896 --- Bean with name 'dataSource' has been autodetected for JMX exposure
2018-12-25 08:30:46.009 INFO [main] MBeanExporter.java #registerBeanInstance():669 --- Located MBean 'dataSource': registering with JMX server as MBean [com.zaxxer.hikari:name=dataSource,type=HikariDataSource]
2018-12-25 08:30:46.018 INFO [main] DirectJDKLog.java #log():180 --- Starting ProtocolHandler ["http-nio-8080"]
2018-12-25 08:30:46.032 INFO [main] DirectJDKLog.java #log():180 --- Using a shared selector for servlet write/read
2018-12-25 08:30:46.050 INFO [main] TomcatWebServer.java #start():205 --- Tomcat started on port(s): 8080 (http) with context path ''
2018-12-25 08:30:46.054 INFO [main] StartupInfoLogger.java #logStarted():59 --- Started MmallApp in 6.535 seconds (JVM running for 8.705)
2018-12-25 08:30:53.777 INFO [http-nio-8080-exec-1] DirectJDKLog.java #log():180 --- Initializing Spring FrameworkServlet 'dispatcherServlet'
2018-12-25 08:30:53.777 INFO [http-nio-8080-exec-1] FrameworkServlet.java #initServletBean():494 --- FrameworkServlet 'dispatcherServlet': initialization started
2018-12-25 08:30:53.879 INFO [http-nio-8080-exec-1] FrameworkServlet.java #initServletBean():513 --- FrameworkServlet 'dispatcherServlet': initialization completed in 102 ms
2018-12-25 08:34:34.496 INFO [main] StartupInfoLogger.java #logStarting():50 --- Starting MmallApp on DESKTOP-J5BAIP9 with PID 2896 (C:\Users\zzd16\Desktop\mmall_20181121\target\classes started by Zhengde.ZHOU in C:\Users\zzd16\Desktop\mmall_20181121)
2018-12-25 08:34:34.512 INFO [main] SpringApplication.java #logStartupProfileInfo():656 --- The following profiles are active: local
2018-12-25 08:34:34.588 INFO [main] AbstractApplicationContext.java #prepareRefresh():589 --- Refreshing org.springframework.boot.web.servlet.context.AnnotationConfigServletWebServerApplicationContext@13518f37: startup date [Tue Dec 25 08:34:34 CST 2018]; root of context hierarchy
2018-12-25 08:34:35.946 INFO [main] PostProcessorRegistrationDelegate$BeanPostProcessorChecker.java #postProcessAfterInitialization():328 --- Bean 'org.springframework.transaction.annotation.ProxyTransactionManagementConfiguration' of type [org.springframework.transaction.annotation.ProxyTransactionManagementConfiguration$$EnhancerBySpringCGLIB$$4b56d3ee] is not eligible for getting processed by all BeanPostProcessors (for example: not eligible for auto-proxying)
2018-12-25 08:34:36.349 INFO [main] TomcatWebServer.java #initialize():91 --- Tomcat initialized with port(s): 8080 (http)
2018-12-25 08:34:36.364 INFO [main] DirectJDKLog.java #log():180 --- Initializing ProtocolHandler ["http-nio-8080"]
2018-12-25 08:34:36.379 INFO [main] DirectJDKLog.java #log():180 --- Starting service [Tomcat]
2018-12-25 08:34:36.380 INFO [main] DirectJDKLog.java #log():180 --- Starting Servlet Engine: Apache Tomcat/8.5.28
2018-12-25 08:34:36.386 INFO [localhost-startStop-1] DirectJDKLog.java #log():180 --- The APR based Apache Tomcat Native library which allows optimal performance in production environments was not found on the java.library.path: [C:\Software\Java\jdk1.8.0_151\bin;C:\WINDOWS\Sun\Java\bin;C:\WINDOWS\system32;C:\WINDOWS;C:\Program Files\Docker\Docker\Resources\bin;C:\Program Files (x86)\Common Files\Oracle\Java\javapath;C:\Program Files (x86)\Intel\iCLS Client\;C:\ProgramData\Oracle\Java\javapath;C:\Program Files\Intel\iCLS Client\;C:\Windows\system32;C:\Windows;C:\Windows\System32\Wbem;C:\Windows\System32\WindowsPowerShell\v1.0\;C:\Program Files (x86)\NVIDIA Corporation\PhysX\Common;C:\Software\Git\cmd;C:\Program Files\MySQL\MySQL Utilities 1.6\;"C:\Software\Java\jdk1.8.0_151\bin;";C:\Software\unzip\apache-maven-3.3.9\bin;C:\WINDOWS\system32;C:\WINDOWS;C:\WINDOWS\System32\Wbem;C:\WINDOWS\System32\WindowsPowerShell\v1.0\;C:\Program Files (x86)\Intel\Intel(R) Management Engine Components\DAL;C:\Program Files\Intel\Intel(R) Management Engine Components\DAL;C:\Program Files (x86)\Intel\Intel(R) Management Engine Components\IPT;C:\Program Files\Intel\Intel(R) Management Engine Components\IPT;C:\WINDOWS\System32\OpenSSH\;C:\Program Files\Intel\WiFi\bin\;C:\Program Files\Common Files\Intel\WirelessCommon\;C:\Software\nodejs\;C:\Software\nodejs\;C:\Software\PuTTY\;C:\Users\zzd16\AppData\Local\Microsoft\WindowsApps;C:\Users\zzd16\AppData\Roaming\npm;C:\Users\zzd16\AppData\Local\GitHubDesktop\bin;.]
2018-12-25 08:34:36.570 INFO [localhost-startStop-1] DirectJDKLog.java #log():180 --- Initializing Spring embedded WebApplicationContext
2018-12-25 08:34:36.570 INFO [localhost-startStop-1] ServletWebServerApplicationContext.java #prepareWebApplicationContext():285 --- Root WebApplicationContext: initialization completed in 1988 ms
2018-12-25 08:34:36.780 INFO [localhost-startStop-1] ServletRegistrationBean.java #addRegistration():185 --- Servlet dispatcherServlet mapped to [/]
2018-12-25 08:34:36.790 INFO [localhost-startStop-1] AbstractFilterRegistrationBean.java #configure():243 --- Mapping filter: 'characterEncodingFilter' to: [/*]
2018-12-25 08:34:36.791 INFO [localhost-startStop-1] AbstractFilterRegistrationBean.java #configure():243 --- Mapping filter: 'hiddenHttpMethodFilter' to: [/*]
2018-12-25 08:34:36.791 INFO [localhost-startStop-1] AbstractFilterRegistrationBean.java #configure():243 --- Mapping filter: 'httpPutFormContentFilter' to: [/*]
2018-12-25 08:34:36.791 INFO [localhost-startStop-1] AbstractFilterRegistrationBean.java #configure():243 --- Mapping filter: 'requestContextFilter' to: [/*]
2018-12-25 08:34:36.971 INFO [main] HikariDataSource.java #getConnection():110 --- HikariPool-1 - Starting...
2018-12-25 08:34:37.251 INFO [main] HikariDataSource.java #getConnection():123 --- HikariPool-1 - Start completed.
2018-12-25 08:34:37.337 INFO [main] LocalContainerEntityManagerFactoryBean.java #createNativeEntityManagerFactory():361 --- Building JPA container EntityManagerFactory for persistence unit 'default'
2018-12-25 08:34:37.357 INFO [main] LogHelper.java #logPersistenceUnitInformation():31 --- HHH000204: Processing PersistenceUnitInfo [
	name: default
	...]
2018-12-25 08:34:37.476 INFO [main] Version.java #logVersion():45 --- HHH000412: Hibernate Core {5.2.14.Final}
2018-12-25 08:34:37.478 INFO [main] Environment.java #<clinit>():213 --- HHH000206: hibernate.properties not found
2018-12-25 08:34:37.526 INFO [main] JavaReflectionManager.java #<clinit>():66 --- HCANN000001: Hibernate Commons Annotations {5.0.1.Final}
2018-12-25 08:34:37.694 INFO [main] Dialect.java #<init>():157 --- HHH000400: Using dialect: org.hibernate.dialect.MySQL5Dialect
2018-12-25 08:34:38.277 INFO [main] AbstractEntityManagerFactoryBean.java #buildNativeEntityManagerFactory():394 --- Initialized JPA EntityManagerFactory for persistence unit 'default'
2018-12-25 08:34:38.698 INFO [main] QueryTranslatorFactoryInitiator.java #initiateService():47 --- HHH000397: Using ASTQueryTranslatorFactory
2018-12-25 08:34:39.420 INFO [main] RequestMappingHandlerAdapter.java #initControllerAdviceCache():567 --- Looking for @ControllerAdvice: org.springframework.boot.web.servlet.context.AnnotationConfigServletWebServerApplicationContext@13518f37: startup date [Tue Dec 25 08:34:34 CST 2018]; root of context hierarchy
2018-12-25 08:34:39.498 WARN [main] JpaBaseConfiguration$JpaWebConfiguration$JpaWebMvcConfiguration.java #openEntityManagerInViewInterceptor():235 --- spring.jpa.open-in-view is enabled by default. Therefore, database queries may be performed during view rendering. Explicitly configure spring.jpa.open-in-view to disable this warning
2018-12-25 08:34:39.578 INFO [main] AbstractHandlerMethodMapping$MappingRegistry.java #register():548 --- Mapped "{[/user/register],methods=[POST],consumes=[application/json],produces=[application/json]}" onto public jack.project.mmall.common.ServerResponse<java.lang.Integer> jack.project.mmall.controller.portal.UserController.register(jack.project.mmall.entity.User)
2018-12-25 08:34:39.581 INFO [main] AbstractHandlerMethodMapping$MappingRegistry.java #register():548 --- Mapped "{[/user/getUserInfo],methods=[GET],consumes=[application/json],produces=[application/json]}" onto public jack.project.mmall.common.ServerResponse<jack.project.mmall.entity.User> jack.project.mmall.controller.portal.UserController.getUserInfo(javax.servlet.http.HttpSession)
2018-12-25 08:34:39.581 INFO [main] AbstractHandlerMethodMapping$MappingRegistry.java #register():548 --- Mapped "{[/user/forgetPassword/answer],methods=[POST],consumes=[application/json],produces=[application/json]}" onto public jack.project.mmall.common.ServerResponse<java.lang.String> jack.project.mmall.controller.portal.UserController.checkAnswer(java.util.Map<java.lang.String, java.lang.String>)
2018-12-25 08:34:39.582 INFO [main] AbstractHandlerMethodMapping$MappingRegistry.java #register():548 --- Mapped "{[/user/getUserDetails],methods=[GET],consumes=[application/json],produces=[application/json]}" onto public jack.project.mmall.common.ServerResponse<jack.project.mmall.entity.User> jack.project.mmall.controller.portal.UserController.getUserDetails(javax.servlet.http.HttpSession)
2018-12-25 08:34:39.583 INFO [main] AbstractHandlerMethodMapping$MappingRegistry.java #register():548 --- Mapped "{[/user/login],methods=[POST],consumes=[application/json],produces=[application/json]}" onto public jack.project.mmall.common.ServerResponse<jack.project.mmall.entity.User> jack.project.mmall.controller.portal.UserController.login(java.util.Map<java.lang.String, java.lang.String>,javax.servlet.http.HttpSession)
2018-12-25 08:34:39.584 INFO [main] AbstractHandlerMethodMapping$MappingRegistry.java #register():548 --- Mapped "{[/user/logout],methods=[GET],consumes=[application/json],produces=[application/json]}" onto public jack.project.mmall.common.ServerResponse<java.lang.String> jack.project.mmall.controller.portal.UserController.logout(javax.servlet.http.HttpSession)
2018-12-25 08:34:39.585 INFO [main] AbstractHandlerMethodMapping$MappingRegistry.java #register():548 --- Mapped "{[/user/forgetPassword/question],methods=[POST],consumes=[application/json],produces=[application/json]}" onto public jack.project.mmall.common.ServerResponse<java.lang.String> jack.project.mmall.controller.portal.UserController.getQuestion(java.util.Map<java.lang.String, java.lang.String>)
2018-12-25 08:34:39.585 INFO [main] AbstractHandlerMethodMapping$MappingRegistry.java #register():548 --- Mapped "{[/user/isValid],methods=[POST],consumes=[application/json],produces=[application/json]}" onto public jack.project.mmall.common.ServerResponse<java.lang.Boolean> jack.project.mmall.controller.portal.UserController.checkValid(java.util.Map<java.lang.String, java.lang.String>)
2018-12-25 08:34:39.586 INFO [main] AbstractHandlerMethodMapping$MappingRegistry.java #register():548 --- Mapped "{[/user/updateUser],methods=[POST],consumes=[application/json],produces=[application/json]}" onto public jack.project.mmall.common.ServerResponse<jack.project.mmall.entity.User> jack.project.mmall.controller.portal.UserController.updateUser(javax.servlet.http.HttpSession,jack.project.mmall.entity.User)
2018-12-25 08:34:39.587 INFO [main] AbstractHandlerMethodMapping$MappingRegistry.java #register():548 --- Mapped "{[/user/resetPassword],methods=[POST],consumes=[application/json],produces=[application/json]}" onto public jack.project.mmall.common.ServerResponse<java.lang.String> jack.project.mmall.controller.portal.UserController.resetPassword(javax.servlet.http.HttpSession,java.util.Map<java.lang.String, java.lang.String>)
2018-12-25 08:34:39.587 INFO [main] AbstractHandlerMethodMapping$MappingRegistry.java #register():548 --- Mapped "{[/user/forgetPassword/reset],methods=[POST],consumes=[application/json],produces=[application/json]}" onto public jack.project.mmall.common.ServerResponse<java.lang.String> jack.project.mmall.controller.portal.UserController.resetPasswordForget(java.util.Map<java.lang.String, java.lang.String>)
2018-12-25 08:34:39.591 INFO [main] AbstractHandlerMethodMapping$MappingRegistry.java #register():548 --- Mapped "{[/error]}" onto public org.springframework.http.ResponseEntity<java.util.Map<java.lang.String, java.lang.Object>> org.springframework.boot.autoconfigure.web.servlet.error.BasicErrorController.error(javax.servlet.http.HttpServletRequest)
2018-12-25 08:34:39.592 INFO [main] AbstractHandlerMethodMapping$MappingRegistry.java #register():548 --- Mapped "{[/error],produces=[text/html]}" onto public org.springframework.web.servlet.ModelAndView org.springframework.boot.autoconfigure.web.servlet.error.BasicErrorController.errorHtml(javax.servlet.http.HttpServletRequest,javax.servlet.http.HttpServletResponse)
2018-12-25 08:34:39.701 INFO [main] AbstractUrlHandlerMapping.java #registerHandler():373 --- Mapped URL path [/webjars/**] onto handler of type [class org.springframework.web.servlet.resource.ResourceHttpRequestHandler]
2018-12-25 08:34:39.707 INFO [main] AbstractUrlHandlerMapping.java #registerHandler():373 --- Mapped URL path [/**] onto handler of type [class org.springframework.web.servlet.resource.ResourceHttpRequestHandler]
2018-12-25 08:34:39.808 INFO [main] AbstractUrlHandlerMapping.java #registerHandler():373 --- Mapped URL path [/**/favicon.ico] onto handler of type [class org.springframework.web.servlet.resource.ResourceHttpRequestHandler]
2018-12-25 08:34:40.343 INFO [main] MBeanExporter.java #afterSingletonsInstantiated():434 --- Registering beans for JMX exposure on startup
2018-12-25 08:34:40.343 INFO [main] MBeanExporter.java #autodetect():896 --- Bean with name 'dataSource' has been autodetected for JMX exposure
2018-12-25 08:34:40.354 INFO [main] MBeanExporter.java #registerBeanInstance():669 --- Located MBean 'dataSource': registering with JMX server as MBean [com.zaxxer.hikari:name=dataSource,type=HikariDataSource]
2018-12-25 08:34:40.367 INFO [main] DirectJDKLog.java #log():180 --- Starting ProtocolHandler ["http-nio-8080"]
2018-12-25 08:34:40.380 INFO [main] DirectJDKLog.java #log():180 --- Using a shared selector for servlet write/read
2018-12-25 08:34:40.401 INFO [main] TomcatWebServer.java #start():205 --- Tomcat started on port(s): 8080 (http) with context path ''
2018-12-25 08:34:40.405 INFO [main] StartupInfoLogger.java #logStarted():59 --- Started MmallApp in 6.717 seconds (JVM running for 9.525)
2018-12-25 08:34:52.512 INFO [http-nio-8080-exec-2] DirectJDKLog.java #log():180 --- Initializing Spring FrameworkServlet 'dispatcherServlet'
2018-12-25 08:34:52.513 INFO [http-nio-8080-exec-2] FrameworkServlet.java #initServletBean():494 --- FrameworkServlet 'dispatcherServlet': initialization started
2018-12-25 08:34:52.562 INFO [http-nio-8080-exec-2] FrameworkServlet.java #initServletBean():513 --- FrameworkServlet 'dispatcherServlet': initialization completed in 48 ms
2018-12-25 08:36:41.820 INFO [main] StartupInfoLogger.java #logStarting():50 --- Starting MmallApp on DESKTOP-J5BAIP9 with PID 13476 (C:\Users\zzd16\Desktop\mmall_20181121\target\classes started by Zhengde.ZHOU in C:\Users\zzd16\Desktop\mmall_20181121)
2018-12-25 08:36:41.841 INFO [main] SpringApplication.java #logStartupProfileInfo():656 --- The following profiles are active: local
2018-12-25 08:36:41.943 INFO [main] AbstractApplicationContext.java #prepareRefresh():589 --- Refreshing org.springframework.boot.web.servlet.context.AnnotationConfigServletWebServerApplicationContext@64ba3208: startup date [Tue Dec 25 08:36:41 CST 2018]; root of context hierarchy
2018-12-25 08:36:43.661 INFO [main] PostProcessorRegistrationDelegate$BeanPostProcessorChecker.java #postProcessAfterInitialization():328 --- Bean 'org.springframework.transaction.annotation.ProxyTransactionManagementConfiguration' of type [org.springframework.transaction.annotation.ProxyTransactionManagementConfiguration$$EnhancerBySpringCGLIB$$a76d5894] is not eligible for getting processed by all BeanPostProcessors (for example: not eligible for auto-proxying)
2018-12-25 08:36:44.008 INFO [main] TomcatWebServer.java #initialize():91 --- Tomcat initialized with port(s): 8080 (http)
2018-12-25 08:36:44.021 INFO [main] DirectJDKLog.java #log():180 --- Initializing ProtocolHandler ["http-nio-8080"]
2018-12-25 08:36:44.033 INFO [main] DirectJDKLog.java #log():180 --- Starting service [Tomcat]
2018-12-25 08:36:44.034 INFO [main] DirectJDKLog.java #log():180 --- Starting Servlet Engine: Apache Tomcat/8.5.28
2018-12-25 08:36:44.039 INFO [localhost-startStop-1] DirectJDKLog.java #log():180 --- The APR based Apache Tomcat Native library which allows optimal performance in production environments was not found on the java.library.path: [C:\Software\Java\jdk1.8.0_151\bin;C:\WINDOWS\Sun\Java\bin;C:\WINDOWS\system32;C:\WINDOWS;C:\Program Files\Docker\Docker\Resources\bin;C:\Program Files (x86)\Common Files\Oracle\Java\javapath;C:\Program Files (x86)\Intel\iCLS Client\;C:\ProgramData\Oracle\Java\javapath;C:\Program Files\Intel\iCLS Client\;C:\Windows\system32;C:\Windows;C:\Windows\System32\Wbem;C:\Windows\System32\WindowsPowerShell\v1.0\;C:\Program Files (x86)\NVIDIA Corporation\PhysX\Common;C:\Software\Git\cmd;C:\Program Files\MySQL\MySQL Utilities 1.6\;"C:\Software\Java\jdk1.8.0_151\bin;";C:\Software\unzip\apache-maven-3.3.9\bin;C:\WINDOWS\system32;C:\WINDOWS;C:\WINDOWS\System32\Wbem;C:\WINDOWS\System32\WindowsPowerShell\v1.0\;C:\Program Files (x86)\Intel\Intel(R) Management Engine Components\DAL;C:\Program Files\Intel\Intel(R) Management Engine Components\DAL;C:\Program Files (x86)\Intel\Intel(R) Management Engine Components\IPT;C:\Program Files\Intel\Intel(R) Management Engine Components\IPT;C:\WINDOWS\System32\OpenSSH\;C:\Program Files\Intel\WiFi\bin\;C:\Program Files\Common Files\Intel\WirelessCommon\;C:\Software\nodejs\;C:\Software\nodejs\;C:\Software\PuTTY\;C:\Users\zzd16\AppData\Local\Microsoft\WindowsApps;C:\Users\zzd16\AppData\Roaming\npm;C:\Users\zzd16\AppData\Local\GitHubDesktop\bin;.]
2018-12-25 08:36:44.217 INFO [localhost-startStop-1] DirectJDKLog.java #log():180 --- Initializing Spring embedded WebApplicationContext
2018-12-25 08:36:44.217 INFO [localhost-startStop-1] ServletWebServerApplicationContext.java #prepareWebApplicationContext():285 --- Root WebApplicationContext: initialization completed in 2279 ms
2018-12-25 08:36:44.421 INFO [localhost-startStop-1] ServletRegistrationBean.java #addRegistration():185 --- Servlet dispatcherServlet mapped to [/]
2018-12-25 08:36:44.428 INFO [localhost-startStop-1] AbstractFilterRegistrationBean.java #configure():243 --- Mapping filter: 'characterEncodingFilter' to: [/*]
2018-12-25 08:36:44.428 INFO [localhost-startStop-1] AbstractFilterRegistrationBean.java #configure():243 --- Mapping filter: 'hiddenHttpMethodFilter' to: [/*]
2018-12-25 08:36:44.428 INFO [localhost-startStop-1] AbstractFilterRegistrationBean.java #configure():243 --- Mapping filter: 'httpPutFormContentFilter' to: [/*]
2018-12-25 08:36:44.429 INFO [localhost-startStop-1] AbstractFilterRegistrationBean.java #configure():243 --- Mapping filter: 'requestContextFilter' to: [/*]
2018-12-25 08:36:44.605 INFO [main] HikariDataSource.java #getConnection():110 --- HikariPool-1 - Starting...
2018-12-25 08:36:44.848 INFO [main] HikariDataSource.java #getConnection():123 --- HikariPool-1 - Start completed.
2018-12-25 08:36:44.915 INFO [main] LocalContainerEntityManagerFactoryBean.java #createNativeEntityManagerFactory():361 --- Building JPA container EntityManagerFactory for persistence unit 'default'
2018-12-25 08:36:44.930 INFO [main] LogHelper.java #logPersistenceUnitInformation():31 --- HHH000204: Processing PersistenceUnitInfo [
	name: default
	...]
2018-12-25 08:36:45.046 INFO [main] Version.java #logVersion():45 --- HHH000412: Hibernate Core {5.2.14.Final}
2018-12-25 08:36:45.048 INFO [main] Environment.java #<clinit>():213 --- HHH000206: hibernate.properties not found
2018-12-25 08:36:45.104 INFO [main] JavaReflectionManager.java #<clinit>():66 --- HCANN000001: Hibernate Commons Annotations {5.0.1.Final}
2018-12-25 08:36:45.268 INFO [main] Dialect.java #<init>():157 --- HHH000400: Using dialect: org.hibernate.dialect.MySQL5Dialect
2018-12-25 08:36:45.864 INFO [main] AbstractEntityManagerFactoryBean.java #buildNativeEntityManagerFactory():394 --- Initialized JPA EntityManagerFactory for persistence unit 'default'
2018-12-25 08:36:46.271 INFO [main] QueryTranslatorFactoryInitiator.java #initiateService():47 --- HHH000397: Using ASTQueryTranslatorFactory
2018-12-25 08:36:46.839 INFO [main] RequestMappingHandlerAdapter.java #initControllerAdviceCache():567 --- Looking for @ControllerAdvice: org.springframework.boot.web.servlet.context.AnnotationConfigServletWebServerApplicationContext@64ba3208: startup date [Tue Dec 25 08:36:41 CST 2018]; root of context hierarchy
2018-12-25 08:36:46.885 WARN [main] JpaBaseConfiguration$JpaWebConfiguration$JpaWebMvcConfiguration.java #openEntityManagerInViewInterceptor():235 --- spring.jpa.open-in-view is enabled by default. Therefore, database queries may be performed during view rendering. Explicitly configure spring.jpa.open-in-view to disable this warning
2018-12-25 08:36:46.933 INFO [main] AbstractHandlerMethodMapping$MappingRegistry.java #register():548 --- Mapped "{[/user/register],methods=[POST],consumes=[application/json],produces=[application/json]}" onto public jack.project.mmall.common.ServerResponse<java.lang.Integer> jack.project.mmall.controller.portal.UserController.register(jack.project.mmall.entity.User)
2018-12-25 08:36:46.934 INFO [main] AbstractHandlerMethodMapping$MappingRegistry.java #register():548 --- Mapped "{[/user/getUserInfo],methods=[GET],consumes=[application/json],produces=[application/json]}" onto public jack.project.mmall.common.ServerResponse<jack.project.mmall.entity.User> jack.project.mmall.controller.portal.UserController.getUserInfo(javax.servlet.http.HttpSession)
2018-12-25 08:36:46.935 INFO [main] AbstractHandlerMethodMapping$MappingRegistry.java #register():548 --- Mapped "{[/user/resetPassword],methods=[POST],consumes=[application/json],produces=[application/json]}" onto public jack.project.mmall.common.ServerResponse<java.lang.String> jack.project.mmall.controller.portal.UserController.resetPassword(javax.servlet.http.HttpSession,java.util.Map<java.lang.String, java.lang.String>)
2018-12-25 08:36:46.935 INFO [main] AbstractHandlerMethodMapping$MappingRegistry.java #register():548 --- Mapped "{[/user/forgetPassword/answer],methods=[POST],consumes=[application/json],produces=[application/json]}" onto public jack.project.mmall.common.ServerResponse<java.lang.String> jack.project.mmall.controller.portal.UserController.checkAnswer(java.util.Map<java.lang.String, java.lang.String>)
2018-12-25 08:36:46.935 INFO [main] AbstractHandlerMethodMapping$MappingRegistry.java #register():548 --- Mapped "{[/user/login],methods=[POST],consumes=[application/json],produces=[application/json]}" onto public jack.project.mmall.common.ServerResponse<jack.project.mmall.entity.User> jack.project.mmall.controller.portal.UserController.login(java.util.Map<java.lang.String, java.lang.String>,javax.servlet.http.HttpSession)
2018-12-25 08:36:46.936 INFO [main] AbstractHandlerMethodMapping$MappingRegistry.java #register():548 --- Mapped "{[/user/updateUser],methods=[POST],consumes=[application/json],produces=[application/json]}" onto public jack.project.mmall.common.ServerResponse<jack.project.mmall.entity.User> jack.project.mmall.controller.portal.UserController.updateUser(javax.servlet.http.HttpSession,jack.project.mmall.entity.User)
2018-12-25 08:36:46.936 INFO [main] AbstractHandlerMethodMapping$MappingRegistry.java #register():548 --- Mapped "{[/user/forgetPassword/question],methods=[POST],consumes=[application/json],produces=[application/json]}" onto public jack.project.mmall.common.ServerResponse<java.lang.String> jack.project.mmall.controller.portal.UserController.getQuestion(java.util.Map<java.lang.String, java.lang.String>)
2018-12-25 08:36:46.936 INFO [main] AbstractHandlerMethodMapping$MappingRegistry.java #register():548 --- Mapped "{[/user/isValid],methods=[POST],consumes=[application/json],produces=[application/json]}" onto public jack.project.mmall.common.ServerResponse<java.lang.Boolean> jack.project.mmall.controller.portal.UserController.checkValid(java.util.Map<java.lang.String, java.lang.String>)
2018-12-25 08:36:46.937 INFO [main] AbstractHandlerMethodMapping$MappingRegistry.java #register():548 --- Mapped "{[/user/logout],methods=[GET],consumes=[application/json],produces=[application/json]}" onto public jack.project.mmall.common.ServerResponse<java.lang.String> jack.project.mmall.controller.portal.UserController.logout(javax.servlet.http.HttpSession)
2018-12-25 08:36:46.937 INFO [main] AbstractHandlerMethodMapping$MappingRegistry.java #register():548 --- Mapped "{[/user/getUserDetails],methods=[GET],consumes=[application/json],produces=[application/json]}" onto public jack.project.mmall.common.ServerResponse<jack.project.mmall.entity.User> jack.project.mmall.controller.portal.UserController.getUserDetails(javax.servlet.http.HttpSession)
2018-12-25 08:36:46.937 INFO [main] AbstractHandlerMethodMapping$MappingRegistry.java #register():548 --- Mapped "{[/user/forgetPassword/reset],methods=[POST],consumes=[application/json],produces=[application/json]}" onto public jack.project.mmall.common.ServerResponse<java.lang.String> jack.project.mmall.controller.portal.UserController.resetPasswordForget(java.util.Map<java.lang.String, java.lang.String>)
2018-12-25 08:36:46.963 INFO [main] AbstractHandlerMethodMapping$MappingRegistry.java #register():548 --- Mapped "{[/error]}" onto public org.springframework.http.ResponseEntity<java.util.Map<java.lang.String, java.lang.Object>> org.springframework.boot.autoconfigure.web.servlet.error.BasicErrorController.error(javax.servlet.http.HttpServletRequest)
2018-12-25 08:36:46.963 INFO [main] AbstractHandlerMethodMapping$MappingRegistry.java #register():548 --- Mapped "{[/error],produces=[text/html]}" onto public org.springframework.web.servlet.ModelAndView org.springframework.boot.autoconfigure.web.servlet.error.BasicErrorController.errorHtml(javax.servlet.http.HttpServletRequest,javax.servlet.http.HttpServletResponse)
2018-12-25 08:36:47.043 INFO [main] AbstractUrlHandlerMapping.java #registerHandler():373 --- Mapped URL path [/webjars/**] onto handler of type [class org.springframework.web.servlet.resource.ResourceHttpRequestHandler]
2018-12-25 08:36:47.049 INFO [main] AbstractUrlHandlerMapping.java #registerHandler():373 --- Mapped URL path [/**] onto handler of type [class org.springframework.web.servlet.resource.ResourceHttpRequestHandler]
2018-12-25 08:36:47.103 INFO [main] AbstractUrlHandlerMapping.java #registerHandler():373 --- Mapped URL path [/**/favicon.ico] onto handler of type [class org.springframework.web.servlet.resource.ResourceHttpRequestHandler]
2018-12-25 08:36:47.523 INFO [main] MBeanExporter.java #afterSingletonsInstantiated():434 --- Registering beans for JMX exposure on startup
2018-12-25 08:36:47.531 INFO [main] MBeanExporter.java #autodetect():896 --- Bean with name 'dataSource' has been autodetected for JMX exposure
2018-12-25 08:36:47.537 INFO [main] MBeanExporter.java #registerBeanInstance():669 --- Located MBean 'dataSource': registering with JMX server as MBean [com.zaxxer.hikari:name=dataSource,type=HikariDataSource]
2018-12-25 08:36:47.547 INFO [main] DirectJDKLog.java #log():180 --- Starting ProtocolHandler ["http-nio-8080"]
2018-12-25 08:36:47.559 INFO [main] DirectJDKLog.java #log():180 --- Using a shared selector for servlet write/read
2018-12-25 08:36:47.577 INFO [main] TomcatWebServer.java #start():205 --- Tomcat started on port(s): 8080 (http) with context path ''
2018-12-25 08:36:47.580 INFO [main] StartupInfoLogger.java #logStarted():59 --- Started MmallApp in 6.435 seconds (JVM running for 8.555)
2018-12-25 08:36:56.025 INFO [http-nio-8080-exec-2] DirectJDKLog.java #log():180 --- Initializing Spring FrameworkServlet 'dispatcherServlet'
2018-12-25 08:36:56.025 INFO [http-nio-8080-exec-2] FrameworkServlet.java #initServletBean():494 --- FrameworkServlet 'dispatcherServlet': initialization started
2018-12-25 08:36:56.059 INFO [http-nio-8080-exec-2] FrameworkServlet.java #initServletBean():513 --- FrameworkServlet 'dispatcherServlet': initialization completed in 34 ms
2018-12-25 11:53:37.009 INFO [main] StartupInfoLogger.java #logStarting():50 --- Starting MmallApp on D1M-PC-Jack with PID 2704 (C:\Users\D1M\Desktop\github\mmall_20181121\target\classes started by D1M in C:\Users\D1M\Desktop\github\mmall_20181121)
2018-12-25 11:53:37.072 INFO [main] SpringApplication.java #logStartupProfileInfo():656 --- The following profiles are active: d1m
2018-12-25 11:53:37.323 INFO [main] AbstractApplicationContext.java #prepareRefresh():589 --- Refreshing org.springframework.boot.web.servlet.context.AnnotationConfigServletWebServerApplicationContext@2dd29a59: startup date [Tue Dec 25 11:53:37 CST 2018]; root of context hierarchy
2018-12-25 11:53:40.513 INFO [main] PostProcessorRegistrationDelegate$BeanPostProcessorChecker.java #postProcessAfterInitialization():328 --- Bean 'org.springframework.transaction.annotation.ProxyTransactionManagementConfiguration' of type [org.springframework.transaction.annotation.ProxyTransactionManagementConfiguration$$EnhancerBySpringCGLIB$$3645ab6d] is not eligible for getting processed by all BeanPostProcessors (for example: not eligible for auto-proxying)
2018-12-25 11:53:41.301 INFO [main] TomcatWebServer.java #initialize():91 --- Tomcat initialized with port(s): 8080 (http)
2018-12-25 11:53:41.357 INFO [main] DirectJDKLog.java #log():180 --- Initializing ProtocolHandler ["http-nio-8080"]
2018-12-25 11:53:41.398 INFO [main] DirectJDKLog.java #log():180 --- Starting service [Tomcat]
2018-12-25 11:53:41.400 INFO [main] DirectJDKLog.java #log():180 --- Starting Servlet Engine: Apache Tomcat/8.5.28
2018-12-25 11:53:41.432 INFO [localhost-startStop-1] DirectJDKLog.java #log():180 --- The APR based Apache Tomcat Native library which allows optimal performance in production environments was not found on the java.library.path: [D:\Software\Java\jdk1.8.0_101\bin;C:\Windows\Sun\Java\bin;C:\Windows\system32;C:\Windows;C:\ProgramData\Oracle\Java\javapath;D:\Software\Maven\apache-maven-3.3.9\bin;D:\Software\database\MongoDB\Server\3.4\bin;C:\Windows\system32;C:\Windows;C:\Windows\System32\Wbem;C:\Windows\System32\WindowsPowerShell\v1.0\;C:\Program Files\WIDCOMM\Bluetooth Software\;C:\Program Files\WIDCOMM\Bluetooth Software\syswow64;C:\Program Files\MySQL\MySQL Server 5.7\bin;D:\Software\Jboss-swse\pdg-swset-JBoss-eap-6.2\bin;D:\Software\Java\jdk1.8.0_101\bin;D:\Software\PuTTY\;D:\Software\nodejs\;D:\Software\git\Git\cmd;C:\Users\D1M\AppData\Roaming\npm;C:\Program Files\Docker Toolbox;C:\Users\D1M\AppData\Local\GitHubDesktop\bin;.]
2018-12-25 11:53:41.754 INFO [localhost-startStop-1] DirectJDKLog.java #log():180 --- Initializing Spring embedded WebApplicationContext
2018-12-25 11:53:41.755 INFO [localhost-startStop-1] ServletWebServerApplicationContext.java #prepareWebApplicationContext():285 --- Root WebApplicationContext: initialization completed in 4490 ms
2018-12-25 11:53:42.305 INFO [localhost-startStop-1] ServletRegistrationBean.java #addRegistration():185 --- Servlet dispatcherServlet mapped to [/]
2018-12-25 11:53:42.320 INFO [localhost-startStop-1] AbstractFilterRegistrationBean.java #configure():243 --- Mapping filter: 'characterEncodingFilter' to: [/*]
2018-12-25 11:53:42.323 INFO [localhost-startStop-1] AbstractFilterRegistrationBean.java #configure():243 --- Mapping filter: 'hiddenHttpMethodFilter' to: [/*]
2018-12-25 11:53:42.326 INFO [localhost-startStop-1] AbstractFilterRegistrationBean.java #configure():243 --- Mapping filter: 'httpPutFormContentFilter' to: [/*]
2018-12-25 11:53:42.327 INFO [localhost-startStop-1] AbstractFilterRegistrationBean.java #configure():243 --- Mapping filter: 'requestContextFilter' to: [/*]
2018-12-25 11:53:43.014 INFO [main] HikariDataSource.java #getConnection():110 --- HikariPool-1 - Starting...
2018-12-25 11:53:43.613 INFO [main] HikariDataSource.java #getConnection():123 --- HikariPool-1 - Start completed.
2018-12-25 11:53:43.794 INFO [main] LocalContainerEntityManagerFactoryBean.java #createNativeEntityManagerFactory():361 --- Building JPA container EntityManagerFactory for persistence unit 'default'
2018-12-25 11:53:43.863 INFO [main] LogHelper.java #logPersistenceUnitInformation():31 --- HHH000204: Processing PersistenceUnitInfo [
	name: default
	...]
2018-12-25 11:53:44.095 INFO [main] Version.java #logVersion():45 --- HHH000412: Hibernate Core {5.2.14.Final}
2018-12-25 11:53:44.098 INFO [main] Environment.java #<clinit>():213 --- HHH000206: hibernate.properties not found
2018-12-25 11:53:44.226 INFO [main] JavaReflectionManager.java #<clinit>():66 --- HCANN000001: Hibernate Commons Annotations {5.0.1.Final}
2018-12-25 11:53:44.540 INFO [main] Dialect.java #<init>():157 --- HHH000400: Using dialect: org.hibernate.dialect.MySQL5Dialect
2018-12-25 11:53:45.731 INFO [main] AbstractEntityManagerFactoryBean.java #buildNativeEntityManagerFactory():394 --- Initialized JPA EntityManagerFactory for persistence unit 'default'
2018-12-25 11:53:46.528 INFO [main] QueryTranslatorFactoryInitiator.java #initiateService():47 --- HHH000397: Using ASTQueryTranslatorFactory
2018-12-25 11:53:48.076 INFO [main] RequestMappingHandlerAdapter.java #initControllerAdviceCache():567 --- Looking for @ControllerAdvice: org.springframework.boot.web.servlet.context.AnnotationConfigServletWebServerApplicationContext@2dd29a59: startup date [Tue Dec 25 11:53:37 CST 2018]; root of context hierarchy
2018-12-25 11:53:48.177 WARN [main] JpaBaseConfiguration$JpaWebConfiguration$JpaWebMvcConfiguration.java #openEntityManagerInViewInterceptor():235 --- spring.jpa.open-in-view is enabled by default. Therefore, database queries may be performed during view rendering. Explicitly configure spring.jpa.open-in-view to disable this warning
2018-12-25 11:53:48.325 INFO [main] AbstractHandlerMethodMapping$MappingRegistry.java #register():548 --- Mapped "{[/user/register],methods=[POST],consumes=[application/json],produces=[application/json]}" onto public jack.project.mmall.common.ServerResponse<java.lang.Integer> jack.project.mmall.controller.portal.UserController.register(jack.project.mmall.entity.User)
2018-12-25 11:53:48.328 INFO [main] AbstractHandlerMethodMapping$MappingRegistry.java #register():548 --- Mapped "{[/user/getUserInfo],methods=[GET],consumes=[application/json],produces=[application/json]}" onto public jack.project.mmall.common.ServerResponse<jack.project.mmall.entity.User> jack.project.mmall.controller.portal.UserController.getUserInfo(javax.servlet.http.HttpSession)
2018-12-25 11:53:48.329 INFO [main] AbstractHandlerMethodMapping$MappingRegistry.java #register():548 --- Mapped "{[/user/forgetPassword/reset],methods=[POST],consumes=[application/json],produces=[application/json]}" onto public jack.project.mmall.common.ServerResponse<java.lang.String> jack.project.mmall.controller.portal.UserController.resetPasswordForget(java.util.Map<java.lang.String, java.lang.String>)
2018-12-25 11:53:48.330 INFO [main] AbstractHandlerMethodMapping$MappingRegistry.java #register():548 --- Mapped "{[/user/login],methods=[POST],consumes=[application/json],produces=[application/json]}" onto public jack.project.mmall.common.ServerResponse<jack.project.mmall.entity.User> jack.project.mmall.controller.portal.UserController.login(java.util.Map<java.lang.String, java.lang.String>,javax.servlet.http.HttpSession)
2018-12-25 11:53:48.331 INFO [main] AbstractHandlerMethodMapping$MappingRegistry.java #register():548 --- Mapped "{[/user/logout],methods=[GET],consumes=[application/json],produces=[application/json]}" onto public jack.project.mmall.common.ServerResponse<java.lang.String> jack.project.mmall.controller.portal.UserController.logout(javax.servlet.http.HttpSession)
2018-12-25 11:53:48.333 INFO [main] AbstractHandlerMethodMapping$MappingRegistry.java #register():548 --- Mapped "{[/user/isValid],methods=[POST],consumes=[application/json],produces=[application/json]}" onto public jack.project.mmall.common.ServerResponse<java.lang.Boolean> jack.project.mmall.controller.portal.UserController.checkValid(java.util.Map<java.lang.String, java.lang.String>)
2018-12-25 11:53:48.334 INFO [main] AbstractHandlerMethodMapping$MappingRegistry.java #register():548 --- Mapped "{[/user/getUserDetails],methods=[GET],consumes=[application/json],produces=[application/json]}" onto public jack.project.mmall.common.ServerResponse<jack.project.mmall.entity.User> jack.project.mmall.controller.portal.UserController.getUserDetails(javax.servlet.http.HttpSession)
2018-12-25 11:53:48.335 INFO [main] AbstractHandlerMethodMapping$MappingRegistry.java #register():548 --- Mapped "{[/user/forgetPassword/question],methods=[POST],consumes=[application/json],produces=[application/json]}" onto public jack.project.mmall.common.ServerResponse<java.lang.String> jack.project.mmall.controller.portal.UserController.getQuestion(java.util.Map<java.lang.String, java.lang.String>)
2018-12-25 11:53:48.337 INFO [main] AbstractHandlerMethodMapping$MappingRegistry.java #register():548 --- Mapped "{[/user/forgetPassword/answer],methods=[POST],consumes=[application/json],produces=[application/json]}" onto public jack.project.mmall.common.ServerResponse<java.lang.String> jack.project.mmall.controller.portal.UserController.checkAnswer(java.util.Map<java.lang.String, java.lang.String>)
2018-12-25 11:53:48.338 INFO [main] AbstractHandlerMethodMapping$MappingRegistry.java #register():548 --- Mapped "{[/user/resetPassword],methods=[POST],consumes=[application/json],produces=[application/json]}" onto public jack.project.mmall.common.ServerResponse<java.lang.String> jack.project.mmall.controller.portal.UserController.resetPassword(javax.servlet.http.HttpSession,java.util.Map<java.lang.String, java.lang.String>)
2018-12-25 11:53:48.340 INFO [main] AbstractHandlerMethodMapping$MappingRegistry.java #register():548 --- Mapped "{[/user/updateUser],methods=[POST],consumes=[application/json],produces=[application/json]}" onto public jack.project.mmall.common.ServerResponse<jack.project.mmall.entity.User> jack.project.mmall.controller.portal.UserController.updateUser(javax.servlet.http.HttpSession,jack.project.mmall.entity.User)
2018-12-25 11:53:48.349 INFO [main] AbstractHandlerMethodMapping$MappingRegistry.java #register():548 --- Mapped "{[/error]}" onto public org.springframework.http.ResponseEntity<java.util.Map<java.lang.String, java.lang.Object>> org.springframework.boot.autoconfigure.web.servlet.error.BasicErrorController.error(javax.servlet.http.HttpServletRequest)
2018-12-25 11:53:48.350 INFO [main] AbstractHandlerMethodMapping$MappingRegistry.java #register():548 --- Mapped "{[/error],produces=[text/html]}" onto public org.springframework.web.servlet.ModelAndView org.springframework.boot.autoconfigure.web.servlet.error.BasicErrorController.errorHtml(javax.servlet.http.HttpServletRequest,javax.servlet.http.HttpServletResponse)
2018-12-25 11:53:48.456 INFO [main] AbstractUrlHandlerMapping.java #registerHandler():373 --- Mapped URL path [/webjars/**] onto handler of type [class org.springframework.web.servlet.resource.ResourceHttpRequestHandler]
2018-12-25 11:53:48.456 INFO [main] AbstractUrlHandlerMapping.java #registerHandler():373 --- Mapped URL path [/**] onto handler of type [class org.springframework.web.servlet.resource.ResourceHttpRequestHandler]
2018-12-25 11:53:48.555 INFO [main] AbstractUrlHandlerMapping.java #registerHandler():373 --- Mapped URL path [/**/favicon.ico] onto handler of type [class org.springframework.web.servlet.resource.ResourceHttpRequestHandler]
2018-12-25 11:53:49.299 INFO [main] MBeanExporter.java #afterSingletonsInstantiated():434 --- Registering beans for JMX exposure on startup
2018-12-25 11:53:49.301 INFO [main] MBeanExporter.java #autodetect():896 --- Bean with name 'dataSource' has been autodetected for JMX exposure
2018-12-25 11:53:49.311 INFO [main] MBeanExporter.java #registerBeanInstance():669 --- Located MBean 'dataSource': registering with JMX server as MBean [com.zaxxer.hikari:name=dataSource,type=HikariDataSource]
2018-12-25 11:53:49.335 INFO [main] DirectJDKLog.java #log():180 --- Starting ProtocolHandler ["http-nio-8080"]
2018-12-25 11:53:49.361 INFO [main] DirectJDKLog.java #log():180 --- Using a shared selector for servlet write/read
2018-12-25 11:53:49.407 INFO [main] TomcatWebServer.java #start():205 --- Tomcat started on port(s): 8080 (http) with context path ''
2018-12-25 11:53:49.411 INFO [main] StartupInfoLogger.java #logStarted():59 --- Started MmallApp in 13.598 seconds (JVM running for 23.145)
2018-12-25 11:54:09.038 INFO [http-nio-8080-exec-2] DirectJDKLog.java #log():180 --- Initializing Spring FrameworkServlet 'dispatcherServlet'
2018-12-25 11:54:09.039 INFO [http-nio-8080-exec-2] FrameworkServlet.java #initServletBean():494 --- FrameworkServlet 'dispatcherServlet': initialization started
2018-12-25 11:54:09.086 INFO [http-nio-8080-exec-2] FrameworkServlet.java #initServletBean():513 --- FrameworkServlet 'dispatcherServlet': initialization completed in 45 ms
