2019-01-16 06:41:23.196 INFO [main] StartupInfoLogger.java #logStarting():50 --- Starting MmallApp on DESKTOP-J5BAIP9 with PID 11584 (C:\Users\zzd16\Desktop\mmall_20181121\target\classes started by Zhengde.ZHOU in C:\Users\zzd16\Desktop\mmall_20181121)
2019-01-16 06:41:23.207 INFO [main] SpringApplication.java #logStartupProfileInfo():656 --- The following profiles are active: local
2019-01-16 06:41:23.255 INFO [main] AbstractApplicationContext.java #prepareRefresh():589 --- Refreshing org.springframework.boot.web.servlet.context.AnnotationConfigServletWebServerApplicationContext@3bcbb589: startup date [Wed Jan 16 06:41:23 CST 2019]; root of context hierarchy
2019-01-16 06:41:24.702 INFO [main] PostProcessorRegistrationDelegate$BeanPostProcessorChecker.java #postProcessAfterInitialization():328 --- Bean 'org.springframework.transaction.annotation.ProxyTransactionManagementConfiguration' of type [org.springframework.transaction.annotation.ProxyTransactionManagementConfiguration$$EnhancerBySpringCGLIB$$1491cc9] is not eligible for getting processed by all BeanPostProcessors (for example: not eligible for auto-proxying)
2019-01-16 06:41:25.224 INFO [main] TomcatWebServer.java #initialize():91 --- Tomcat initialized with port(s): 8080 (http)
2019-01-16 06:41:25.240 INFO [main] DirectJDKLog.java #log():180 --- Initializing ProtocolHandler ["http-nio-8080"]
2019-01-16 06:41:25.255 INFO [main] DirectJDKLog.java #log():180 --- Starting service [Tomcat]
2019-01-16 06:41:25.255 INFO [main] DirectJDKLog.java #log():180 --- Starting Servlet Engine: Apache Tomcat/8.5.28
2019-01-16 06:41:25.271 INFO [localhost-startStop-1] DirectJDKLog.java #log():180 --- The APR based Apache Tomcat Native library which allows optimal performance in production environments was not found on the java.library.path: [C:\Software\Java\jdk1.8.0_151\bin;C:\WINDOWS\Sun\Java\bin;C:\WINDOWS\system32;C:\WINDOWS;C:\Program Files\Docker\Docker\Resources\bin;C:\Program Files (x86)\Common Files\Oracle\Java\javapath;C:\Program Files (x86)\Intel\iCLS Client\;C:\ProgramData\Oracle\Java\javapath;C:\Program Files\Intel\iCLS Client\;C:\Windows\system32;C:\Windows;C:\Windows\System32\Wbem;C:\Windows\System32\WindowsPowerShell\v1.0\;C:\Program Files (x86)\NVIDIA Corporation\PhysX\Common;C:\Software\Git\cmd;C:\Program Files\MySQL\MySQL Utilities 1.6\;"C:\Software\Java\jdk1.8.0_151\bin;";C:\Software\unzip\apache-maven-3.3.9\bin;C:\WINDOWS\system32;C:\WINDOWS;C:\WINDOWS\System32\Wbem;C:\WINDOWS\System32\WindowsPowerShell\v1.0\;C:\Program Files (x86)\Intel\Intel(R) Management Engine Components\DAL;C:\Program Files\Intel\Intel(R) Management Engine Components\DAL;C:\Program Files (x86)\Intel\Intel(R) Management Engine Components\IPT;C:\Program Files\Intel\Intel(R) Management Engine Components\IPT;C:\WINDOWS\System32\OpenSSH\;C:\Program Files\Intel\WiFi\bin\;C:\Program Files\Common Files\Intel\WirelessCommon\;C:\Software\nodejs\;C:\Software\nodejs\;C:\Software\PuTTY\;C:\Users\zzd16\AppData\Local\Microsoft\WindowsApps;C:\Users\zzd16\AppData\Roaming\npm;C:\Users\zzd16\AppData\Local\GitHubDesktop\bin;.]
2019-01-16 06:41:25.443 INFO [localhost-startStop-1] DirectJDKLog.java #log():180 --- Initializing Spring embedded WebApplicationContext
2019-01-16 06:41:25.443 INFO [localhost-startStop-1] ServletWebServerApplicationContext.java #prepareWebApplicationContext():285 --- Root WebApplicationContext: initialization completed in 2188 ms
2019-01-16 06:41:25.646 INFO [localhost-startStop-1] ServletRegistrationBean.java #addRegistration():185 --- Servlet dispatcherServlet mapped to [/]
2019-01-16 06:41:25.646 INFO [localhost-startStop-1] AbstractFilterRegistrationBean.java #configure():243 --- Mapping filter: 'characterEncodingFilter' to: [/*]
2019-01-16 06:41:25.646 INFO [localhost-startStop-1] AbstractFilterRegistrationBean.java #configure():243 --- Mapping filter: 'hiddenHttpMethodFilter' to: [/*]
2019-01-16 06:41:25.646 INFO [localhost-startStop-1] AbstractFilterRegistrationBean.java #configure():243 --- Mapping filter: 'httpPutFormContentFilter' to: [/*]
2019-01-16 06:41:25.646 INFO [localhost-startStop-1] AbstractFilterRegistrationBean.java #configure():243 --- Mapping filter: 'requestContextFilter' to: [/*]
2019-01-16 06:41:25.896 INFO [main] HikariDataSource.java #getConnection():110 --- HikariPool-1 - Starting...
2019-01-16 06:41:26.130 INFO [main] HikariDataSource.java #getConnection():123 --- HikariPool-1 - Start completed.
2019-01-16 06:41:26.209 INFO [main] LocalContainerEntityManagerFactoryBean.java #createNativeEntityManagerFactory():361 --- Building JPA container EntityManagerFactory for persistence unit 'default'
2019-01-16 06:41:26.224 INFO [main] LogHelper.java #logPersistenceUnitInformation():31 --- HHH000204: Processing PersistenceUnitInfo [
	name: default
	...]
2019-01-16 06:41:26.412 INFO [main] Version.java #logVersion():45 --- HHH000412: Hibernate Core {5.2.14.Final}
2019-01-16 06:41:26.412 INFO [main] Environment.java #<clinit>():213 --- HHH000206: hibernate.properties not found
2019-01-16 06:41:26.506 INFO [main] JavaReflectionManager.java #<clinit>():66 --- HCANN000001: Hibernate Commons Annotations {5.0.1.Final}
2019-01-16 06:41:26.740 INFO [main] Dialect.java #<init>():157 --- HHH000400: Using dialect: org.hibernate.dialect.MySQL5Dialect
2019-01-16 06:41:27.443 INFO [main] AbstractEntityManagerFactoryBean.java #buildNativeEntityManagerFactory():394 --- Initialized JPA EntityManagerFactory for persistence unit 'default'
2019-01-16 06:41:28.117 INFO [main] QueryTranslatorFactoryInitiator.java #initiateService():47 --- HHH000397: Using ASTQueryTranslatorFactory
2019-01-16 06:41:28.835 INFO [main] RequestMappingHandlerAdapter.java #initControllerAdviceCache():567 --- Looking for @ControllerAdvice: org.springframework.boot.web.servlet.context.AnnotationConfigServletWebServerApplicationContext@3bcbb589: startup date [Wed Jan 16 06:41:23 CST 2019]; root of context hierarchy
2019-01-16 06:41:28.866 WARN [main] JpaBaseConfiguration$JpaWebConfiguration$JpaWebMvcConfiguration.java #openEntityManagerInViewInterceptor():235 --- spring.jpa.open-in-view is enabled by default. Therefore, database queries may be performed during view rendering. Explicitly configure spring.jpa.open-in-view to disable this warning
2019-01-16 06:41:28.913 INFO [main] AbstractHandlerMethodMapping$MappingRegistry.java #register():548 --- Mapped "{[/category/get_all_child_categories],methods=[POST]}" onto public jack.project.mmall.common.ServerResponse<java.util.Set<java.lang.Integer>> jack.project.mmall.controller.backend.CategoryAdminController.getCategoryIdAndAllChildCategoryIds(javax.servlet.http.HttpSession,java.lang.Integer)
2019-01-16 06:41:28.929 INFO [main] AbstractHandlerMethodMapping$MappingRegistry.java #register():548 --- Mapped "{[/category/update],methods=[GET]}" onto public jack.project.mmall.common.ServerResponse<jack.project.mmall.entity.Category> jack.project.mmall.controller.backend.CategoryAdminController.updateCategoryName(javax.servlet.http.HttpSession,java.lang.Integer,java.lang.String)
2019-01-16 06:41:28.929 INFO [main] AbstractHandlerMethodMapping$MappingRegistry.java #register():548 --- Mapped "{[/category/get_child_category],methods=[GET]}" onto public jack.project.mmall.common.ServerResponse<java.util.List<jack.project.mmall.entity.Category>> jack.project.mmall.controller.backend.CategoryAdminController.getChildrenCategories(javax.servlet.http.HttpSession,java.lang.Integer)
2019-01-16 06:41:28.929 INFO [main] AbstractHandlerMethodMapping$MappingRegistry.java #register():548 --- Mapped "{[/category/add],methods=[GET]}" onto public jack.project.mmall.common.ServerResponse<jack.project.mmall.entity.Category> jack.project.mmall.controller.backend.CategoryAdminController.addCategory(java.lang.String,java.lang.Integer,javax.servlet.http.HttpSession)
2019-01-16 06:41:28.929 INFO [main] AbstractHandlerMethodMapping$MappingRegistry.java #register():548 --- Mapped "{[/user/register],methods=[POST],consumes=[application/json],produces=[application/json]}" onto public jack.project.mmall.common.ServerResponse<java.lang.Integer> jack.project.mmall.controller.portal.UserController.register(jack.project.mmall.entity.User)
2019-01-16 06:41:28.929 INFO [main] AbstractHandlerMethodMapping$MappingRegistry.java #register():548 --- Mapped "{[/user/getUserInfo],methods=[GET],consumes=[application/json],produces=[application/json]}" onto public jack.project.mmall.common.ServerResponse<jack.project.mmall.entity.User> jack.project.mmall.controller.portal.UserController.getUserInfo(javax.servlet.http.HttpSession)
2019-01-16 06:41:28.929 INFO [main] AbstractHandlerMethodMapping$MappingRegistry.java #register():548 --- Mapped "{[/user/forgetPassword/reset],methods=[POST],consumes=[application/json],produces=[application/json]}" onto public jack.project.mmall.common.ServerResponse<java.lang.String> jack.project.mmall.controller.portal.UserController.resetPasswordForget(java.util.Map<java.lang.String, java.lang.String>)
2019-01-16 06:41:28.929 INFO [main] AbstractHandlerMethodMapping$MappingRegistry.java #register():548 --- Mapped "{[/user/isValid],methods=[POST],consumes=[application/json],produces=[application/json]}" onto public jack.project.mmall.common.ServerResponse<java.lang.Boolean> jack.project.mmall.controller.portal.UserController.checkValid(java.util.Map<java.lang.String, java.lang.String>)
2019-01-16 06:41:28.929 INFO [main] AbstractHandlerMethodMapping$MappingRegistry.java #register():548 --- Mapped "{[/user/getUserDetails],methods=[GET],consumes=[application/json],produces=[application/json]}" onto public jack.project.mmall.common.ServerResponse<jack.project.mmall.entity.User> jack.project.mmall.controller.portal.UserController.getUserDetails(javax.servlet.http.HttpSession)
2019-01-16 06:41:28.929 INFO [main] AbstractHandlerMethodMapping$MappingRegistry.java #register():548 --- Mapped "{[/user/resetPassword],methods=[POST],consumes=[application/json],produces=[application/json]}" onto public jack.project.mmall.common.ServerResponse<java.lang.String> jack.project.mmall.controller.portal.UserController.resetPassword(javax.servlet.http.HttpSession,java.util.Map<java.lang.String, java.lang.String>)
2019-01-16 06:41:28.929 INFO [main] AbstractHandlerMethodMapping$MappingRegistry.java #register():548 --- Mapped "{[/user/login],methods=[POST],consumes=[application/json],produces=[application/json]}" onto public jack.project.mmall.common.ServerResponse<jack.project.mmall.entity.User> jack.project.mmall.controller.portal.UserController.login(java.util.Map<java.lang.String, java.lang.String>,javax.servlet.http.HttpSession)
2019-01-16 06:41:28.929 INFO [main] AbstractHandlerMethodMapping$MappingRegistry.java #register():548 --- Mapped "{[/user/updateUser],methods=[POST],consumes=[application/json],produces=[application/json]}" onto public jack.project.mmall.common.ServerResponse<jack.project.mmall.entity.User> jack.project.mmall.controller.portal.UserController.updateUser(javax.servlet.http.HttpSession,jack.project.mmall.entity.User)
2019-01-16 06:41:28.944 INFO [main] AbstractHandlerMethodMapping$MappingRegistry.java #register():548 --- Mapped "{[/user/forgetPassword/question],methods=[POST],consumes=[application/json],produces=[application/json]}" onto public jack.project.mmall.common.ServerResponse<java.lang.String> jack.project.mmall.controller.portal.UserController.getQuestion(java.util.Map<java.lang.String, java.lang.String>)
2019-01-16 06:41:28.944 INFO [main] AbstractHandlerMethodMapping$MappingRegistry.java #register():548 --- Mapped "{[/user/forgetPassword/answer],methods=[POST],consumes=[application/json],produces=[application/json]}" onto public jack.project.mmall.common.ServerResponse<java.lang.String> jack.project.mmall.controller.portal.UserController.checkAnswer(java.util.Map<java.lang.String, java.lang.String>)
2019-01-16 06:41:28.944 INFO [main] AbstractHandlerMethodMapping$MappingRegistry.java #register():548 --- Mapped "{[/user/logout],methods=[GET],consumes=[application/json],produces=[application/json]}" onto public jack.project.mmall.common.ServerResponse<java.lang.String> jack.project.mmall.controller.portal.UserController.logout(javax.servlet.http.HttpServletRequest)
2019-01-16 06:41:28.944 INFO [main] AbstractHandlerMethodMapping$MappingRegistry.java #register():548 --- Mapped "{[/error]}" onto public org.springframework.http.ResponseEntity<java.util.Map<java.lang.String, java.lang.Object>> org.springframework.boot.autoconfigure.web.servlet.error.BasicErrorController.error(javax.servlet.http.HttpServletRequest)
2019-01-16 06:41:28.944 INFO [main] AbstractHandlerMethodMapping$MappingRegistry.java #register():548 --- Mapped "{[/error],produces=[text/html]}" onto public org.springframework.web.servlet.ModelAndView org.springframework.boot.autoconfigure.web.servlet.error.BasicErrorController.errorHtml(javax.servlet.http.HttpServletRequest,javax.servlet.http.HttpServletResponse)
2019-01-16 06:41:29.022 INFO [main] AbstractUrlHandlerMapping.java #registerHandler():373 --- Mapped URL path [/webjars/**] onto handler of type [class org.springframework.web.servlet.resource.ResourceHttpRequestHandler]
2019-01-16 06:41:29.022 INFO [main] AbstractUrlHandlerMapping.java #registerHandler():373 --- Mapped URL path [/**] onto handler of type [class org.springframework.web.servlet.resource.ResourceHttpRequestHandler]
2019-01-16 06:41:29.121 INFO [main] AbstractUrlHandlerMapping.java #registerHandler():373 --- Mapped URL path [/**/favicon.ico] onto handler of type [class org.springframework.web.servlet.resource.ResourceHttpRequestHandler]
2019-01-16 06:41:29.521 INFO [main] MBeanExporter.java #afterSingletonsInstantiated():434 --- Registering beans for JMX exposure on startup
2019-01-16 06:41:29.521 INFO [main] MBeanExporter.java #autodetect():896 --- Bean with name 'dataSource' has been autodetected for JMX exposure
2019-01-16 06:41:29.521 INFO [main] MBeanExporter.java #registerBeanInstance():669 --- Located MBean 'dataSource': registering with JMX server as MBean [com.zaxxer.hikari:name=dataSource,type=HikariDataSource]
2019-01-16 06:41:29.537 INFO [main] DirectJDKLog.java #log():180 --- Starting ProtocolHandler ["http-nio-8080"]
2019-01-16 06:41:29.552 INFO [main] DirectJDKLog.java #log():180 --- Using a shared selector for servlet write/read
2019-01-16 06:41:29.568 INFO [main] TomcatWebServer.java #start():205 --- Tomcat started on port(s): 8080 (http) with context path ''
2019-01-16 06:41:29.584 INFO [main] StartupInfoLogger.java #logStarted():59 --- Started MmallApp in 6.906 seconds (JVM running for 10.464)
2019-01-16 06:42:24.807 INFO [http-nio-8080-exec-1] DirectJDKLog.java #log():180 --- Initializing Spring FrameworkServlet 'dispatcherServlet'
2019-01-16 06:42:24.807 INFO [http-nio-8080-exec-1] FrameworkServlet.java #initServletBean():494 --- FrameworkServlet 'dispatcherServlet': initialization started
2019-01-16 06:42:24.835 INFO [http-nio-8080-exec-1] FrameworkServlet.java #initServletBean():513 --- FrameworkServlet 'dispatcherServlet': initialization completed in 28 ms
2019-01-16 06:44:11.521 INFO [http-nio-8080-exec-5] UserController.java #login():43 --- http session timeout: 1800
2019-01-16 07:01:54.006 WARN [http-nio-8080-exec-2] DefaultHandlerExceptionResolver.java #handleHttpRequestMethodNotSupported():250 --- Request method 'GET' not supported
