2019-02-03 16:13:42.213 INFO [main] StartupInfoLogger.java #logStarting():50 --- Starting MmallApp on DESKTOP-J5BAIP9 with PID 12792 (C:\Users\zzd16\Desktop\mmall_20181121\target\classes started by Zhengde.ZHOU in C:\Users\zzd16\Desktop\mmall_20181121)
2019-02-03 16:13:42.229 INFO [main] SpringApplication.java #logStartupProfileInfo():656 --- The following profiles are active: local
2019-02-03 16:13:42.291 INFO [main] AbstractApplicationContext.java #prepareRefresh():589 --- Refreshing org.springframework.boot.web.servlet.context.AnnotationConfigServletWebServerApplicationContext@45815ffc: startup date [Sun Feb 03 16:13:42 CST 2019]; root of context hierarchy
2019-02-03 16:13:44.182 INFO [main] PostProcessorRegistrationDelegate$BeanPostProcessorChecker.java #postProcessAfterInitialization():328 --- Bean 'org.springframework.transaction.annotation.ProxyTransactionManagementConfiguration' of type [org.springframework.transaction.annotation.ProxyTransactionManagementConfiguration$$EnhancerBySpringCGLIB$$5f0b21ad] is not eligible for getting processed by all BeanPostProcessors (for example: not eligible for auto-proxying)
2019-02-03 16:13:44.687 INFO [main] TomcatWebServer.java #initialize():91 --- Tomcat initialized with port(s): 8080 (http)
2019-02-03 16:13:44.703 INFO [main] DirectJDKLog.java #log():180 --- Initializing ProtocolHandler ["http-nio-8080"]
2019-02-03 16:13:44.734 INFO [main] DirectJDKLog.java #log():180 --- Starting service [Tomcat]
2019-02-03 16:13:44.734 INFO [main] DirectJDKLog.java #log():180 --- Starting Servlet Engine: Apache Tomcat/8.5.28
2019-02-03 16:13:44.734 INFO [localhost-startStop-1] DirectJDKLog.java #log():180 --- The APR based Apache Tomcat Native library which allows optimal performance in production environments was not found on the java.library.path: [C:\Software\Java\jdk1.8.0_151\bin;C:\WINDOWS\Sun\Java\bin;C:\WINDOWS\system32;C:\WINDOWS;C:\Program Files\Docker\Docker\Resources\bin;C:\Program Files (x86)\Common Files\Oracle\Java\javapath;C:\Program Files (x86)\Intel\iCLS Client\;C:\ProgramData\Oracle\Java\javapath;C:\Program Files\Intel\iCLS Client\;C:\Windows\system32;C:\Windows;C:\Windows\System32\Wbem;C:\Windows\System32\WindowsPowerShell\v1.0\;C:\Program Files (x86)\NVIDIA Corporation\PhysX\Common;C:\Software\Git\cmd;C:\Program Files\MySQL\MySQL Utilities 1.6\;"C:\Software\Java\jdk1.8.0_151\bin;";C:\Software\unzip\apache-maven-3.3.9\bin;C:\WINDOWS\system32;C:\WINDOWS;C:\WINDOWS\System32\Wbem;C:\WINDOWS\System32\WindowsPowerShell\v1.0\;C:\Program Files (x86)\Intel\Intel(R) Management Engine Components\DAL;C:\Program Files\Intel\Intel(R) Management Engine Components\DAL;C:\Program Files (x86)\Intel\Intel(R) Management Engine Components\IPT;C:\Program Files\Intel\Intel(R) Management Engine Components\IPT;C:\WINDOWS\System32\OpenSSH\;C:\Program Files\Intel\WiFi\bin\;C:\Program Files\Common Files\Intel\WirelessCommon\;C:\Software\nodejs\;C:\Software\nodejs\;C:\Software\PuTTY\;C:\Users\zzd16\AppData\Local\Microsoft\WindowsApps;C:\Users\zzd16\AppData\Roaming\npm;C:\Users\zzd16\AppData\Local\GitHubDesktop\bin;.]
2019-02-03 16:13:44.968 INFO [localhost-startStop-1] DirectJDKLog.java #log():180 --- Initializing Spring embedded WebApplicationContext
2019-02-03 16:13:44.968 INFO [localhost-startStop-1] ServletWebServerApplicationContext.java #prepareWebApplicationContext():285 --- Root WebApplicationContext: initialization completed in 2692 ms
2019-02-03 16:13:45.156 INFO [localhost-startStop-1] ServletRegistrationBean.java #addRegistration():185 --- Servlet dispatcherServlet mapped to [/]
2019-02-03 16:13:45.171 INFO [localhost-startStop-1] AbstractFilterRegistrationBean.java #configure():243 --- Mapping filter: 'characterEncodingFilter' to: [/*]
2019-02-03 16:13:45.171 INFO [localhost-startStop-1] AbstractFilterRegistrationBean.java #configure():243 --- Mapping filter: 'hiddenHttpMethodFilter' to: [/*]
2019-02-03 16:13:45.171 INFO [localhost-startStop-1] AbstractFilterRegistrationBean.java #configure():243 --- Mapping filter: 'httpPutFormContentFilter' to: [/*]
2019-02-03 16:13:45.171 INFO [localhost-startStop-1] AbstractFilterRegistrationBean.java #configure():243 --- Mapping filter: 'requestContextFilter' to: [/*]
2019-02-03 16:13:45.374 INFO [main] HikariDataSource.java #getConnection():110 --- HikariPool-1 - Starting...
2019-02-03 16:13:45.703 INFO [main] HikariDataSource.java #getConnection():123 --- HikariPool-1 - Start completed.
2019-02-03 16:13:45.828 INFO [main] LocalContainerEntityManagerFactoryBean.java #createNativeEntityManagerFactory():361 --- Building JPA container EntityManagerFactory for persistence unit 'default'
2019-02-03 16:13:45.843 INFO [main] LogHelper.java #logPersistenceUnitInformation():31 --- HHH000204: Processing PersistenceUnitInfo [
	name: default
	...]
2019-02-03 16:13:45.999 INFO [main] Version.java #logVersion():45 --- HHH000412: Hibernate Core {5.2.14.Final}
2019-02-03 16:13:45.999 INFO [main] Environment.java #<clinit>():213 --- HHH000206: hibernate.properties not found
2019-02-03 16:13:46.062 INFO [main] JavaReflectionManager.java #<clinit>():66 --- HCANN000001: Hibernate Commons Annotations {5.0.1.Final}
2019-02-03 16:13:46.312 INFO [main] Dialect.java #<init>():157 --- HHH000400: Using dialect: org.hibernate.dialect.MySQL5Dialect
2019-02-03 16:13:47.093 INFO [main] AbstractEntityManagerFactoryBean.java #buildNativeEntityManagerFactory():394 --- Initialized JPA EntityManagerFactory for persistence unit 'default'
2019-02-03 16:13:47.593 INFO [main] QueryTranslatorFactoryInitiator.java #initiateService():47 --- HHH000397: Using ASTQueryTranslatorFactory
2019-02-03 16:13:48.161 INFO [main] RequestMappingHandlerAdapter.java #initControllerAdviceCache():567 --- Looking for @ControllerAdvice: org.springframework.boot.web.servlet.context.AnnotationConfigServletWebServerApplicationContext@45815ffc: startup date [Sun Feb 03 16:13:42 CST 2019]; root of context hierarchy
2019-02-03 16:13:48.208 WARN [main] JpaBaseConfiguration$JpaWebConfiguration$JpaWebMvcConfiguration.java #openEntityManagerInViewInterceptor():235 --- spring.jpa.open-in-view is enabled by default. Therefore, database queries may be performed during view rendering. Explicitly configure spring.jpa.open-in-view to disable this warning
2019-02-03 16:13:48.254 INFO [main] AbstractHandlerMethodMapping$MappingRegistry.java #register():548 --- Mapped "{[/admin/category/get_all_child_categories],methods=[POST]}" onto public jack.project.mmall.common.ServerResponse<java.util.Set<java.lang.Integer>> jack.project.mmall.controller.backend.CategoryAdminController.getCategoryIdAndAllChildCategoryIds(javax.servlet.http.HttpSession,java.lang.Integer)
2019-02-03 16:13:48.254 INFO [main] AbstractHandlerMethodMapping$MappingRegistry.java #register():548 --- Mapped "{[/admin/category/add],methods=[GET]}" onto public jack.project.mmall.common.ServerResponse<jack.project.mmall.entity.Category> jack.project.mmall.controller.backend.CategoryAdminController.addCategory(java.lang.String,java.lang.Integer,javax.servlet.http.HttpSession)
2019-02-03 16:13:48.254 INFO [main] AbstractHandlerMethodMapping$MappingRegistry.java #register():548 --- Mapped "{[/admin/category/update],methods=[GET]}" onto public jack.project.mmall.common.ServerResponse<jack.project.mmall.entity.Category> jack.project.mmall.controller.backend.CategoryAdminController.updateCategoryName(javax.servlet.http.HttpSession,java.lang.Integer,java.lang.String)
2019-02-03 16:13:48.270 INFO [main] AbstractHandlerMethodMapping$MappingRegistry.java #register():548 --- Mapped "{[/admin/category/get_child_category],methods=[GET]}" onto public jack.project.mmall.common.ServerResponse<java.util.List<jack.project.mmall.entity.Category>> jack.project.mmall.controller.backend.CategoryAdminController.getChildrenCategories(javax.servlet.http.HttpSession,java.lang.Integer)
2019-02-03 16:13:48.270 INFO [main] AbstractHandlerMethodMapping$MappingRegistry.java #register():548 --- Mapped "{[/admin/product/details],methods=[GET]}" onto public jack.project.mmall.common.ServerResponse<jack.project.mmall.vo.ProductVO> jack.project.mmall.controller.backend.ProductManageController.getProductDetatil(java.lang.Integer)
2019-02-03 16:13:48.270 INFO [main] AbstractHandlerMethodMapping$MappingRegistry.java #register():548 --- Mapped "{[/admin/product/list],methods=[POST]}" onto public jack.project.mmall.common.ServerResponse<jack.project.mmall.vo.Page<jack.project.mmall.vo.ProductListVO>> jack.project.mmall.controller.backend.ProductManageController.getProductList(java.lang.Integer,java.lang.Integer)
2019-02-03 16:13:48.270 INFO [main] AbstractHandlerMethodMapping$MappingRegistry.java #register():548 --- Mapped "{[/admin/product/status],methods=[GET]}" onto public jack.project.mmall.common.ServerResponse<jack.project.mmall.vo.ProductVO> jack.project.mmall.controller.backend.ProductManageController.setProductStatus(javax.servlet.http.HttpSession,java.lang.Integer,java.lang.Integer)
2019-02-03 16:13:48.270 INFO [main] AbstractHandlerMethodMapping$MappingRegistry.java #register():548 --- Mapped "{[/admin/product/save_update],methods=[POST]}" onto public jack.project.mmall.common.ServerResponse<jack.project.mmall.vo.ProductVO> jack.project.mmall.controller.backend.ProductManageController.saveOrUpdateProduct(javax.servlet.http.HttpSession,jack.project.mmall.vo.ProductVO,java.lang.Boolean)
2019-02-03 16:13:48.270 INFO [main] AbstractHandlerMethodMapping$MappingRegistry.java #register():548 --- Mapped "{[/user/register],methods=[POST],consumes=[application/json],produces=[application/json]}" onto public jack.project.mmall.common.ServerResponse<java.lang.Integer> jack.project.mmall.controller.portal.UserController.register(jack.project.mmall.entity.User)
2019-02-03 16:13:48.270 INFO [main] AbstractHandlerMethodMapping$MappingRegistry.java #register():548 --- Mapped "{[/user/getUserInfo],methods=[GET],consumes=[application/json],produces=[application/json]}" onto public jack.project.mmall.common.ServerResponse<jack.project.mmall.entity.User> jack.project.mmall.controller.portal.UserController.getUserInfo(javax.servlet.http.HttpSession)
2019-02-03 16:13:48.270 INFO [main] AbstractHandlerMethodMapping$MappingRegistry.java #register():548 --- Mapped "{[/user/isValid],methods=[POST],consumes=[application/json],produces=[application/json]}" onto public jack.project.mmall.common.ServerResponse<java.lang.Boolean> jack.project.mmall.controller.portal.UserController.checkValid(java.util.Map<java.lang.String, java.lang.String>)
2019-02-03 16:13:48.270 INFO [main] AbstractHandlerMethodMapping$MappingRegistry.java #register():548 --- Mapped "{[/user/login],methods=[POST],consumes=[application/json],produces=[application/json]}" onto public jack.project.mmall.common.ServerResponse<jack.project.mmall.entity.User> jack.project.mmall.controller.portal.UserController.login(java.util.Map<java.lang.String, java.lang.String>,javax.servlet.http.HttpSession)
2019-02-03 16:13:48.270 INFO [main] AbstractHandlerMethodMapping$MappingRegistry.java #register():548 --- Mapped "{[/user/resetPassword],methods=[POST],consumes=[application/json],produces=[application/json]}" onto public jack.project.mmall.common.ServerResponse<java.lang.String> jack.project.mmall.controller.portal.UserController.resetPassword(javax.servlet.http.HttpSession,java.util.Map<java.lang.String, java.lang.String>)
2019-02-03 16:13:48.270 INFO [main] AbstractHandlerMethodMapping$MappingRegistry.java #register():548 --- Mapped "{[/user/updateUser],methods=[POST],consumes=[application/json],produces=[application/json]}" onto public jack.project.mmall.common.ServerResponse<jack.project.mmall.entity.User> jack.project.mmall.controller.portal.UserController.updateUser(javax.servlet.http.HttpSession,jack.project.mmall.entity.User)
2019-02-03 16:13:48.286 INFO [main] AbstractHandlerMethodMapping$MappingRegistry.java #register():548 --- Mapped "{[/user/forgetPassword/question],methods=[POST],consumes=[application/json],produces=[application/json]}" onto public jack.project.mmall.common.ServerResponse<java.lang.String> jack.project.mmall.controller.portal.UserController.getQuestion(java.util.Map<java.lang.String, java.lang.String>)
2019-02-03 16:13:48.286 INFO [main] AbstractHandlerMethodMapping$MappingRegistry.java #register():548 --- Mapped "{[/user/getUserDetails],methods=[GET],consumes=[application/json],produces=[application/json]}" onto public jack.project.mmall.common.ServerResponse<jack.project.mmall.entity.User> jack.project.mmall.controller.portal.UserController.getUserDetails(javax.servlet.http.HttpSession)
2019-02-03 16:13:48.286 INFO [main] AbstractHandlerMethodMapping$MappingRegistry.java #register():548 --- Mapped "{[/user/forgetPassword/answer],methods=[POST],consumes=[application/json],produces=[application/json]}" onto public jack.project.mmall.common.ServerResponse<java.lang.String> jack.project.mmall.controller.portal.UserController.checkAnswer(java.util.Map<java.lang.String, java.lang.String>)
2019-02-03 16:13:48.286 INFO [main] AbstractHandlerMethodMapping$MappingRegistry.java #register():548 --- Mapped "{[/user/logout],methods=[GET],consumes=[application/json],produces=[application/json]}" onto public jack.project.mmall.common.ServerResponse<java.lang.String> jack.project.mmall.controller.portal.UserController.logout(javax.servlet.http.HttpServletRequest)
2019-02-03 16:13:48.286 INFO [main] AbstractHandlerMethodMapping$MappingRegistry.java #register():548 --- Mapped "{[/user/forgetPassword/reset],methods=[POST],consumes=[application/json],produces=[application/json]}" onto public jack.project.mmall.common.ServerResponse<java.lang.String> jack.project.mmall.controller.portal.UserController.resetPasswordForget(java.util.Map<java.lang.String, java.lang.String>)
2019-02-03 16:13:48.286 INFO [main] AbstractHandlerMethodMapping$MappingRegistry.java #register():548 --- Mapped "{[/error]}" onto public org.springframework.http.ResponseEntity<java.util.Map<java.lang.String, java.lang.Object>> org.springframework.boot.autoconfigure.web.servlet.error.BasicErrorController.error(javax.servlet.http.HttpServletRequest)
2019-02-03 16:13:48.286 INFO [main] AbstractHandlerMethodMapping$MappingRegistry.java #register():548 --- Mapped "{[/error],produces=[text/html]}" onto public org.springframework.web.servlet.ModelAndView org.springframework.boot.autoconfigure.web.servlet.error.BasicErrorController.errorHtml(javax.servlet.http.HttpServletRequest,javax.servlet.http.HttpServletResponse)
2019-02-03 16:13:48.348 INFO [main] AbstractUrlHandlerMapping.java #registerHandler():373 --- Mapped URL path [/webjars/**] onto handler of type [class org.springframework.web.servlet.resource.ResourceHttpRequestHandler]
2019-02-03 16:13:48.348 INFO [main] AbstractUrlHandlerMapping.java #registerHandler():373 --- Mapped URL path [/**] onto handler of type [class org.springframework.web.servlet.resource.ResourceHttpRequestHandler]
2019-02-03 16:13:48.442 INFO [main] AbstractUrlHandlerMapping.java #registerHandler():373 --- Mapped URL path [/**/favicon.ico] onto handler of type [class org.springframework.web.servlet.resource.ResourceHttpRequestHandler]
2019-02-03 16:13:48.942 INFO [main] MBeanExporter.java #afterSingletonsInstantiated():434 --- Registering beans for JMX exposure on startup
2019-02-03 16:13:48.958 INFO [main] MBeanExporter.java #autodetect():896 --- Bean with name 'dataSource' has been autodetected for JMX exposure
2019-02-03 16:13:48.958 INFO [main] MBeanExporter.java #registerBeanInstance():669 --- Located MBean 'dataSource': registering with JMX server as MBean [com.zaxxer.hikari:name=dataSource,type=HikariDataSource]
2019-02-03 16:13:48.973 INFO [main] DirectJDKLog.java #log():180 --- Starting ProtocolHandler ["http-nio-8080"]
2019-02-03 16:13:49.004 INFO [main] DirectJDKLog.java #log():180 --- Using a shared selector for servlet write/read
2019-02-03 16:13:49.036 INFO [main] TomcatWebServer.java #start():205 --- Tomcat started on port(s): 8080 (http) with context path ''
2019-02-03 16:13:49.036 INFO [main] StartupInfoLogger.java #logStarted():59 --- Started MmallApp in 7.472 seconds (JVM running for 10.656)
2019-02-03 16:15:19.431 INFO [http-nio-8080-exec-2] DirectJDKLog.java #log():180 --- Initializing Spring FrameworkServlet 'dispatcherServlet'
2019-02-03 16:15:19.431 INFO [http-nio-8080-exec-2] FrameworkServlet.java #initServletBean():494 --- FrameworkServlet 'dispatcherServlet': initialization started
2019-02-03 16:15:19.447 INFO [http-nio-8080-exec-2] FrameworkServlet.java #initServletBean():513 --- FrameworkServlet 'dispatcherServlet': initialization completed in 16 ms
2019-02-03 16:15:19.480 WARN [http-nio-8080-exec-2] DefaultHandlerExceptionResolver.java #handleHttpRequestMethodNotSupported():250 --- Request method 'GET' not supported
2019-02-03 16:15:41.456 INFO [main] StartupInfoLogger.java #logStarting():50 --- Starting MmallApp on DESKTOP-J5BAIP9 with PID 19236 (C:\Users\zzd16\Desktop\mmall_20181121\target\classes started by Zhengde.ZHOU in C:\Users\zzd16\Desktop\mmall_20181121)
2019-02-03 16:15:41.466 INFO [main] SpringApplication.java #logStartupProfileInfo():656 --- The following profiles are active: local
2019-02-03 16:15:41.514 INFO [main] AbstractApplicationContext.java #prepareRefresh():589 --- Refreshing org.springframework.boot.web.servlet.context.AnnotationConfigServletWebServerApplicationContext@48d5f34e: startup date [Sun Feb 03 16:15:41 CST 2019]; root of context hierarchy
2019-02-03 16:15:42.817 INFO [main] PostProcessorRegistrationDelegate$BeanPostProcessorChecker.java #postProcessAfterInitialization():328 --- Bean 'org.springframework.transaction.annotation.ProxyTransactionManagementConfiguration' of type [org.springframework.transaction.annotation.ProxyTransactionManagementConfiguration$$EnhancerBySpringCGLIB$$d9b096c7] is not eligible for getting processed by all BeanPostProcessors (for example: not eligible for auto-proxying)
2019-02-03 16:15:43.221 INFO [main] TomcatWebServer.java #initialize():91 --- Tomcat initialized with port(s): 8080 (http)
2019-02-03 16:15:43.238 INFO [main] DirectJDKLog.java #log():180 --- Initializing ProtocolHandler ["http-nio-8080"]
2019-02-03 16:15:43.250 INFO [main] DirectJDKLog.java #log():180 --- Starting service [Tomcat]
2019-02-03 16:15:43.251 INFO [main] DirectJDKLog.java #log():180 --- Starting Servlet Engine: Apache Tomcat/8.5.28
2019-02-03 16:15:43.257 INFO [localhost-startStop-1] DirectJDKLog.java #log():180 --- The APR based Apache Tomcat Native library which allows optimal performance in production environments was not found on the java.library.path: [C:\Software\Java\jdk1.8.0_151\bin;C:\WINDOWS\Sun\Java\bin;C:\WINDOWS\system32;C:\WINDOWS;C:\Program Files\Docker\Docker\Resources\bin;C:\Program Files (x86)\Common Files\Oracle\Java\javapath;C:\Program Files (x86)\Intel\iCLS Client\;C:\ProgramData\Oracle\Java\javapath;C:\Program Files\Intel\iCLS Client\;C:\Windows\system32;C:\Windows;C:\Windows\System32\Wbem;C:\Windows\System32\WindowsPowerShell\v1.0\;C:\Program Files (x86)\NVIDIA Corporation\PhysX\Common;C:\Software\Git\cmd;C:\Program Files\MySQL\MySQL Utilities 1.6\;"C:\Software\Java\jdk1.8.0_151\bin;";C:\Software\unzip\apache-maven-3.3.9\bin;C:\WINDOWS\system32;C:\WINDOWS;C:\WINDOWS\System32\Wbem;C:\WINDOWS\System32\WindowsPowerShell\v1.0\;C:\Program Files (x86)\Intel\Intel(R) Management Engine Components\DAL;C:\Program Files\Intel\Intel(R) Management Engine Components\DAL;C:\Program Files (x86)\Intel\Intel(R) Management Engine Components\IPT;C:\Program Files\Intel\Intel(R) Management Engine Components\IPT;C:\WINDOWS\System32\OpenSSH\;C:\Program Files\Intel\WiFi\bin\;C:\Program Files\Common Files\Intel\WirelessCommon\;C:\Software\nodejs\;C:\Software\nodejs\;C:\Software\PuTTY\;C:\Users\zzd16\AppData\Local\Microsoft\WindowsApps;C:\Users\zzd16\AppData\Roaming\npm;C:\Users\zzd16\AppData\Local\GitHubDesktop\bin;.]
2019-02-03 16:15:43.452 INFO [localhost-startStop-1] DirectJDKLog.java #log():180 --- Initializing Spring embedded WebApplicationContext
2019-02-03 16:15:43.453 INFO [localhost-startStop-1] ServletWebServerApplicationContext.java #prepareWebApplicationContext():285 --- Root WebApplicationContext: initialization completed in 1943 ms
2019-02-03 16:15:43.649 INFO [localhost-startStop-1] ServletRegistrationBean.java #addRegistration():185 --- Servlet dispatcherServlet mapped to [/]
2019-02-03 16:15:43.655 INFO [localhost-startStop-1] AbstractFilterRegistrationBean.java #configure():243 --- Mapping filter: 'characterEncodingFilter' to: [/*]
2019-02-03 16:15:43.655 INFO [localhost-startStop-1] AbstractFilterRegistrationBean.java #configure():243 --- Mapping filter: 'hiddenHttpMethodFilter' to: [/*]
2019-02-03 16:15:43.655 INFO [localhost-startStop-1] AbstractFilterRegistrationBean.java #configure():243 --- Mapping filter: 'httpPutFormContentFilter' to: [/*]
2019-02-03 16:15:43.655 INFO [localhost-startStop-1] AbstractFilterRegistrationBean.java #configure():243 --- Mapping filter: 'requestContextFilter' to: [/*]
2019-02-03 16:15:43.935 INFO [main] HikariDataSource.java #getConnection():110 --- HikariPool-1 - Starting...
2019-02-03 16:15:44.193 INFO [main] HikariDataSource.java #getConnection():123 --- HikariPool-1 - Start completed.
2019-02-03 16:15:44.298 INFO [main] LocalContainerEntityManagerFactoryBean.java #createNativeEntityManagerFactory():361 --- Building JPA container EntityManagerFactory for persistence unit 'default'
2019-02-03 16:15:44.334 INFO [main] LogHelper.java #logPersistenceUnitInformation():31 --- HHH000204: Processing PersistenceUnitInfo [
	name: default
	...]
2019-02-03 16:15:44.485 INFO [main] Version.java #logVersion():45 --- HHH000412: Hibernate Core {5.2.14.Final}
2019-02-03 16:15:44.488 INFO [main] Environment.java #<clinit>():213 --- HHH000206: hibernate.properties not found
2019-02-03 16:15:44.636 INFO [main] JavaReflectionManager.java #<clinit>():66 --- HCANN000001: Hibernate Commons Annotations {5.0.1.Final}
2019-02-03 16:15:44.902 INFO [main] Dialect.java #<init>():157 --- HHH000400: Using dialect: org.hibernate.dialect.MySQL5Dialect
2019-02-03 16:15:45.952 INFO [main] AbstractEntityManagerFactoryBean.java #buildNativeEntityManagerFactory():394 --- Initialized JPA EntityManagerFactory for persistence unit 'default'
2019-02-03 16:15:46.479 INFO [main] QueryTranslatorFactoryInitiator.java #initiateService():47 --- HHH000397: Using ASTQueryTranslatorFactory
2019-02-03 16:15:47.127 INFO [main] RequestMappingHandlerAdapter.java #initControllerAdviceCache():567 --- Looking for @ControllerAdvice: org.springframework.boot.web.servlet.context.AnnotationConfigServletWebServerApplicationContext@48d5f34e: startup date [Sun Feb 03 16:15:41 CST 2019]; root of context hierarchy
2019-02-03 16:15:47.175 WARN [main] JpaBaseConfiguration$JpaWebConfiguration$JpaWebMvcConfiguration.java #openEntityManagerInViewInterceptor():235 --- spring.jpa.open-in-view is enabled by default. Therefore, database queries may be performed during view rendering. Explicitly configure spring.jpa.open-in-view to disable this warning
2019-02-03 16:15:47.223 INFO [main] AbstractHandlerMethodMapping$MappingRegistry.java #register():548 --- Mapped "{[/admin/category/add],methods=[GET]}" onto public jack.project.mmall.common.ServerResponse<jack.project.mmall.entity.Category> jack.project.mmall.controller.backend.CategoryAdminController.addCategory(java.lang.String,java.lang.Integer,javax.servlet.http.HttpSession)
2019-02-03 16:15:47.224 INFO [main] AbstractHandlerMethodMapping$MappingRegistry.java #register():548 --- Mapped "{[/admin/category/update],methods=[GET]}" onto public jack.project.mmall.common.ServerResponse<jack.project.mmall.entity.Category> jack.project.mmall.controller.backend.CategoryAdminController.updateCategoryName(javax.servlet.http.HttpSession,java.lang.Integer,java.lang.String)
2019-02-03 16:15:47.225 INFO [main] AbstractHandlerMethodMapping$MappingRegistry.java #register():548 --- Mapped "{[/admin/category/get_child_category],methods=[GET]}" onto public jack.project.mmall.common.ServerResponse<java.util.List<jack.project.mmall.entity.Category>> jack.project.mmall.controller.backend.CategoryAdminController.getChildrenCategories(javax.servlet.http.HttpSession,java.lang.Integer)
2019-02-03 16:15:47.225 INFO [main] AbstractHandlerMethodMapping$MappingRegistry.java #register():548 --- Mapped "{[/admin/category/get_all_child_categories],methods=[POST]}" onto public jack.project.mmall.common.ServerResponse<java.util.Set<java.lang.Integer>> jack.project.mmall.controller.backend.CategoryAdminController.getCategoryIdAndAllChildCategoryIds(javax.servlet.http.HttpSession,java.lang.Integer)
2019-02-03 16:15:47.227 INFO [main] AbstractHandlerMethodMapping$MappingRegistry.java #register():548 --- Mapped "{[/admin/product/list],methods=[GET]}" onto public jack.project.mmall.common.ServerResponse<jack.project.mmall.vo.Page<jack.project.mmall.vo.ProductListVO>> jack.project.mmall.controller.backend.ProductManageController.getProductList(java.lang.Integer,java.lang.Integer)
2019-02-03 16:15:47.227 INFO [main] AbstractHandlerMethodMapping$MappingRegistry.java #register():548 --- Mapped "{[/admin/product/status],methods=[GET]}" onto public jack.project.mmall.common.ServerResponse<jack.project.mmall.vo.ProductVO> jack.project.mmall.controller.backend.ProductManageController.setProductStatus(javax.servlet.http.HttpSession,java.lang.Integer,java.lang.Integer)
2019-02-03 16:15:47.228 INFO [main] AbstractHandlerMethodMapping$MappingRegistry.java #register():548 --- Mapped "{[/admin/product/save_update],methods=[POST]}" onto public jack.project.mmall.common.ServerResponse<jack.project.mmall.vo.ProductVO> jack.project.mmall.controller.backend.ProductManageController.saveOrUpdateProduct(javax.servlet.http.HttpSession,jack.project.mmall.vo.ProductVO,java.lang.Boolean)
2019-02-03 16:15:47.228 INFO [main] AbstractHandlerMethodMapping$MappingRegistry.java #register():548 --- Mapped "{[/admin/product/details],methods=[GET]}" onto public jack.project.mmall.common.ServerResponse<jack.project.mmall.vo.ProductVO> jack.project.mmall.controller.backend.ProductManageController.getProductDetatil(java.lang.Integer)
2019-02-03 16:15:47.233 INFO [main] AbstractHandlerMethodMapping$MappingRegistry.java #register():548 --- Mapped "{[/user/register],methods=[POST],consumes=[application/json],produces=[application/json]}" onto public jack.project.mmall.common.ServerResponse<java.lang.Integer> jack.project.mmall.controller.portal.UserController.register(jack.project.mmall.entity.User)
2019-02-03 16:15:47.233 INFO [main] AbstractHandlerMethodMapping$MappingRegistry.java #register():548 --- Mapped "{[/user/getUserInfo],methods=[GET],consumes=[application/json],produces=[application/json]}" onto public jack.project.mmall.common.ServerResponse<jack.project.mmall.entity.User> jack.project.mmall.controller.portal.UserController.getUserInfo(javax.servlet.http.HttpSession)
2019-02-03 16:15:47.233 INFO [main] AbstractHandlerMethodMapping$MappingRegistry.java #register():548 --- Mapped "{[/user/resetPassword],methods=[POST],consumes=[application/json],produces=[application/json]}" onto public jack.project.mmall.common.ServerResponse<java.lang.String> jack.project.mmall.controller.portal.UserController.resetPassword(javax.servlet.http.HttpSession,java.util.Map<java.lang.String, java.lang.String>)
2019-02-03 16:15:47.234 INFO [main] AbstractHandlerMethodMapping$MappingRegistry.java #register():548 --- Mapped "{[/user/getUserDetails],methods=[GET],consumes=[application/json],produces=[application/json]}" onto public jack.project.mmall.common.ServerResponse<jack.project.mmall.entity.User> jack.project.mmall.controller.portal.UserController.getUserDetails(javax.servlet.http.HttpSession)
2019-02-03 16:15:47.234 INFO [main] AbstractHandlerMethodMapping$MappingRegistry.java #register():548 --- Mapped "{[/user/forgetPassword/question],methods=[POST],consumes=[application/json],produces=[application/json]}" onto public jack.project.mmall.common.ServerResponse<java.lang.String> jack.project.mmall.controller.portal.UserController.getQuestion(java.util.Map<java.lang.String, java.lang.String>)
2019-02-03 16:15:47.235 INFO [main] AbstractHandlerMethodMapping$MappingRegistry.java #register():548 --- Mapped "{[/user/forgetPassword/answer],methods=[POST],consumes=[application/json],produces=[application/json]}" onto public jack.project.mmall.common.ServerResponse<java.lang.String> jack.project.mmall.controller.portal.UserController.checkAnswer(java.util.Map<java.lang.String, java.lang.String>)
2019-02-03 16:15:47.235 INFO [main] AbstractHandlerMethodMapping$MappingRegistry.java #register():548 --- Mapped "{[/user/login],methods=[POST],consumes=[application/json],produces=[application/json]}" onto public jack.project.mmall.common.ServerResponse<jack.project.mmall.entity.User> jack.project.mmall.controller.portal.UserController.login(java.util.Map<java.lang.String, java.lang.String>,javax.servlet.http.HttpSession)
2019-02-03 16:15:47.236 INFO [main] AbstractHandlerMethodMapping$MappingRegistry.java #register():548 --- Mapped "{[/user/logout],methods=[GET],consumes=[application/json],produces=[application/json]}" onto public jack.project.mmall.common.ServerResponse<java.lang.String> jack.project.mmall.controller.portal.UserController.logout(javax.servlet.http.HttpServletRequest)
2019-02-03 16:15:47.236 INFO [main] AbstractHandlerMethodMapping$MappingRegistry.java #register():548 --- Mapped "{[/user/isValid],methods=[POST],consumes=[application/json],produces=[application/json]}" onto public jack.project.mmall.common.ServerResponse<java.lang.Boolean> jack.project.mmall.controller.portal.UserController.checkValid(java.util.Map<java.lang.String, java.lang.String>)
2019-02-03 16:15:47.236 INFO [main] AbstractHandlerMethodMapping$MappingRegistry.java #register():548 --- Mapped "{[/user/forgetPassword/reset],methods=[POST],consumes=[application/json],produces=[application/json]}" onto public jack.project.mmall.common.ServerResponse<java.lang.String> jack.project.mmall.controller.portal.UserController.resetPasswordForget(java.util.Map<java.lang.String, java.lang.String>)
2019-02-03 16:15:47.237 INFO [main] AbstractHandlerMethodMapping$MappingRegistry.java #register():548 --- Mapped "{[/user/updateUser],methods=[POST],consumes=[application/json],produces=[application/json]}" onto public jack.project.mmall.common.ServerResponse<jack.project.mmall.entity.User> jack.project.mmall.controller.portal.UserController.updateUser(javax.servlet.http.HttpSession,jack.project.mmall.entity.User)
2019-02-03 16:15:47.239 INFO [main] AbstractHandlerMethodMapping$MappingRegistry.java #register():548 --- Mapped "{[/error]}" onto public org.springframework.http.ResponseEntity<java.util.Map<java.lang.String, java.lang.Object>> org.springframework.boot.autoconfigure.web.servlet.error.BasicErrorController.error(javax.servlet.http.HttpServletRequest)
2019-02-03 16:15:47.240 INFO [main] AbstractHandlerMethodMapping$MappingRegistry.java #register():548 --- Mapped "{[/error],produces=[text/html]}" onto public org.springframework.web.servlet.ModelAndView org.springframework.boot.autoconfigure.web.servlet.error.BasicErrorController.errorHtml(javax.servlet.http.HttpServletRequest,javax.servlet.http.HttpServletResponse)
2019-02-03 16:15:47.303 INFO [main] AbstractUrlHandlerMapping.java #registerHandler():373 --- Mapped URL path [/webjars/**] onto handler of type [class org.springframework.web.servlet.resource.ResourceHttpRequestHandler]
2019-02-03 16:15:47.303 INFO [main] AbstractUrlHandlerMapping.java #registerHandler():373 --- Mapped URL path [/**] onto handler of type [class org.springframework.web.servlet.resource.ResourceHttpRequestHandler]
2019-02-03 16:15:47.378 INFO [main] AbstractUrlHandlerMapping.java #registerHandler():373 --- Mapped URL path [/**/favicon.ico] onto handler of type [class org.springframework.web.servlet.resource.ResourceHttpRequestHandler]
2019-02-03 16:15:47.854 INFO [main] MBeanExporter.java #afterSingletonsInstantiated():434 --- Registering beans for JMX exposure on startup
2019-02-03 16:15:47.855 INFO [main] MBeanExporter.java #autodetect():896 --- Bean with name 'dataSource' has been autodetected for JMX exposure
2019-02-03 16:15:47.863 INFO [main] MBeanExporter.java #registerBeanInstance():669 --- Located MBean 'dataSource': registering with JMX server as MBean [com.zaxxer.hikari:name=dataSource,type=HikariDataSource]
2019-02-03 16:15:47.875 INFO [main] DirectJDKLog.java #log():180 --- Starting ProtocolHandler ["http-nio-8080"]
2019-02-03 16:15:47.894 INFO [main] DirectJDKLog.java #log():180 --- Using a shared selector for servlet write/read
2019-02-03 16:15:47.914 INFO [main] TomcatWebServer.java #start():205 --- Tomcat started on port(s): 8080 (http) with context path ''
2019-02-03 16:15:47.917 INFO [main] StartupInfoLogger.java #logStarted():59 --- Started MmallApp in 6.908 seconds (JVM running for 9.349)
2019-02-03 16:15:51.984 INFO [http-nio-8080-exec-1] DirectJDKLog.java #log():180 --- Initializing Spring FrameworkServlet 'dispatcherServlet'
2019-02-03 16:15:51.985 INFO [http-nio-8080-exec-1] FrameworkServlet.java #initServletBean():494 --- FrameworkServlet 'dispatcherServlet': initialization started
2019-02-03 16:15:52.020 INFO [http-nio-8080-exec-1] FrameworkServlet.java #initServletBean():513 --- FrameworkServlet 'dispatcherServlet': initialization completed in 35 ms
2019-02-03 16:15:52.041 WARN [http-nio-8080-exec-1] DefaultHandlerExceptionResolver.java #handleHttpRequestMethodNotSupported():250 --- Request method 'POST' not supported
2019-02-03 16:20:45.097 INFO [main] StartupInfoLogger.java #logStarting():50 --- Starting MmallApp on DESKTOP-J5BAIP9 with PID 13664 (C:\Users\zzd16\Desktop\mmall_20181121\target\classes started by Zhengde.ZHOU in C:\Users\zzd16\Desktop\mmall_20181121)
2019-02-03 16:20:45.112 INFO [main] SpringApplication.java #logStartupProfileInfo():656 --- The following profiles are active: local
2019-02-03 16:20:45.203 INFO [main] AbstractApplicationContext.java #prepareRefresh():589 --- Refreshing org.springframework.boot.web.servlet.context.AnnotationConfigServletWebServerApplicationContext@183e8023: startup date [Sun Feb 03 16:20:45 CST 2019]; root of context hierarchy
2019-02-03 16:20:46.628 INFO [main] PostProcessorRegistrationDelegate$BeanPostProcessorChecker.java #postProcessAfterInitialization():328 --- Bean 'org.springframework.transaction.annotation.ProxyTransactionManagementConfiguration' of type [org.springframework.transaction.annotation.ProxyTransactionManagementConfiguration$$EnhancerBySpringCGLIB$$a0295ae7] is not eligible for getting processed by all BeanPostProcessors (for example: not eligible for auto-proxying)
2019-02-03 16:20:47.030 INFO [main] TomcatWebServer.java #initialize():91 --- Tomcat initialized with port(s): 8080 (http)
2019-02-03 16:20:47.049 INFO [main] DirectJDKLog.java #log():180 --- Initializing ProtocolHandler ["http-nio-8080"]
2019-02-03 16:20:47.064 INFO [main] DirectJDKLog.java #log():180 --- Starting service [Tomcat]
2019-02-03 16:20:47.065 INFO [main] DirectJDKLog.java #log():180 --- Starting Servlet Engine: Apache Tomcat/8.5.28
2019-02-03 16:20:47.072 INFO [localhost-startStop-1] DirectJDKLog.java #log():180 --- The APR based Apache Tomcat Native library which allows optimal performance in production environments was not found on the java.library.path: [C:\Software\Java\jdk1.8.0_151\bin;C:\WINDOWS\Sun\Java\bin;C:\WINDOWS\system32;C:\WINDOWS;C:\Program Files\Docker\Docker\Resources\bin;C:\Program Files (x86)\Common Files\Oracle\Java\javapath;C:\Program Files (x86)\Intel\iCLS Client\;C:\ProgramData\Oracle\Java\javapath;C:\Program Files\Intel\iCLS Client\;C:\Windows\system32;C:\Windows;C:\Windows\System32\Wbem;C:\Windows\System32\WindowsPowerShell\v1.0\;C:\Program Files (x86)\NVIDIA Corporation\PhysX\Common;C:\Software\Git\cmd;C:\Program Files\MySQL\MySQL Utilities 1.6\;"C:\Software\Java\jdk1.8.0_151\bin;";C:\Software\unzip\apache-maven-3.3.9\bin;C:\WINDOWS\system32;C:\WINDOWS;C:\WINDOWS\System32\Wbem;C:\WINDOWS\System32\WindowsPowerShell\v1.0\;C:\Program Files (x86)\Intel\Intel(R) Management Engine Components\DAL;C:\Program Files\Intel\Intel(R) Management Engine Components\DAL;C:\Program Files (x86)\Intel\Intel(R) Management Engine Components\IPT;C:\Program Files\Intel\Intel(R) Management Engine Components\IPT;C:\WINDOWS\System32\OpenSSH\;C:\Program Files\Intel\WiFi\bin\;C:\Program Files\Common Files\Intel\WirelessCommon\;C:\Software\nodejs\;C:\Software\nodejs\;C:\Software\PuTTY\;C:\Users\zzd16\AppData\Local\Microsoft\WindowsApps;C:\Users\zzd16\AppData\Roaming\npm;C:\Users\zzd16\AppData\Local\GitHubDesktop\bin;.]
2019-02-03 16:20:47.265 INFO [localhost-startStop-1] DirectJDKLog.java #log():180 --- Initializing Spring embedded WebApplicationContext
2019-02-03 16:20:47.266 INFO [localhost-startStop-1] ServletWebServerApplicationContext.java #prepareWebApplicationContext():285 --- Root WebApplicationContext: initialization completed in 2070 ms
2019-02-03 16:20:47.469 INFO [localhost-startStop-1] ServletRegistrationBean.java #addRegistration():185 --- Servlet dispatcherServlet mapped to [/]
2019-02-03 16:20:47.477 INFO [localhost-startStop-1] AbstractFilterRegistrationBean.java #configure():243 --- Mapping filter: 'characterEncodingFilter' to: [/*]
2019-02-03 16:20:47.478 INFO [localhost-startStop-1] AbstractFilterRegistrationBean.java #configure():243 --- Mapping filter: 'hiddenHttpMethodFilter' to: [/*]
2019-02-03 16:20:47.478 INFO [localhost-startStop-1] AbstractFilterRegistrationBean.java #configure():243 --- Mapping filter: 'httpPutFormContentFilter' to: [/*]
2019-02-03 16:20:47.478 INFO [localhost-startStop-1] AbstractFilterRegistrationBean.java #configure():243 --- Mapping filter: 'requestContextFilter' to: [/*]
2019-02-03 16:20:47.658 INFO [main] HikariDataSource.java #getConnection():110 --- HikariPool-1 - Starting...
2019-02-03 16:20:47.931 INFO [main] HikariDataSource.java #getConnection():123 --- HikariPool-1 - Start completed.
2019-02-03 16:20:48.014 INFO [main] LocalContainerEntityManagerFactoryBean.java #createNativeEntityManagerFactory():361 --- Building JPA container EntityManagerFactory for persistence unit 'default'
2019-02-03 16:20:48.030 INFO [main] LogHelper.java #logPersistenceUnitInformation():31 --- HHH000204: Processing PersistenceUnitInfo [
	name: default
	...]
2019-02-03 16:20:48.145 INFO [main] Version.java #logVersion():45 --- HHH000412: Hibernate Core {5.2.14.Final}
2019-02-03 16:20:48.147 INFO [main] Environment.java #<clinit>():213 --- HHH000206: hibernate.properties not found
2019-02-03 16:20:48.205 INFO [main] JavaReflectionManager.java #<clinit>():66 --- HCANN000001: Hibernate Commons Annotations {5.0.1.Final}
2019-02-03 16:20:48.440 INFO [main] Dialect.java #<init>():157 --- HHH000400: Using dialect: org.hibernate.dialect.MySQL5Dialect
2019-02-03 16:20:49.383 INFO [main] AbstractEntityManagerFactoryBean.java #buildNativeEntityManagerFactory():394 --- Initialized JPA EntityManagerFactory for persistence unit 'default'
2019-02-03 16:20:50.033 INFO [main] QueryTranslatorFactoryInitiator.java #initiateService():47 --- HHH000397: Using ASTQueryTranslatorFactory
2019-02-03 16:20:50.677 INFO [main] RequestMappingHandlerAdapter.java #initControllerAdviceCache():567 --- Looking for @ControllerAdvice: org.springframework.boot.web.servlet.context.AnnotationConfigServletWebServerApplicationContext@183e8023: startup date [Sun Feb 03 16:20:45 CST 2019]; root of context hierarchy
2019-02-03 16:20:50.724 WARN [main] JpaBaseConfiguration$JpaWebConfiguration$JpaWebMvcConfiguration.java #openEntityManagerInViewInterceptor():235 --- spring.jpa.open-in-view is enabled by default. Therefore, database queries may be performed during view rendering. Explicitly configure spring.jpa.open-in-view to disable this warning
2019-02-03 16:20:50.773 INFO [main] AbstractHandlerMethodMapping$MappingRegistry.java #register():548 --- Mapped "{[/admin/category/update],methods=[GET]}" onto public jack.project.mmall.common.ServerResponse<jack.project.mmall.entity.Category> jack.project.mmall.controller.backend.CategoryAdminController.updateCategoryName(javax.servlet.http.HttpSession,java.lang.Integer,java.lang.String)
2019-02-03 16:20:50.775 INFO [main] AbstractHandlerMethodMapping$MappingRegistry.java #register():548 --- Mapped "{[/admin/category/get_child_category],methods=[GET]}" onto public jack.project.mmall.common.ServerResponse<java.util.List<jack.project.mmall.entity.Category>> jack.project.mmall.controller.backend.CategoryAdminController.getChildrenCategories(javax.servlet.http.HttpSession,java.lang.Integer)
2019-02-03 16:20:50.775 INFO [main] AbstractHandlerMethodMapping$MappingRegistry.java #register():548 --- Mapped "{[/admin/category/add],methods=[GET]}" onto public jack.project.mmall.common.ServerResponse<jack.project.mmall.entity.Category> jack.project.mmall.controller.backend.CategoryAdminController.addCategory(java.lang.String,java.lang.Integer,javax.servlet.http.HttpSession)
2019-02-03 16:20:50.776 INFO [main] AbstractHandlerMethodMapping$MappingRegistry.java #register():548 --- Mapped "{[/admin/category/get_all_child_categories],methods=[POST]}" onto public jack.project.mmall.common.ServerResponse<java.util.Set<java.lang.Integer>> jack.project.mmall.controller.backend.CategoryAdminController.getCategoryIdAndAllChildCategoryIds(javax.servlet.http.HttpSession,java.lang.Integer)
2019-02-03 16:20:50.777 INFO [main] AbstractHandlerMethodMapping$MappingRegistry.java #register():548 --- Mapped "{[/admin/product/save_update],methods=[POST]}" onto public jack.project.mmall.common.ServerResponse<jack.project.mmall.vo.ProductVO> jack.project.mmall.controller.backend.ProductManageController.saveOrUpdateProduct(javax.servlet.http.HttpSession,jack.project.mmall.vo.ProductVO,java.lang.Boolean)
2019-02-03 16:20:50.777 INFO [main] AbstractHandlerMethodMapping$MappingRegistry.java #register():548 --- Mapped "{[/admin/product/details],methods=[GET]}" onto public jack.project.mmall.common.ServerResponse<jack.project.mmall.vo.ProductVO> jack.project.mmall.controller.backend.ProductManageController.getProductDetatil(java.lang.Integer)
2019-02-03 16:20:50.778 INFO [main] AbstractHandlerMethodMapping$MappingRegistry.java #register():548 --- Mapped "{[/admin/product/status],methods=[GET]}" onto public jack.project.mmall.common.ServerResponse<jack.project.mmall.vo.ProductVO> jack.project.mmall.controller.backend.ProductManageController.setProductStatus(javax.servlet.http.HttpSession,java.lang.Integer,java.lang.Integer)
2019-02-03 16:20:50.778 INFO [main] AbstractHandlerMethodMapping$MappingRegistry.java #register():548 --- Mapped "{[/admin/product/list],methods=[GET]}" onto public jack.project.mmall.common.ServerResponse<jack.project.mmall.vo.Page<jack.project.mmall.vo.ProductListVO>> jack.project.mmall.controller.backend.ProductManageController.getProductList(java.lang.Integer,java.lang.Integer)
2019-02-03 16:20:50.782 INFO [main] AbstractHandlerMethodMapping$MappingRegistry.java #register():548 --- Mapped "{[/user/register],methods=[POST],consumes=[application/json],produces=[application/json]}" onto public jack.project.mmall.common.ServerResponse<java.lang.Integer> jack.project.mmall.controller.portal.UserController.register(jack.project.mmall.entity.User)
2019-02-03 16:20:50.782 INFO [main] AbstractHandlerMethodMapping$MappingRegistry.java #register():548 --- Mapped "{[/user/getUserInfo],methods=[GET],consumes=[application/json],produces=[application/json]}" onto public jack.project.mmall.common.ServerResponse<jack.project.mmall.entity.User> jack.project.mmall.controller.portal.UserController.getUserInfo(javax.servlet.http.HttpSession)
2019-02-03 16:20:50.783 INFO [main] AbstractHandlerMethodMapping$MappingRegistry.java #register():548 --- Mapped "{[/user/forgetPassword/reset],methods=[POST],consumes=[application/json],produces=[application/json]}" onto public jack.project.mmall.common.ServerResponse<java.lang.String> jack.project.mmall.controller.portal.UserController.resetPasswordForget(java.util.Map<java.lang.String, java.lang.String>)
2019-02-03 16:20:50.783 INFO [main] AbstractHandlerMethodMapping$MappingRegistry.java #register():548 --- Mapped "{[/user/login],methods=[POST],consumes=[application/json],produces=[application/json]}" onto public jack.project.mmall.common.ServerResponse<jack.project.mmall.entity.User> jack.project.mmall.controller.portal.UserController.login(java.util.Map<java.lang.String, java.lang.String>,javax.servlet.http.HttpSession)
2019-02-03 16:20:50.784 INFO [main] AbstractHandlerMethodMapping$MappingRegistry.java #register():548 --- Mapped "{[/user/forgetPassword/question],methods=[POST],consumes=[application/json],produces=[application/json]}" onto public jack.project.mmall.common.ServerResponse<java.lang.String> jack.project.mmall.controller.portal.UserController.getQuestion(java.util.Map<java.lang.String, java.lang.String>)
2019-02-03 16:20:50.784 INFO [main] AbstractHandlerMethodMapping$MappingRegistry.java #register():548 --- Mapped "{[/user/forgetPassword/answer],methods=[POST],consumes=[application/json],produces=[application/json]}" onto public jack.project.mmall.common.ServerResponse<java.lang.String> jack.project.mmall.controller.portal.UserController.checkAnswer(java.util.Map<java.lang.String, java.lang.String>)
2019-02-03 16:20:50.785 INFO [main] AbstractHandlerMethodMapping$MappingRegistry.java #register():548 --- Mapped "{[/user/isValid],methods=[POST],consumes=[application/json],produces=[application/json]}" onto public jack.project.mmall.common.ServerResponse<java.lang.Boolean> jack.project.mmall.controller.portal.UserController.checkValid(java.util.Map<java.lang.String, java.lang.String>)
2019-02-03 16:20:50.785 INFO [main] AbstractHandlerMethodMapping$MappingRegistry.java #register():548 --- Mapped "{[/user/getUserDetails],methods=[GET],consumes=[application/json],produces=[application/json]}" onto public jack.project.mmall.common.ServerResponse<jack.project.mmall.entity.User> jack.project.mmall.controller.portal.UserController.getUserDetails(javax.servlet.http.HttpSession)
2019-02-03 16:20:50.785 INFO [main] AbstractHandlerMethodMapping$MappingRegistry.java #register():548 --- Mapped "{[/user/logout],methods=[GET],consumes=[application/json],produces=[application/json]}" onto public jack.project.mmall.common.ServerResponse<java.lang.String> jack.project.mmall.controller.portal.UserController.logout(javax.servlet.http.HttpServletRequest)
2019-02-03 16:20:50.786 INFO [main] AbstractHandlerMethodMapping$MappingRegistry.java #register():548 --- Mapped "{[/user/resetPassword],methods=[POST],consumes=[application/json],produces=[application/json]}" onto public jack.project.mmall.common.ServerResponse<java.lang.String> jack.project.mmall.controller.portal.UserController.resetPassword(javax.servlet.http.HttpSession,java.util.Map<java.lang.String, java.lang.String>)
2019-02-03 16:20:50.786 INFO [main] AbstractHandlerMethodMapping$MappingRegistry.java #register():548 --- Mapped "{[/user/updateUser],methods=[POST],consumes=[application/json],produces=[application/json]}" onto public jack.project.mmall.common.ServerResponse<jack.project.mmall.entity.User> jack.project.mmall.controller.portal.UserController.updateUser(javax.servlet.http.HttpSession,jack.project.mmall.entity.User)
2019-02-03 16:20:50.790 INFO [main] AbstractHandlerMethodMapping$MappingRegistry.java #register():548 --- Mapped "{[/error]}" onto public org.springframework.http.ResponseEntity<java.util.Map<java.lang.String, java.lang.Object>> org.springframework.boot.autoconfigure.web.servlet.error.BasicErrorController.error(javax.servlet.http.HttpServletRequest)
2019-02-03 16:20:50.790 INFO [main] AbstractHandlerMethodMapping$MappingRegistry.java #register():548 --- Mapped "{[/error],produces=[text/html]}" onto public org.springframework.web.servlet.ModelAndView org.springframework.boot.autoconfigure.web.servlet.error.BasicErrorController.errorHtml(javax.servlet.http.HttpServletRequest,javax.servlet.http.HttpServletResponse)
2019-02-03 16:20:50.869 INFO [main] AbstractUrlHandlerMapping.java #registerHandler():373 --- Mapped URL path [/webjars/**] onto handler of type [class org.springframework.web.servlet.resource.ResourceHttpRequestHandler]
2019-02-03 16:20:50.869 INFO [main] AbstractUrlHandlerMapping.java #registerHandler():373 --- Mapped URL path [/**] onto handler of type [class org.springframework.web.servlet.resource.ResourceHttpRequestHandler]
2019-02-03 16:20:50.948 INFO [main] AbstractUrlHandlerMapping.java #registerHandler():373 --- Mapped URL path [/**/favicon.ico] onto handler of type [class org.springframework.web.servlet.resource.ResourceHttpRequestHandler]
2019-02-03 16:20:51.355 INFO [main] MBeanExporter.java #afterSingletonsInstantiated():434 --- Registering beans for JMX exposure on startup
2019-02-03 16:20:51.357 INFO [main] MBeanExporter.java #autodetect():896 --- Bean with name 'dataSource' has been autodetected for JMX exposure
2019-02-03 16:20:51.363 INFO [main] MBeanExporter.java #registerBeanInstance():669 --- Located MBean 'dataSource': registering with JMX server as MBean [com.zaxxer.hikari:name=dataSource,type=HikariDataSource]
2019-02-03 16:20:51.374 INFO [main] DirectJDKLog.java #log():180 --- Starting ProtocolHandler ["http-nio-8080"]
2019-02-03 16:20:51.390 INFO [main] DirectJDKLog.java #log():180 --- Using a shared selector for servlet write/read
2019-02-03 16:20:51.409 INFO [main] TomcatWebServer.java #start():205 --- Tomcat started on port(s): 8080 (http) with context path ''
2019-02-03 16:20:51.412 INFO [main] StartupInfoLogger.java #logStarted():59 --- Started MmallApp in 6.752 seconds (JVM running for 9.268)
2019-02-03 16:21:05.046 INFO [http-nio-8080-exec-1] DirectJDKLog.java #log():180 --- Initializing Spring FrameworkServlet 'dispatcherServlet'
2019-02-03 16:21:05.047 INFO [http-nio-8080-exec-1] FrameworkServlet.java #initServletBean():494 --- FrameworkServlet 'dispatcherServlet': initialization started
2019-02-03 16:21:05.087 INFO [http-nio-8080-exec-1] FrameworkServlet.java #initServletBean():513 --- FrameworkServlet 'dispatcherServlet': initialization completed in 40 ms
