2019-01-27 20:58:38.938 INFO [main] StartupInfoLogger.java #logStarting():50 --- Starting MmallApp on DESKTOP-J5BAIP9 with PID 17132 (C:\Users\zzd16\Desktop\mmall_20181121\target\classes started by Zhengde.ZHOU in C:\Users\zzd16\Desktop\mmall_20181121)
2019-01-27 20:58:38.954 INFO [main] SpringApplication.java #logStartupProfileInfo():656 --- The following profiles are active: local
2019-01-27 20:58:39.001 INFO [main] AbstractApplicationContext.java #prepareRefresh():589 --- Refreshing org.springframework.boot.web.servlet.context.AnnotationConfigServletWebServerApplicationContext@7671cb68: startup date [Sun Jan 27 20:58:39 CST 2019]; root of context hierarchy
2019-01-27 20:58:40.804 INFO [main] PostProcessorRegistrationDelegate$BeanPostProcessorChecker.java #postProcessAfterInitialization():328 --- Bean 'org.springframework.transaction.annotation.ProxyTransactionManagementConfiguration' of type [org.springframework.transaction.annotation.ProxyTransactionManagementConfiguration$$EnhancerBySpringCGLIB$$ef2c7c9] is not eligible for getting processed by all BeanPostProcessors (for example: not eligible for auto-proxying)
2019-01-27 20:58:41.799 INFO [main] TomcatWebServer.java #initialize():91 --- Tomcat initialized with port(s): 8080 (http)
2019-01-27 20:58:41.830 INFO [main] DirectJDKLog.java #log():180 --- Initializing ProtocolHandler ["http-nio-8080"]
2019-01-27 20:58:41.862 INFO [main] DirectJDKLog.java #log():180 --- Starting service [Tomcat]
2019-01-27 20:58:41.862 INFO [main] DirectJDKLog.java #log():180 --- Starting Servlet Engine: Apache Tomcat/8.5.28
2019-01-27 20:58:41.877 INFO [localhost-startStop-1] DirectJDKLog.java #log():180 --- The APR based Apache Tomcat Native library which allows optimal performance in production environments was not found on the java.library.path: [C:\Software\Java\jdk1.8.0_151\bin;C:\WINDOWS\Sun\Java\bin;C:\WINDOWS\system32;C:\WINDOWS;C:\Program Files\Docker\Docker\Resources\bin;C:\Program Files (x86)\Common Files\Oracle\Java\javapath;C:\Program Files (x86)\Intel\iCLS Client\;C:\ProgramData\Oracle\Java\javapath;C:\Program Files\Intel\iCLS Client\;C:\Windows\system32;C:\Windows;C:\Windows\System32\Wbem;C:\Windows\System32\WindowsPowerShell\v1.0\;C:\Program Files (x86)\NVIDIA Corporation\PhysX\Common;C:\Software\Git\cmd;C:\Program Files\MySQL\MySQL Utilities 1.6\;"C:\Software\Java\jdk1.8.0_151\bin;";C:\Software\unzip\apache-maven-3.3.9\bin;C:\WINDOWS\system32;C:\WINDOWS;C:\WINDOWS\System32\Wbem;C:\WINDOWS\System32\WindowsPowerShell\v1.0\;C:\Program Files (x86)\Intel\Intel(R) Management Engine Components\DAL;C:\Program Files\Intel\Intel(R) Management Engine Components\DAL;C:\Program Files (x86)\Intel\Intel(R) Management Engine Components\IPT;C:\Program Files\Intel\Intel(R) Management Engine Components\IPT;C:\WINDOWS\System32\OpenSSH\;C:\Program Files\Intel\WiFi\bin\;C:\Program Files\Common Files\Intel\WirelessCommon\;C:\Software\nodejs\;C:\Software\nodejs\;C:\Software\PuTTY\;C:\Users\zzd16\AppData\Local\Microsoft\WindowsApps;C:\Users\zzd16\AppData\Roaming\npm;C:\Users\zzd16\AppData\Local\GitHubDesktop\bin;.]
2019-01-27 20:58:42.096 INFO [localhost-startStop-1] DirectJDKLog.java #log():180 --- Initializing Spring embedded WebApplicationContext
2019-01-27 20:58:42.096 INFO [localhost-startStop-1] ServletWebServerApplicationContext.java #prepareWebApplicationContext():285 --- Root WebApplicationContext: initialization completed in 3095 ms
2019-01-27 20:58:42.330 INFO [localhost-startStop-1] ServletRegistrationBean.java #addRegistration():185 --- Servlet dispatcherServlet mapped to [/]
2019-01-27 20:58:42.345 INFO [localhost-startStop-1] AbstractFilterRegistrationBean.java #configure():243 --- Mapping filter: 'characterEncodingFilter' to: [/*]
2019-01-27 20:58:42.345 INFO [localhost-startStop-1] AbstractFilterRegistrationBean.java #configure():243 --- Mapping filter: 'hiddenHttpMethodFilter' to: [/*]
2019-01-27 20:58:42.345 INFO [localhost-startStop-1] AbstractFilterRegistrationBean.java #configure():243 --- Mapping filter: 'httpPutFormContentFilter' to: [/*]
2019-01-27 20:58:42.345 INFO [localhost-startStop-1] AbstractFilterRegistrationBean.java #configure():243 --- Mapping filter: 'requestContextFilter' to: [/*]
2019-01-27 20:58:42.595 INFO [main] HikariDataSource.java #getConnection():110 --- HikariPool-1 - Starting...
2019-01-27 20:58:42.876 INFO [main] HikariDataSource.java #getConnection():123 --- HikariPool-1 - Start completed.
2019-01-27 20:58:42.955 INFO [main] LocalContainerEntityManagerFactoryBean.java #createNativeEntityManagerFactory():361 --- Building JPA container EntityManagerFactory for persistence unit 'default'
2019-01-27 20:58:42.986 INFO [main] LogHelper.java #logPersistenceUnitInformation():31 --- HHH000204: Processing PersistenceUnitInfo [
	name: default
	...]
2019-01-27 20:58:43.126 INFO [main] Version.java #logVersion():45 --- HHH000412: Hibernate Core {5.2.14.Final}
2019-01-27 20:58:43.126 INFO [main] Environment.java #<clinit>():213 --- HHH000206: hibernate.properties not found
2019-01-27 20:58:43.205 INFO [main] JavaReflectionManager.java #<clinit>():66 --- HCANN000001: Hibernate Commons Annotations {5.0.1.Final}
2019-01-27 20:58:43.418 INFO [main] Dialect.java #<init>():157 --- HHH000400: Using dialect: org.hibernate.dialect.MySQL5Dialect
2019-01-27 20:58:43.699 WARN [main] AbstractApplicationContext.java #refresh():557 --- Exception encountered during context initialization - cancelling refresh attempt: org.springframework.beans.factory.BeanCreationException: Error creating bean with name 'entityManagerFactory' defined in class path resource [org/springframework/boot/autoconfigure/orm/jpa/HibernateJpaConfiguration.class]: Invocation of init method failed; nested exception is javax.persistence.PersistenceException: [PersistenceUnit: default] Unable to build Hibernate SessionFactory
2019-01-27 20:58:43.699 INFO [main] HikariDataSource.java #close():381 --- HikariPool-1 - Shutdown initiated...
2019-01-27 20:58:43.715 INFO [main] HikariDataSource.java #close():383 --- HikariPool-1 - Shutdown completed.
2019-01-27 20:58:43.715 INFO [main] DirectJDKLog.java #log():180 --- Stopping service [Tomcat]
2019-01-27 20:58:43.746 INFO [main] ConditionEvaluationReportLoggingListener.java #logAutoConfigurationReport():101 --- 

Error starting ApplicationContext. To display the conditions report re-run your application with 'debug' enabled.
2019-01-27 20:58:43.746 ERROR [main] SpringApplication.java #reportFailure():833 --- Application run failed
org.springframework.beans.factory.BeanCreationException: Error creating bean with name 'entityManagerFactory' defined in class path resource [org/springframework/boot/autoconfigure/orm/jpa/HibernateJpaConfiguration.class]: Invocation of init method failed; nested exception is javax.persistence.PersistenceException: [PersistenceUnit: default] Unable to build Hibernate SessionFactory
	at org.springframework.beans.factory.support.AbstractAutowireCapableBeanFactory.initializeBean(AbstractAutowireCapableBeanFactory.java:1710) ~[spring-beans-5.0.4.RELEASE.jar:5.0.4.RELEASE]
	at org.springframework.beans.factory.support.AbstractAutowireCapableBeanFactory.doCreateBean(AbstractAutowireCapableBeanFactory.java:583) ~[spring-beans-5.0.4.RELEASE.jar:5.0.4.RELEASE]
	at org.springframework.beans.factory.support.AbstractAutowireCapableBeanFactory.createBean(AbstractAutowireCapableBeanFactory.java:502) ~[spring-beans-5.0.4.RELEASE.jar:5.0.4.RELEASE]
	at org.springframework.beans.factory.support.AbstractBeanFactory.lambda$doGetBean$0(AbstractBeanFactory.java:312) ~[spring-beans-5.0.4.RELEASE.jar:5.0.4.RELEASE]
	at org.springframework.beans.factory.support.DefaultSingletonBeanRegistry.getSingleton(DefaultSingletonBeanRegistry.java:228) ~[spring-beans-5.0.4.RELEASE.jar:5.0.4.RELEASE]
	at org.springframework.beans.factory.support.AbstractBeanFactory.doGetBean(AbstractBeanFactory.java:310) ~[spring-beans-5.0.4.RELEASE.jar:5.0.4.RELEASE]
	at org.springframework.beans.factory.support.AbstractBeanFactory.getBean(AbstractBeanFactory.java:200) ~[spring-beans-5.0.4.RELEASE.jar:5.0.4.RELEASE]
	at org.springframework.context.support.AbstractApplicationContext.getBean(AbstractApplicationContext.java:1085) ~[spring-context-5.0.4.RELEASE.jar:5.0.4.RELEASE]
	at org.springframework.context.support.AbstractApplicationContext.finishBeanFactoryInitialization(AbstractApplicationContext.java:858) ~[spring-context-5.0.4.RELEASE.jar:5.0.4.RELEASE]
	at org.springframework.context.support.AbstractApplicationContext.refresh(AbstractApplicationContext.java:549) ~[spring-context-5.0.4.RELEASE.jar:5.0.4.RELEASE]
	at org.springframework.boot.web.servlet.context.ServletWebServerApplicationContext.refresh(ServletWebServerApplicationContext.java:140) ~[spring-boot-2.0.0.RELEASE.jar:2.0.0.RELEASE]
	at org.springframework.boot.SpringApplication.refresh(SpringApplication.java:752) [spring-boot-2.0.0.RELEASE.jar:2.0.0.RELEASE]
	at org.springframework.boot.SpringApplication.refreshContext(SpringApplication.java:388) [spring-boot-2.0.0.RELEASE.jar:2.0.0.RELEASE]
	at org.springframework.boot.SpringApplication.run(SpringApplication.java:327) [spring-boot-2.0.0.RELEASE.jar:2.0.0.RELEASE]
	at org.springframework.boot.SpringApplication.run(SpringApplication.java:1246) [spring-boot-2.0.0.RELEASE.jar:2.0.0.RELEASE]
	at org.springframework.boot.SpringApplication.run(SpringApplication.java:1234) [spring-boot-2.0.0.RELEASE.jar:2.0.0.RELEASE]
	at jack.project.mmall.MmallApp.main(MmallApp.java:29) [classes/:?]
Caused by: javax.persistence.PersistenceException: [PersistenceUnit: default] Unable to build Hibernate SessionFactory
	at org.hibernate.jpa.boot.internal.EntityManagerFactoryBuilderImpl.persistenceException(EntityManagerFactoryBuilderImpl.java:970) ~[hibernate-core-5.2.14.Final.jar:5.2.14.Final]
	at org.hibernate.jpa.boot.internal.EntityManagerFactoryBuilderImpl.build(EntityManagerFactoryBuilderImpl.java:895) ~[hibernate-core-5.2.14.Final.jar:5.2.14.Final]
	at org.springframework.orm.jpa.vendor.SpringHibernateJpaPersistenceProvider.createContainerEntityManagerFactory(SpringHibernateJpaPersistenceProvider.java:57) ~[spring-orm-5.0.4.RELEASE.jar:5.0.4.RELEASE]
	at org.springframework.orm.jpa.LocalContainerEntityManagerFactoryBean.createNativeEntityManagerFactory(LocalContainerEntityManagerFactoryBean.java:365) ~[spring-orm-5.0.4.RELEASE.jar:5.0.4.RELEASE]
	at org.springframework.orm.jpa.AbstractEntityManagerFactoryBean.buildNativeEntityManagerFactory(AbstractEntityManagerFactoryBean.java:388) ~[spring-orm-5.0.4.RELEASE.jar:5.0.4.RELEASE]
	at org.springframework.orm.jpa.AbstractEntityManagerFactoryBean.afterPropertiesSet(AbstractEntityManagerFactoryBean.java:377) ~[spring-orm-5.0.4.RELEASE.jar:5.0.4.RELEASE]
	at org.springframework.orm.jpa.LocalContainerEntityManagerFactoryBean.afterPropertiesSet(LocalContainerEntityManagerFactoryBean.java:341) ~[spring-orm-5.0.4.RELEASE.jar:5.0.4.RELEASE]
	at org.springframework.beans.factory.support.AbstractAutowireCapableBeanFactory.invokeInitMethods(AbstractAutowireCapableBeanFactory.java:1769) ~[spring-beans-5.0.4.RELEASE.jar:5.0.4.RELEASE]
	at org.springframework.beans.factory.support.AbstractAutowireCapableBeanFactory.initializeBean(AbstractAutowireCapableBeanFactory.java:1706) ~[spring-beans-5.0.4.RELEASE.jar:5.0.4.RELEASE]
	... 16 more
Caused by: org.hibernate.MappingException: Could not determine type for: jack.project.mmall.entity.Category, at table: category, for columns: [org.hibernate.mapping.Column(parent_id)]
	at org.hibernate.mapping.SimpleValue.getType(SimpleValue.java:455) ~[hibernate-core-5.2.14.Final.jar:5.2.14.Final]
	at org.hibernate.mapping.SimpleValue.isValid(SimpleValue.java:422) ~[hibernate-core-5.2.14.Final.jar:5.2.14.Final]
	at org.hibernate.mapping.Property.isValid(Property.java:226) ~[hibernate-core-5.2.14.Final.jar:5.2.14.Final]
	at org.hibernate.mapping.PersistentClass.validate(PersistentClass.java:597) ~[hibernate-core-5.2.14.Final.jar:5.2.14.Final]
	at org.hibernate.mapping.RootClass.validate(RootClass.java:265) ~[hibernate-core-5.2.14.Final.jar:5.2.14.Final]
	at org.hibernate.boot.internal.MetadataImpl.validate(MetadataImpl.java:329) ~[hibernate-core-5.2.14.Final.jar:5.2.14.Final]
	at org.hibernate.boot.internal.SessionFactoryBuilderImpl.build(SessionFactoryBuilderImpl.java:459) ~[hibernate-core-5.2.14.Final.jar:5.2.14.Final]
	at org.hibernate.jpa.boot.internal.EntityManagerFactoryBuilderImpl.build(EntityManagerFactoryBuilderImpl.java:892) ~[hibernate-core-5.2.14.Final.jar:5.2.14.Final]
	at org.springframework.orm.jpa.vendor.SpringHibernateJpaPersistenceProvider.createContainerEntityManagerFactory(SpringHibernateJpaPersistenceProvider.java:57) ~[spring-orm-5.0.4.RELEASE.jar:5.0.4.RELEASE]
	at org.springframework.orm.jpa.LocalContainerEntityManagerFactoryBean.createNativeEntityManagerFactory(LocalContainerEntityManagerFactoryBean.java:365) ~[spring-orm-5.0.4.RELEASE.jar:5.0.4.RELEASE]
	at org.springframework.orm.jpa.AbstractEntityManagerFactoryBean.buildNativeEntityManagerFactory(AbstractEntityManagerFactoryBean.java:388) ~[spring-orm-5.0.4.RELEASE.jar:5.0.4.RELEASE]
	at org.springframework.orm.jpa.AbstractEntityManagerFactoryBean.afterPropertiesSet(AbstractEntityManagerFactoryBean.java:377) ~[spring-orm-5.0.4.RELEASE.jar:5.0.4.RELEASE]
	at org.springframework.orm.jpa.LocalContainerEntityManagerFactoryBean.afterPropertiesSet(LocalContainerEntityManagerFactoryBean.java:341) ~[spring-orm-5.0.4.RELEASE.jar:5.0.4.RELEASE]
	at org.springframework.beans.factory.support.AbstractAutowireCapableBeanFactory.invokeInitMethods(AbstractAutowireCapableBeanFactory.java:1769) ~[spring-beans-5.0.4.RELEASE.jar:5.0.4.RELEASE]
	at org.springframework.beans.factory.support.AbstractAutowireCapableBeanFactory.initializeBean(AbstractAutowireCapableBeanFactory.java:1706) ~[spring-beans-5.0.4.RELEASE.jar:5.0.4.RELEASE]
	... 16 more
2019-01-27 21:04:00.572 INFO [main] StartupInfoLogger.java #logStarting():50 --- Starting MmallApp on DESKTOP-J5BAIP9 with PID 1284 (C:\Users\zzd16\Desktop\mmall_20181121\target\classes started by Zhengde.ZHOU in C:\Users\zzd16\Desktop\mmall_20181121)
2019-01-27 21:04:00.588 INFO [main] SpringApplication.java #logStartupProfileInfo():656 --- The following profiles are active: local
2019-01-27 21:04:00.635 INFO [main] AbstractApplicationContext.java #prepareRefresh():589 --- Refreshing org.springframework.boot.web.servlet.context.AnnotationConfigServletWebServerApplicationContext@c333c60: startup date [Sun Jan 27 21:04:00 CST 2019]; root of context hierarchy
2019-01-27 21:04:02.108 INFO [main] PostProcessorRegistrationDelegate$BeanPostProcessorChecker.java #postProcessAfterInitialization():328 --- Bean 'org.springframework.transaction.annotation.ProxyTransactionManagementConfiguration' of type [org.springframework.transaction.annotation.ProxyTransactionManagementConfiguration$$EnhancerBySpringCGLIB$$a363b68a] is not eligible for getting processed by all BeanPostProcessors (for example: not eligible for auto-proxying)
2019-01-27 21:04:02.781 INFO [main] TomcatWebServer.java #initialize():91 --- Tomcat initialized with port(s): 8080 (http)
2019-01-27 21:04:02.797 INFO [main] DirectJDKLog.java #log():180 --- Initializing ProtocolHandler ["http-nio-8080"]
2019-01-27 21:04:02.797 INFO [main] DirectJDKLog.java #log():180 --- Starting service [Tomcat]
2019-01-27 21:04:02.797 INFO [main] DirectJDKLog.java #log():180 --- Starting Servlet Engine: Apache Tomcat/8.5.28
2019-01-27 21:04:02.812 INFO [localhost-startStop-1] DirectJDKLog.java #log():180 --- The APR based Apache Tomcat Native library which allows optimal performance in production environments was not found on the java.library.path: [C:\Software\Java\jdk1.8.0_151\bin;C:\WINDOWS\Sun\Java\bin;C:\WINDOWS\system32;C:\WINDOWS;C:\Program Files\Docker\Docker\Resources\bin;C:\Program Files (x86)\Common Files\Oracle\Java\javapath;C:\Program Files (x86)\Intel\iCLS Client\;C:\ProgramData\Oracle\Java\javapath;C:\Program Files\Intel\iCLS Client\;C:\Windows\system32;C:\Windows;C:\Windows\System32\Wbem;C:\Windows\System32\WindowsPowerShell\v1.0\;C:\Program Files (x86)\NVIDIA Corporation\PhysX\Common;C:\Software\Git\cmd;C:\Program Files\MySQL\MySQL Utilities 1.6\;"C:\Software\Java\jdk1.8.0_151\bin;";C:\Software\unzip\apache-maven-3.3.9\bin;C:\WINDOWS\system32;C:\WINDOWS;C:\WINDOWS\System32\Wbem;C:\WINDOWS\System32\WindowsPowerShell\v1.0\;C:\Program Files (x86)\Intel\Intel(R) Management Engine Components\DAL;C:\Program Files\Intel\Intel(R) Management Engine Components\DAL;C:\Program Files (x86)\Intel\Intel(R) Management Engine Components\IPT;C:\Program Files\Intel\Intel(R) Management Engine Components\IPT;C:\WINDOWS\System32\OpenSSH\;C:\Program Files\Intel\WiFi\bin\;C:\Program Files\Common Files\Intel\WirelessCommon\;C:\Software\nodejs\;C:\Software\nodejs\;C:\Software\PuTTY\;C:\Users\zzd16\AppData\Local\Microsoft\WindowsApps;C:\Users\zzd16\AppData\Roaming\npm;C:\Users\zzd16\AppData\Local\GitHubDesktop\bin;.]
2019-01-27 21:04:03.031 INFO [localhost-startStop-1] DirectJDKLog.java #log():180 --- Initializing Spring embedded WebApplicationContext
2019-01-27 21:04:03.031 INFO [localhost-startStop-1] ServletWebServerApplicationContext.java #prepareWebApplicationContext():285 --- Root WebApplicationContext: initialization completed in 2412 ms
2019-01-27 21:04:03.218 INFO [localhost-startStop-1] ServletRegistrationBean.java #addRegistration():185 --- Servlet dispatcherServlet mapped to [/]
2019-01-27 21:04:03.234 INFO [localhost-startStop-1] AbstractFilterRegistrationBean.java #configure():243 --- Mapping filter: 'characterEncodingFilter' to: [/*]
2019-01-27 21:04:03.234 INFO [localhost-startStop-1] AbstractFilterRegistrationBean.java #configure():243 --- Mapping filter: 'hiddenHttpMethodFilter' to: [/*]
2019-01-27 21:04:03.234 INFO [localhost-startStop-1] AbstractFilterRegistrationBean.java #configure():243 --- Mapping filter: 'httpPutFormContentFilter' to: [/*]
2019-01-27 21:04:03.234 INFO [localhost-startStop-1] AbstractFilterRegistrationBean.java #configure():243 --- Mapping filter: 'requestContextFilter' to: [/*]
2019-01-27 21:04:03.468 INFO [main] HikariDataSource.java #getConnection():110 --- HikariPool-1 - Starting...
2019-01-27 21:04:03.734 INFO [main] HikariDataSource.java #getConnection():123 --- HikariPool-1 - Start completed.
2019-01-27 21:04:03.812 INFO [main] LocalContainerEntityManagerFactoryBean.java #createNativeEntityManagerFactory():361 --- Building JPA container EntityManagerFactory for persistence unit 'default'
2019-01-27 21:04:03.843 INFO [main] LogHelper.java #logPersistenceUnitInformation():31 --- HHH000204: Processing PersistenceUnitInfo [
	name: default
	...]
2019-01-27 21:04:03.999 INFO [main] Version.java #logVersion():45 --- HHH000412: Hibernate Core {5.2.14.Final}
2019-01-27 21:04:03.999 INFO [main] Environment.java #<clinit>():213 --- HHH000206: hibernate.properties not found
2019-01-27 21:04:04.062 INFO [main] JavaReflectionManager.java #<clinit>():66 --- HCANN000001: Hibernate Commons Annotations {5.0.1.Final}
2019-01-27 21:04:04.290 INFO [main] Dialect.java #<init>():157 --- HHH000400: Using dialect: org.hibernate.dialect.MySQL5Dialect
2019-01-27 21:04:05.032 INFO [main] AbstractEntityManagerFactoryBean.java #buildNativeEntityManagerFactory():394 --- Initialized JPA EntityManagerFactory for persistence unit 'default'
2019-01-27 21:04:05.705 INFO [main] QueryTranslatorFactoryInitiator.java #initiateService():47 --- HHH000397: Using ASTQueryTranslatorFactory
2019-01-27 21:04:06.360 INFO [main] RequestMappingHandlerAdapter.java #initControllerAdviceCache():567 --- Looking for @ControllerAdvice: org.springframework.boot.web.servlet.context.AnnotationConfigServletWebServerApplicationContext@c333c60: startup date [Sun Jan 27 21:04:00 CST 2019]; root of context hierarchy
2019-01-27 21:04:06.423 WARN [main] JpaBaseConfiguration$JpaWebConfiguration$JpaWebMvcConfiguration.java #openEntityManagerInViewInterceptor():235 --- spring.jpa.open-in-view is enabled by default. Therefore, database queries may be performed during view rendering. Explicitly configure spring.jpa.open-in-view to disable this warning
2019-01-27 21:04:06.485 INFO [main] AbstractHandlerMethodMapping$MappingRegistry.java #register():548 --- Mapped "{[/admin/category/add],methods=[GET]}" onto public jack.project.mmall.common.ServerResponse<jack.project.mmall.entity.Category> jack.project.mmall.controller.backend.CategoryAdminController.addCategory(java.lang.String,java.lang.Integer,javax.servlet.http.HttpSession)
2019-01-27 21:04:06.485 INFO [main] AbstractHandlerMethodMapping$MappingRegistry.java #register():548 --- Mapped "{[/admin/category/get_all_child_categories],methods=[POST]}" onto public jack.project.mmall.common.ServerResponse<java.util.Set<java.lang.Integer>> jack.project.mmall.controller.backend.CategoryAdminController.getCategoryIdAndAllChildCategoryIds(javax.servlet.http.HttpSession,java.lang.Integer)
2019-01-27 21:04:06.485 INFO [main] AbstractHandlerMethodMapping$MappingRegistry.java #register():548 --- Mapped "{[/admin/category/get_child_category],methods=[GET]}" onto public jack.project.mmall.common.ServerResponse<java.util.List<jack.project.mmall.entity.Category>> jack.project.mmall.controller.backend.CategoryAdminController.getChildrenCategories(javax.servlet.http.HttpSession,java.lang.Integer)
2019-01-27 21:04:06.485 INFO [main] AbstractHandlerMethodMapping$MappingRegistry.java #register():548 --- Mapped "{[/admin/category/update],methods=[GET]}" onto public jack.project.mmall.common.ServerResponse<jack.project.mmall.entity.Category> jack.project.mmall.controller.backend.CategoryAdminController.updateCategoryName(javax.servlet.http.HttpSession,java.lang.Integer,java.lang.String)
2019-01-27 21:04:06.485 INFO [main] AbstractHandlerMethodMapping$MappingRegistry.java #register():548 --- Mapped "{[/admin/product/status],methods=[GET]}" onto public jack.project.mmall.common.ServerResponse<jack.project.mmall.entity.Product> jack.project.mmall.controller.backend.ProductManageController.setProductStatus(javax.servlet.http.HttpSession,java.lang.Integer,java.lang.Integer)
2019-01-27 21:04:06.485 INFO [main] AbstractHandlerMethodMapping$MappingRegistry.java #register():548 --- Mapped "{[/admin/product/product_details],methods=[GET]}" onto public jack.project.mmall.common.ServerResponse<jack.project.mmall.vo.ProductVO> jack.project.mmall.controller.backend.ProductManageController.getProductDetatil(java.lang.Integer)
2019-01-27 21:04:06.485 INFO [main] AbstractHandlerMethodMapping$MappingRegistry.java #register():548 --- Mapped "{[/admin/product/save_update],methods=[POST]}" onto public jack.project.mmall.common.ServerResponse<jack.project.mmall.entity.Product> jack.project.mmall.controller.backend.ProductManageController.saveOrUpdateProduct(javax.servlet.http.HttpSession,jack.project.mmall.entity.Product,java.lang.Boolean)
2019-01-27 21:04:06.485 INFO [main] AbstractHandlerMethodMapping$MappingRegistry.java #register():548 --- Mapped "{[/user/register],methods=[POST],consumes=[application/json],produces=[application/json]}" onto public jack.project.mmall.common.ServerResponse<java.lang.Integer> jack.project.mmall.controller.portal.UserController.register(jack.project.mmall.entity.User)
2019-01-27 21:04:06.485 INFO [main] AbstractHandlerMethodMapping$MappingRegistry.java #register():548 --- Mapped "{[/user/getUserInfo],methods=[GET],consumes=[application/json],produces=[application/json]}" onto public jack.project.mmall.common.ServerResponse<jack.project.mmall.entity.User> jack.project.mmall.controller.portal.UserController.getUserInfo(javax.servlet.http.HttpSession)
2019-01-27 21:04:06.485 INFO [main] AbstractHandlerMethodMapping$MappingRegistry.java #register():548 --- Mapped "{[/user/logout],methods=[GET],consumes=[application/json],produces=[application/json]}" onto public jack.project.mmall.common.ServerResponse<java.lang.String> jack.project.mmall.controller.portal.UserController.logout(javax.servlet.http.HttpServletRequest)
2019-01-27 21:04:06.485 INFO [main] AbstractHandlerMethodMapping$MappingRegistry.java #register():548 --- Mapped "{[/user/forgetPassword/answer],methods=[POST],consumes=[application/json],produces=[application/json]}" onto public jack.project.mmall.common.ServerResponse<java.lang.String> jack.project.mmall.controller.portal.UserController.checkAnswer(java.util.Map<java.lang.String, java.lang.String>)
2019-01-27 21:04:06.501 INFO [main] AbstractHandlerMethodMapping$MappingRegistry.java #register():548 --- Mapped "{[/user/login],methods=[POST],consumes=[application/json],produces=[application/json]}" onto public jack.project.mmall.common.ServerResponse<jack.project.mmall.entity.User> jack.project.mmall.controller.portal.UserController.login(java.util.Map<java.lang.String, java.lang.String>,javax.servlet.http.HttpSession)
2019-01-27 21:04:06.501 INFO [main] AbstractHandlerMethodMapping$MappingRegistry.java #register():548 --- Mapped "{[/user/getUserDetails],methods=[GET],consumes=[application/json],produces=[application/json]}" onto public jack.project.mmall.common.ServerResponse<jack.project.mmall.entity.User> jack.project.mmall.controller.portal.UserController.getUserDetails(javax.servlet.http.HttpSession)
2019-01-27 21:04:06.501 INFO [main] AbstractHandlerMethodMapping$MappingRegistry.java #register():548 --- Mapped "{[/user/forgetPassword/question],methods=[POST],consumes=[application/json],produces=[application/json]}" onto public jack.project.mmall.common.ServerResponse<java.lang.String> jack.project.mmall.controller.portal.UserController.getQuestion(java.util.Map<java.lang.String, java.lang.String>)
2019-01-27 21:04:06.501 INFO [main] AbstractHandlerMethodMapping$MappingRegistry.java #register():548 --- Mapped "{[/user/isValid],methods=[POST],consumes=[application/json],produces=[application/json]}" onto public jack.project.mmall.common.ServerResponse<java.lang.Boolean> jack.project.mmall.controller.portal.UserController.checkValid(java.util.Map<java.lang.String, java.lang.String>)
2019-01-27 21:04:06.501 INFO [main] AbstractHandlerMethodMapping$MappingRegistry.java #register():548 --- Mapped "{[/user/updateUser],methods=[POST],consumes=[application/json],produces=[application/json]}" onto public jack.project.mmall.common.ServerResponse<jack.project.mmall.entity.User> jack.project.mmall.controller.portal.UserController.updateUser(javax.servlet.http.HttpSession,jack.project.mmall.entity.User)
2019-01-27 21:04:06.501 INFO [main] AbstractHandlerMethodMapping$MappingRegistry.java #register():548 --- Mapped "{[/user/resetPassword],methods=[POST],consumes=[application/json],produces=[application/json]}" onto public jack.project.mmall.common.ServerResponse<java.lang.String> jack.project.mmall.controller.portal.UserController.resetPassword(javax.servlet.http.HttpSession,java.util.Map<java.lang.String, java.lang.String>)
2019-01-27 21:04:06.501 INFO [main] AbstractHandlerMethodMapping$MappingRegistry.java #register():548 --- Mapped "{[/user/forgetPassword/reset],methods=[POST],consumes=[application/json],produces=[application/json]}" onto public jack.project.mmall.common.ServerResponse<java.lang.String> jack.project.mmall.controller.portal.UserController.resetPasswordForget(java.util.Map<java.lang.String, java.lang.String>)
2019-01-27 21:04:06.516 INFO [main] AbstractHandlerMethodMapping$MappingRegistry.java #register():548 --- Mapped "{[/error]}" onto public org.springframework.http.ResponseEntity<java.util.Map<java.lang.String, java.lang.Object>> org.springframework.boot.autoconfigure.web.servlet.error.BasicErrorController.error(javax.servlet.http.HttpServletRequest)
2019-01-27 21:04:06.516 INFO [main] AbstractHandlerMethodMapping$MappingRegistry.java #register():548 --- Mapped "{[/error],produces=[text/html]}" onto public org.springframework.web.servlet.ModelAndView org.springframework.boot.autoconfigure.web.servlet.error.BasicErrorController.errorHtml(javax.servlet.http.HttpServletRequest,javax.servlet.http.HttpServletResponse)
2019-01-27 21:04:06.563 INFO [main] AbstractUrlHandlerMapping.java #registerHandler():373 --- Mapped URL path [/webjars/**] onto handler of type [class org.springframework.web.servlet.resource.ResourceHttpRequestHandler]
2019-01-27 21:04:06.563 INFO [main] AbstractUrlHandlerMapping.java #registerHandler():373 --- Mapped URL path [/**] onto handler of type [class org.springframework.web.servlet.resource.ResourceHttpRequestHandler]
2019-01-27 21:04:06.626 INFO [main] AbstractUrlHandlerMapping.java #registerHandler():373 --- Mapped URL path [/**/favicon.ico] onto handler of type [class org.springframework.web.servlet.resource.ResourceHttpRequestHandler]
2019-01-27 21:04:06.907 INFO [main] MBeanExporter.java #afterSingletonsInstantiated():434 --- Registering beans for JMX exposure on startup
2019-01-27 21:04:06.907 INFO [main] MBeanExporter.java #autodetect():896 --- Bean with name 'dataSource' has been autodetected for JMX exposure
2019-01-27 21:04:06.907 INFO [main] MBeanExporter.java #registerBeanInstance():669 --- Located MBean 'dataSource': registering with JMX server as MBean [com.zaxxer.hikari:name=dataSource,type=HikariDataSource]
2019-01-27 21:04:06.923 INFO [main] DirectJDKLog.java #log():180 --- Starting ProtocolHandler ["http-nio-8080"]
2019-01-27 21:04:06.954 INFO [main] DirectJDKLog.java #log():180 --- Using a shared selector for servlet write/read
2019-01-27 21:04:06.969 INFO [main] TomcatWebServer.java #start():205 --- Tomcat started on port(s): 8080 (http) with context path ''
2019-01-27 21:04:06.985 INFO [main] StartupInfoLogger.java #logStarted():59 --- Started MmallApp in 6.959 seconds (JVM running for 8.166)
